Added Component: Designator=C1(0603PKG)
Added Component: Designator=C2(0603PKG)
Added Component: Designator=C3(0603PKG)
Added Component: Designator=C4(0603PKG)
Added Component: Designator=C5(C0805)
Added Component: Designator=C6(3216X18N)
Added Component: Designator=C7(0603PKG)
Added Component: Designator=C8(0603PKG)
Added Component: Designator=C9(0603PKG)
Added Component: Designator=C10(3216X18N)
Added Component: Designator=C11(3216X18N)
Added Component: Designator=C12(0603PKG)
Added Component: Designator=C13(0603PKG)
Added Component: Designator=C14(0603PKG)
Added Component: Designator=C15(0603PKG)
Added Component: Designator=C16(0603PKG)
Added Component: Designator=C17(0603PKG)
Added Component: Designator=C20(0603PKG)
Added Component: Designator=C21(0603PKG)
Added Component: Designator=C22(0603PKG)
Added Component: Designator=C23(0603PKG)
Added Component: Designator=C24(C1206)
Added Component: Designator=C25(C1206)
Added Component: Designator=C26(0603PKG)
Added Component: Designator=C27(C1206)
Added Component: Designator=C28(C1206)
Added Component: Designator=C29(0603PKG)
Added Component: Designator=C30(0603PKG)
Added Component: Designator=C31(0603PKG)
Added Component: Designator=C32(0603PKG)
Added Component: Designator=C33(C0805)
Added Component: Designator=C34(C0805)
Added Component: Designator=C35(0603PKG)
Added Component: Designator=C36(0603PKG)
Added Component: Designator=C37(0603PKG)
Added Component: Designator=C38(0603PKG)
Added Component: Designator=C39(0603PKG)
Added Component: Designator=C40(0603PKG)
Added Component: Designator=C41(C0805)
Added Component: Designator=C42(C0805)
Added Component: Designator=C43(C0805)
Added Component: Designator=C44(C0805)
Added Component: Designator=C45(C0805)
Added Component: Designator=C46(0603PKG)
Added Component: Designator=C47(0603PKG)
Added Component: Designator=C48(0603PKG)
Added Component: Designator=C49(0603PKG)
Added Component: Designator=C50(0603PKG)
Added Component: Designator=C51(0603PKG)
Added Component: Designator=C52(0603PKG)
Added Component: Designator=C53(0603PKG)
Added Component: Designator=C54(0603PKG)
Added Component: Designator=C55(0603PKG)
Added Component: Designator=C56(0603PKG)
Added Component: Designator=C57(0603PKG)
Added Component: Designator=C58(0603PKG)
Added Component: Designator=C59(0603PKG)
Added Component: Designator=C60(0603PKG)
Added Component: Designator=C61(0402)
Added Component: Designator=C62(C0805)
Added Component: Designator=C63(C0805)
Added Component: Designator=C64(C0805)
Added Component: Designator=C65(C0805)
Added Component: Designator=C66(C0805)
Added Component: Designator=C67(C0805)
Added Component: Designator=C68(C0805)
Added Component: Designator=C69(0402)
Added Component: Designator=C70(C0805)
Added Component: Designator=C71(C0805)
Added Component: Designator=C72(C0805)
Added Component: Designator=C73(0402)
Added Component: Designator=C74(0402)
Added Component: Designator=C75(C0805)
Added Component: Designator=C76(C0805)
Added Component: Designator=C77(C0805)
Added Component: Designator=C78(C0805)
Added Component: Designator=C79(0402)
Added Component: Designator=C80(0402)
Added Component: Designator=C81(0402)
Added Component: Designator=C82(0402)
Added Component: Designator=C83(C0805)
Added Component: Designator=C84(C0805)
Added Component: Designator=C85(C0805)
Added Component: Designator=C86(C0805)
Added Component: Designator=C87(0402)
Added Component: Designator=C88(0402)
Added Component: Designator=C89(C0805)
Added Component: Designator=C90(0603PKG)
Added Component: Designator=C91(0603PKG)
Added Component: Designator=C92(0603PKG)
Added Component: Designator=D1(C0805)
Added Component: Designator=D2(C0805)
Added Component: Designator=J1(PCI-32bit-5/3.3V-V2.2)
Added Component: Designator=L1(CAPM3216X18N)
Added Component: Designator=L2(C0805)
Added Component: Designator=L3(C0805)
Added Component: Designator=L4(C0805)
Added Component: Designator=L5(C0805)
Added Component: Designator=LAN1(RJ45)
Added Component: Designator=P2(Mini USB)
Added Component: Designator=P3(HDR1X6)
Added Component: Designator=P?(HDR1X2)
Added Component: Designator=Q1(SOT23)
Added Component: Designator=Q2(SOT23)
Added Component: Designator=R1(C0805)
Added Component: Designator=R2(C0805)
Added Component: Designator=R3(C0805)
Added Component: Designator=R4(C0805)
Added Component: Designator=R5(CAC-50P205X105-8M)
Added Component: Designator=R6(C0805)
Added Component: Designator=R7(CAC-50P205X105-8M)
Added Component: Designator=R8(C0805)
Added Component: Designator=R9(C0805)
Added Component: Designator=R10(C0805)
Added Component: Designator=R11(C0805)
Added Component: Designator=R12(C0805)
Added Component: Designator=R13(C0805)
Added Component: Designator=R14(C0805)
Added Component: Designator=R15(C0805)
Added Component: Designator=R16(C0805)
Added Component: Designator=R17(C0805)
Added Component: Designator=R18(C0805)
Added Component: Designator=R21(0603PKG)
Added Component: Designator=R22(0603PKG)
Added Component: Designator=R23(0603PKG)
Added Component: Designator=R24(0603PKG)
Added Component: Designator=R25(0603PKG)
Added Component: Designator=R26(0603PKG)
Added Component: Designator=R27(C0805)
Added Component: Designator=R28(0603PKG)
Added Component: Designator=R29(0603PKG)
Added Component: Designator=R30(0603PKG)
Added Component: Designator=R31(0603PKG)
Added Component: Designator=R32(0603PKG)
Added Component: Designator=R33(0603PKG)
Added Component: Designator=R34(0603PKG)
Added Component: Designator=R35(0603PKG)
Added Component: Designator=R36(0603PKG)
Added Component: Designator=R37(0603PKG)
Added Component: Designator=R38(0603PKG)
Added Component: Designator=R39(0603PKG)
Added Component: Designator=R40(0603PKG)
Added Component: Designator=R41(0603PKG)
Added Component: Designator=R42(0603PKG)
Added Component: Designator=R43(0603PKG)
Added Component: Designator=R44(0603PKG)
Added Component: Designator=R45(0603PKG)
Added Component: Designator=R46(0603PKG)
Added Component: Designator=R47(0603PKG)
Added Component: Designator=R48(0603PKG)
Added Component: Designator=R49(0603PKG)
Added Component: Designator=R50(0603PKG)
Added Component: Designator=R51(0603PKG)
Added Component: Designator=R52(0603PKG)
Added Component: Designator=R53(0603PKG)
Added Component: Designator=R54(0603PKG)
Added Component: Designator=R55(0603PKG)
Added Component: Designator=R56(0603PKG)
Added Component: Designator=R57(0603PKG)
Added Component: Designator=R58(0603PKG)
Added Component: Designator=R59(0603PKG)
Added Component: Designator=R60(0603PKG)
Added Component: Designator=R61(0603PKG)
Added Component: Designator=R61(0603PKG)
Added Component: Designator=R62(0603PKG)
Added Component: Designator=R63(0603PKG)
Added Component: Designator=R64(0603PKG)
Added Component: Designator=R65(0603PKG)
Added Component: Designator=R66(0603PKG)
Added Component: Designator=R67(0603PKG)
Added Component: Designator=R68(0603PKG)
Added Component: Designator=R69(0603PKG)
Added Component: Designator=R70(0603PKG)
Added Component: Designator=R71(0603PKG)
Added Component: Designator=R72(0603PKG)
Added Component: Designator=R73(0603PKG)
Added Component: Designator=R74(0603PKG)
Added Component: Designator=R75(0603PKG)
Added Component: Designator=S1(Slide switch)
Added Component: Designator=S2(SMD push button)
Added Component: Designator=TP2(TP_15)
Added Component: Designator=TP3(TP_15)
Added Component: Designator=TP4(TP_15)
Added Component: Designator=TP5(TP_15)
Added Component: Designator=U1(LQFP48)
Added Component: Designator=U2(Crystal5x7)
Added Component: Designator=U4(SOT23-6)
Added Component: Designator=U5(QFN16-4*4*0.65)
Added Component: Designator=U6(SOT23-5)
Added Component: Designator=U7(SOT23-5)
Added Component: Designator=U8(SOT23-5)
Added Component: Designator=U9(TSSOP-48-DGG)
Added Component: Designator=U10(TSSOP-48-DGG)
Added Component: Designator=U11(TSSOP-48-DGG)
Added Component: Designator=U12(SOT457)
Added Component: Designator=U13(8S1_N)
Added Component: Designator=U14(LQFP-64_N)
Added Component: Designator=U15(TQG144)
Added Component: Designator=U16(Crystal5x7)
Added Component: Designator=U17(SSOP8)
Added Component: Designator=Y1(SMD_Crystal)
Added Pin To Net: NetName=NetC1_1 Pin=C1-1
Added Pin To Net: NetName=GND Pin=C1-2
Added Pin To Net: NetName=NetC2_1 Pin=C2-1
Added Pin To Net: NetName=GND Pin=C2-2
Added Pin To Net: NetName=VCC_3V3 Pin=C3-1
Added Pin To Net: NetName=GND Pin=C3-2
Added Pin To Net: NetName=GND Pin=C4-1
Added Pin To Net: NetName=VCC_3V3 Pin=C4-2
Added Pin To Net: NetName=GND Pin=C5-1
Added Pin To Net: NetName=NetC5_2 Pin=C5-2
Added Pin To Net: NetName=NetC6_1 Pin=C6-1
Added Pin To Net: NetName=GND Pin=C6-2
Added Pin To Net: NetName=GND Pin=C7-1
Added Pin To Net: NetName=NetC6_1 Pin=C7-2
Added Pin To Net: NetName=GND Pin=C8-1
Added Pin To Net: NetName=NetC6_1 Pin=C8-2
Added Pin To Net: NetName=GND Pin=C9-1
Added Pin To Net: NetName=NetC6_1 Pin=C9-2
Added Pin To Net: NetName=VCC_3V3 Pin=C10-1
Added Pin To Net: NetName=GND Pin=C10-2
Added Pin To Net: NetName=VCC_3V3 Pin=C11-1
Added Pin To Net: NetName=GND Pin=C11-2
Added Pin To Net: NetName=GND Pin=C12-1
Added Pin To Net: NetName=VCC_3V3 Pin=C12-2
Added Pin To Net: NetName=GND Pin=C13-1
Added Pin To Net: NetName=VCC_3V3 Pin=C13-2
Added Pin To Net: NetName=GND Pin=C14-1
Added Pin To Net: NetName=VCC_3V3 Pin=C14-2
Added Pin To Net: NetName=GND Pin=C15-1
Added Pin To Net: NetName=VCC_3V3 Pin=C15-2
Added Pin To Net: NetName=GND Pin=C16-1
Added Pin To Net: NetName=VCC_3V3 Pin=C16-2
Added Pin To Net: NetName=GND Pin=C17-1
Added Pin To Net: NetName=VCC_3V3 Pin=C17-2
Added Pin To Net: NetName=VCC_BAT Pin=C20-1
Added Pin To Net: NetName=ADC_BAT Pin=C20-2
Added Pin To Net: NetName=GND Pin=C21-1
Added Pin To Net: NetName=VDD Pin=C21-2
Added Pin To Net: NetName=GND Pin=C22-1
Added Pin To Net: NetName=VDD Pin=C22-2
Added Pin To Net: NetName=GND Pin=C23-1
Added Pin To Net: NetName=VCC_BAT Pin=C23-2
Added Pin To Net: NetName=VDD Pin=C24-1
Added Pin To Net: NetName=GND Pin=C24-2
Added Pin To Net: NetName=VDD Pin=C25-1
Added Pin To Net: NetName=GND Pin=C25-2
Added Pin To Net: NetName=NetC26_1 Pin=C26-1
Added Pin To Net: NetName=NetC26_2 Pin=C26-2
Added Pin To Net: NetName=NetC26_1 Pin=C27-1
Added Pin To Net: NetName=GND Pin=C27-2
Added Pin To Net: NetName=NetC26_1 Pin=C28-1
Added Pin To Net: NetName=GND Pin=C28-2
Added Pin To Net: NetName=VDD Pin=C29-1
Added Pin To Net: NetName=GND Pin=C29-2
Added Pin To Net: NetName=VCC_1V8 Pin=C30-1
Added Pin To Net: NetName=GND Pin=C30-2
Added Pin To Net: NetName=NetC31_1 Pin=C31-1
Added Pin To Net: NetName=GND Pin=C31-2
Added Pin To Net: NetName=VCC_1V8 Pin=C32-1
Added Pin To Net: NetName=NetC32_2 Pin=C32-2
Added Pin To Net: NetName=VCC_BACKUP Pin=C33-1
Added Pin To Net: NetName=GND Pin=C33-2
Added Pin To Net: NetName=VCC_BAT Pin=C34-1
Added Pin To Net: NetName=GND Pin=C34-2
Added Pin To Net: NetName=VCC_3V3_BAT Pin=C35-1
Added Pin To Net: NetName=GND Pin=C35-2
Added Pin To Net: NetName=VCC_BAT Pin=C36-1
Added Pin To Net: NetName=GND Pin=C36-2
Added Pin To Net: NetName=VCC_3V3_BAT Pin=C37-1
Added Pin To Net: NetName=NetC37_2 Pin=C37-2
Added Pin To Net: NetName=GND Pin=C38-1
Added Pin To Net: NetName=5V0 Pin=C38-2
Added Pin To Net: NetName=GND Pin=C39-1
Added Pin To Net: NetName=5V0 Pin=C39-2
Added Pin To Net: NetName=GND Pin=C40-1
Added Pin To Net: NetName=5V0 Pin=C40-2
Added Pin To Net: NetName=NetC41_1 Pin=C41-1
Added Pin To Net: NetName=NetC41_2 Pin=C41-2
Added Pin To Net: NetName=GND Pin=C42-1
Added Pin To Net: NetName=5V0_USB Pin=C42-2
Added Pin To Net: NetName=GND Pin=C43-1
Added Pin To Net: NetName=NetC43_2 Pin=C43-2
Added Pin To Net: NetName=GND Pin=C44-1
Added Pin To Net: NetName=VCC_3V3 Pin=C44-2
Added Pin To Net: NetName=GND Pin=C45-1
Added Pin To Net: NetName=FT_VCORE Pin=C45-2
Added Pin To Net: NetName=GND Pin=C46-1
Added Pin To Net: NetName=VCC_3V3 Pin=C46-2
Added Pin To Net: NetName=GND Pin=C47-1
Added Pin To Net: NetName=VCC_3V3 Pin=C47-2
Added Pin To Net: NetName=GND Pin=C48-1
Added Pin To Net: NetName=VCC_3V3 Pin=C48-2
Added Pin To Net: NetName=GND Pin=C49-1
Added Pin To Net: NetName=VCC_3V3 Pin=C49-2
Added Pin To Net: NetName=GND Pin=C50-1
Added Pin To Net: NetName=VCC_3V3 Pin=C50-2
Added Pin To Net: NetName=GND Pin=C51-1
Added Pin To Net: NetName=FT_VCORE Pin=C51-2
Added Pin To Net: NetName=GND Pin=C52-1
Added Pin To Net: NetName=FT_VCORE Pin=C52-2
Added Pin To Net: NetName=GND Pin=C53-1
Added Pin To Net: NetName=FT_VCORE Pin=C53-2
Added Pin To Net: NetName=GND Pin=C54-1
Added Pin To Net: NetName=FT_VPLL Pin=C54-2
Added Pin To Net: NetName=GND Pin=C55-1
Added Pin To Net: NetName=FT_VPLL Pin=C55-2
Added Pin To Net: NetName=GND Pin=C56-1
Added Pin To Net: NetName=FT_VPHY Pin=C56-2
Added Pin To Net: NetName=GND Pin=C57-1
Added Pin To Net: NetName=FT_VPHY Pin=C57-2
Added Pin To Net: NetName=GND Pin=C58-1
Added Pin To Net: NetName=NetC58_2 Pin=C58-2
Added Pin To Net: NetName=GND Pin=C59-1
Added Pin To Net: NetName=NetC59_2 Pin=C59-2
Added Pin To Net: NetName=GND Pin=C60-1
Added Pin To Net: NetName=VCC_3V3 Pin=C60-2
Added Pin To Net: NetName=M0 Pin=C61-1
Added Pin To Net: NetName=GND Pin=C61-2
Added Pin To Net: NetName=M0 Pin=C62-1
Added Pin To Net: NetName=GND Pin=C62-2
Added Pin To Net: NetName=M0 Pin=C63-1
Added Pin To Net: NetName=GND Pin=C63-2
Added Pin To Net: NetName=M0 Pin=C64-1
Added Pin To Net: NetName=GND Pin=C64-2
Added Pin To Net: NetName=M0 Pin=C65-1
Added Pin To Net: NetName=GND Pin=C65-2
Added Pin To Net: NetName=M0 Pin=C66-1
Added Pin To Net: NetName=GND Pin=C66-2
Added Pin To Net: NetName=M0 Pin=C67-1
Added Pin To Net: NetName=GND Pin=C67-2
Added Pin To Net: NetName=M0 Pin=C68-1
Added Pin To Net: NetName=GND Pin=C68-2
Added Pin To Net: NetName=VCCINT Pin=C69-1
Added Pin To Net: NetName=GND Pin=C69-2
Added Pin To Net: NetName=VCCINT Pin=C70-1
Added Pin To Net: NetName=GND Pin=C70-2
Added Pin To Net: NetName=VCCINT Pin=C71-1
Added Pin To Net: NetName=GND Pin=C71-2
Added Pin To Net: NetName=VCCINT Pin=C72-1
Added Pin To Net: NetName=GND Pin=C72-2
Added Pin To Net: NetName=VCC-B0 Pin=C73-1
Added Pin To Net: NetName=GND Pin=C73-2
Added Pin To Net: NetName=VCC-B0 Pin=C74-1
Added Pin To Net: NetName=GND Pin=C74-2
Added Pin To Net: NetName=VCC-B0 Pin=C75-1
Added Pin To Net: NetName=GND Pin=C75-2
Added Pin To Net: NetName=VCC-B0 Pin=C76-1
Added Pin To Net: NetName=GND Pin=C76-2
Added Pin To Net: NetName=VCC-B1 Pin=C77-1
Added Pin To Net: NetName=GND Pin=C77-2
Added Pin To Net: NetName=VCC-B1 Pin=C78-1
Added Pin To Net: NetName=GND Pin=C78-2
Added Pin To Net: NetName=VCC-B1 Pin=C79-1
Added Pin To Net: NetName=GND Pin=C79-2
Added Pin To Net: NetName=VCC-B1 Pin=C80-1
Added Pin To Net: NetName=GND Pin=C80-2
Added Pin To Net: NetName=M0 Pin=C81-1
Added Pin To Net: NetName=GND Pin=C81-2
Added Pin To Net: NetName=M0 Pin=C82-1
Added Pin To Net: NetName=GND Pin=C82-2
Added Pin To Net: NetName=M0 Pin=C83-1
Added Pin To Net: NetName=GND Pin=C83-2
Added Pin To Net: NetName=M0 Pin=C84-1
Added Pin To Net: NetName=GND Pin=C84-2
Added Pin To Net: NetName=VCC-B3 Pin=C85-1
Added Pin To Net: NetName=GND Pin=C85-2
Added Pin To Net: NetName=VCC-B3 Pin=C86-1
Added Pin To Net: NetName=GND Pin=C86-2
Added Pin To Net: NetName=VCC-B3 Pin=C87-1
Added Pin To Net: NetName=GND Pin=C87-2
Added Pin To Net: NetName=VCC-B3 Pin=C88-1
Added Pin To Net: NetName=GND Pin=C88-2
Added Pin To Net: NetName=GND Pin=C89-1
Added Pin To Net: NetName=PROGRAM_B Pin=C89-2
Added Pin To Net: NetName=GND Pin=C90-1
Added Pin To Net: NetName=VCC_3V3 Pin=C90-2
Added Pin To Net: NetName=GND Pin=C91-1
Added Pin To Net: NetName=VCC_3V3 Pin=C91-2
Added Pin To Net: NetName=M0 Pin=C92-1
Added Pin To Net: NetName=GND Pin=C92-2
Added Pin To Net: NetName=NetD1_1 Pin=D1-1
Added Pin To Net: NetName=GND Pin=D1-2
Added Pin To Net: NetName=DONE Pin=D2-1
Added Pin To Net: NetName=NetD2_2 Pin=D2-2
Added Pin To Net: NetName=GND Pin=J1-A18
Added Pin To Net: NetName=GND Pin=J1-A24
Added Pin To Net: NetName=GND Pin=J1-A30
Added Pin To Net: NetName=GND Pin=J1-A35
Added Pin To Net: NetName=GND Pin=J1-A37
Added Pin To Net: NetName=GND Pin=J1-A42
Added Pin To Net: NetName=GND Pin=J1-A48
Added Pin To Net: NetName=GND Pin=J1-A56
Added Pin To Net: NetName=GND Pin=J1-B3
Added Pin To Net: NetName=GND Pin=J1-B15
Added Pin To Net: NetName=GND Pin=J1-B17
Added Pin To Net: NetName=GND Pin=J1-B22
Added Pin To Net: NetName=GND Pin=J1-B28
Added Pin To Net: NetName=GND Pin=J1-B34
Added Pin To Net: NetName=GND Pin=J1-B38
Added Pin To Net: NetName=GND Pin=J1-B46
Added Pin To Net: NetName=GND Pin=J1-B49
Added Pin To Net: NetName=GND Pin=J1-B57
Added Pin To Net: NetName=NetL1_1 Pin=L1-1
Added Pin To Net: NetName=NetC26_1 Pin=L1-2
Added Pin To Net: NetName=NetC41_2 Pin=L2-1
Added Pin To Net: NetName=5V0_USB Pin=L2-2
Added Pin To Net: NetName=NetC41_1 Pin=L3-1
Added Pin To Net: NetName=GND Pin=L3-2
Added Pin To Net: NetName=VCC_3V3 Pin=L4-1
Added Pin To Net: NetName=FT_VPLL Pin=L4-2
Added Pin To Net: NetName=VCC_3V3 Pin=L5-1
Added Pin To Net: NetName=FT_VPHY Pin=L5-2
Added Pin To Net: NetName=TX_P Pin=LAN1-1
Added Pin To Net: NetName=TX_N Pin=LAN1-2
Added Pin To Net: NetName=RX_P Pin=LAN1-3
Added Pin To Net: NetName=VCC_3V3 Pin=LAN1-4
Added Pin To Net: NetName=VCC_3V3 Pin=LAN1-5
Added Pin To Net: NetName=RX_N Pin=LAN1-6
Added Pin To Net: NetName=NetC5_2 Pin=LAN1-8
Added Pin To Net: NetName=NetLAN1_9 Pin=LAN1-9
Added Pin To Net: NetName=LINK_LED Pin=LAN1-10
Added Pin To Net: NetName=ACT_LED Pin=LAN1-11
Added Pin To Net: NetName=NetLAN1_12 Pin=LAN1-12
Added Pin To Net: NetName=NetC41_2 Pin=P2-1
Added Pin To Net: NetName=NetP2_2 Pin=P2-2
Added Pin To Net: NetName=NetP2_3 Pin=P2-3
Added Pin To Net: NetName=NetC41_1 Pin=P2-5
Added Pin To Net: NetName=NetC43_2 Pin=P2-6
Added Pin To Net: NetName=NetC43_2 Pin=P2-7
Added Pin To Net: NetName=NetC43_2 Pin=P2-8
Added Pin To Net: NetName=NetC43_2 Pin=P2-9
Added Pin To Net: NetName=M0 Pin=P3-1
Added Pin To Net: NetName=NetP3_2 Pin=P3-2
Added Pin To Net: NetName=NetP3_3 Pin=P3-3
Added Pin To Net: NetName=NetP3_4 Pin=P3-4
Added Pin To Net: NetName=NetP3_5 Pin=P3-5
Added Pin To Net: NetName=GND Pin=P3-6
Added Pin To Net: NetName=BUS_EN Pin=P?-1
Added Pin To Net: NetName=GND Pin=P?-2
Added Pin To Net: NetName=PWRSTAT Pin=Q1-1
Added Pin To Net: NetName=VDD Pin=Q1-2
Added Pin To Net: NetName=5V0 Pin=Q1-3
Added Pin To Net: NetName=NetQ2_1 Pin=Q2-1
Added Pin To Net: NetName=VDD Pin=Q2-2
Added Pin To Net: NetName=VCC_BAT Pin=Q2-3
Added Pin To Net: NetName=RX_N Pin=R1-1
Added Pin To Net: NetName=NetC1_1 Pin=R1-2
Added Pin To Net: NetName=RX_P Pin=R2-1
Added Pin To Net: NetName=NetC1_1 Pin=R2-2
Added Pin To Net: NetName=TX_N Pin=R3-1
Added Pin To Net: NetName=NetC2_1 Pin=R3-2
Added Pin To Net: NetName=TX_P Pin=R4-1
Added Pin To Net: NetName=NetC2_1 Pin=R4-2
Added Pin To Net: NetName=NetR5_1 Pin=R5-1
Added Pin To Net: NetName=NetR5_2 Pin=R5-2
Added Pin To Net: NetName=NetR5_4 Pin=R5-4
Added Pin To Net: NetName=ETXEN Pin=R5-5
Added Pin To Net: NetName=ETX1 Pin=R5-7
Added Pin To Net: NetName=ETX0 Pin=R5-8
Added Pin To Net: NetName=NetR6_1 Pin=R6-1
Added Pin To Net: NetName=ACT_LED Pin=R6-2
Added Pin To Net: NetName=ERXDV Pin=R7-1
Added Pin To Net: NetName=ERXER Pin=R7-2
Added Pin To Net: NetName=ERX0 Pin=R7-3
Added Pin To Net: NetName=ERX1 Pin=R7-4
Added Pin To Net: NetName=NetR7_5 Pin=R7-5
Added Pin To Net: NetName=NetR7_6 Pin=R7-6
Added Pin To Net: NetName=NetR7_7 Pin=R7-7
Added Pin To Net: NetName=NetR7_8 Pin=R7-8
Added Pin To Net: NetName=NetR8_1 Pin=R8-1
Added Pin To Net: NetName=LINK_LED Pin=R8-2
Added Pin To Net: NetName=EMDC Pin=R9-1
Added Pin To Net: NetName=VCC_3V3 Pin=R9-2
Added Pin To Net: NetName=VCC_3V3 Pin=R10-1
Added Pin To Net: NetName=NetLAN1_9 Pin=R10-2
Added Pin To Net: NetName=VCC_3V3 Pin=R11-1
Added Pin To Net: NetName=EMDIO Pin=R11-2
Added Pin To Net: NetName=VCC_3V3 Pin=R12-1
Added Pin To Net: NetName=NetLAN1_12 Pin=R12-2
Added Pin To Net: NetName=NetR13_1 Pin=R13-1
Added Pin To Net: NetName=VCC_3V3 Pin=R13-2
Added Pin To Net: NetName=ETXCK Pin=R14-1
Added Pin To Net: NetName=OSC_50 Pin=R14-2
Added Pin To Net: NetName=ETXCK Pin=R15-1
Added Pin To Net: NetName=NetR15_2 Pin=R15-2
Added Pin To Net: NetName=VCC_3V3 Pin=R16-1
Added Pin To Net: NetName=NetR16_2 Pin=R16-2
Added Pin To Net: NetName=VCC_3V3 Pin=R17-1
Added Pin To Net: NetName=NetR17_2 Pin=R17-2
Added Pin To Net: NetName=GND Pin=R18-1
Added Pin To Net: NetName=NetR18_2 Pin=R18-2
Added Pin To Net: NetName=VBUS Pin=R21-1
Added Pin To Net: NetName=5V0 Pin=R21-2
Added Pin To Net: NetName=ADC_BAT Pin=R22-1
Added Pin To Net: NetName=VCC_BAT Pin=R22-2
Added Pin To Net: NetName=GND Pin=R23-1
Added Pin To Net: NetName=VBUS Pin=R23-2
Added Pin To Net: NetName=GND Pin=R24-1
Added Pin To Net: NetName=ADC_BAT Pin=R24-2
Added Pin To Net: NetName=PWRSTAT Pin=R25-1
Added Pin To Net: NetName=VDD Pin=R25-2
Added Pin To Net: NetName=GND Pin=R26-1
Added Pin To Net: NetName=NetR26_2 Pin=R26-2
Added Pin To Net: NetName=VCC_3V3 Pin=R27-1
Added Pin To Net: NetName=NetC26_1 Pin=R27-2
Added Pin To Net: NetName=LBI Pin=R28-1
Added Pin To Net: NetName=VCC_BAT Pin=R28-2
Added Pin To Net: NetName=LBI Pin=R29-1
Added Pin To Net: NetName=GND Pin=R29-2
Added Pin To Net: NetName=REG_LBO Pin=R30-1
Added Pin To Net: NetName=NetC26_1 Pin=R30-2
Added Pin To Net: NetName=NetC26_1 Pin=R31-1
Added Pin To Net: NetName=REG_PG Pin=R31-2
Added Pin To Net: NetName=NetC26_2 Pin=R32-1
Added Pin To Net: NetName=NetC26_1 Pin=R32-2
Added Pin To Net: NetName=SYNC Pin=R33-1
Added Pin To Net: NetName=VDD Pin=R33-2
Added Pin To Net: NetName=SYNC Pin=R34-1
Added Pin To Net: NetName=GND Pin=R34-2
Added Pin To Net: NetName=GND Pin=R35-1
Added Pin To Net: NetName=NetC26_2 Pin=R35-2
Added Pin To Net: NetName=SYNC Pin=R36-1
Added Pin To Net: NetName=REG_SYNC Pin=R36-2
Added Pin To Net: NetName=REG_LBO Pin=R37-1
Added Pin To Net: NetName=LBI Pin=R37-2
Added Pin To Net: NetName=NetC31_1 Pin=R38-1
Added Pin To Net: NetName=VCC_BAT Pin=R38-2
Added Pin To Net: NetName=NetC31_1 Pin=R39-1
Added Pin To Net: NetName=VCC_3V3 Pin=R39-2
Added Pin To Net: NetName=NetR40_1 Pin=R40-1
Added Pin To Net: NetName=NetC31_1 Pin=R40-2
Added Pin To Net: NetName=NetC32_2 Pin=R41-1
Added Pin To Net: NetName=VCC_1V8 Pin=R41-2
Added Pin To Net: NetName=NetR42_1 Pin=R42-1
Added Pin To Net: NetName=VCC_BAT Pin=R42-2
Added Pin To Net: NetName=GND Pin=R43-1
Added Pin To Net: NetName=NetC32_2 Pin=R43-2
Added Pin To Net: NetName=NetR44_1 Pin=R44-1
Added Pin To Net: NetName=VCC_BACKUP Pin=R44-2
Added Pin To Net: NetName=GND Pin=R45-1
Added Pin To Net: NetName=NetR44_1 Pin=R45-2
Added Pin To Net: NetName=NetR46_1 Pin=R46-1
Added Pin To Net: NetName=VCC_BAT Pin=R46-2
Added Pin To Net: NetName=NetC37_2 Pin=R47-1
Added Pin To Net: NetName=VCC_3V3_BAT Pin=R47-2
Added Pin To Net: NetName=GND Pin=R48-1
Added Pin To Net: NetName=NetC37_2 Pin=R48-2
Added Pin To Net: NetName=TCK Pin=R49-1
Added Pin To Net: NetName=NetR49_2 Pin=R49-2
Added Pin To Net: NetName=TDI Pin=R50-1
Added Pin To Net: NetName=NetR50_2 Pin=R50-2
Added Pin To Net: NetName=TDO Pin=R51-1
Added Pin To Net: NetName=NetR51_2 Pin=R51-2
Added Pin To Net: NetName=TMS Pin=R52-1
Added Pin To Net: NetName=NetR52_2 Pin=R52-2
Added Pin To Net: NetName=NetD1_1 Pin=R53-1
Added Pin To Net: NetName=5V0_USB Pin=R53-2
Added Pin To Net: NetName=NetR54_1 Pin=R54-1
Added Pin To Net: NetName=VCC_3V3 Pin=R54-2
Added Pin To Net: NetName=NetR55_1 Pin=R55-1
Added Pin To Net: NetName=GND Pin=R55-2
Added Pin To Net: NetName=VCC_3V3 Pin=R56-1
Added Pin To Net: NetName=EECS Pin=R56-2
Added Pin To Net: NetName=VCC_3V3 Pin=R57-1
Added Pin To Net: NetName=EECLK Pin=R57-2
Added Pin To Net: NetName=VCC_3V3 Pin=R58-1
Added Pin To Net: NetName=NetR58_2 Pin=R58-2
Added Pin To Net: NetName=NetR58_2 Pin=R59-1
Added Pin To Net: NetName=EEDATA Pin=R59-2
Added Pin To Net: NetName=GND Pin=R60-1
Added Pin To Net: NetName=NetR60_2 Pin=R60-2
Added Pin To Net: NetName=BUS_EN Pin=R61-1
Added Pin To Net: NetName=PROGRAM_B Pin=R61-1
Added Pin To Net: NetName=5V0 Pin=R61-2
Added Pin To Net: NetName=M0 Pin=R61-2
Added Pin To Net: NetName=DONE Pin=R62-1
Added Pin To Net: NetName=M0 Pin=R62-2
Added Pin To Net: NetName=NetP3_5 Pin=R63-1
Added Pin To Net: NetName=M0 Pin=R63-2
Added Pin To Net: NetName=NetP3_4 Pin=R64-1
Added Pin To Net: NetName=M0 Pin=R64-2
Added Pin To Net: NetName=NetP3_3 Pin=R65-1
Added Pin To Net: NetName=M0 Pin=R65-2
Added Pin To Net: NetName=NetP3_2 Pin=R66-1
Added Pin To Net: NetName=M0 Pin=R66-2
Added Pin To Net: NetName=GND Pin=R67-1
Added Pin To Net: NetName=NetD2_2 Pin=R67-2
Added Pin To Net: NetName=NetP3_2 Pin=R68-1
Added Pin To Net: NetName=TCK Pin=R68-2
Added Pin To Net: NetName=NetP3_3 Pin=R69-1
Added Pin To Net: NetName=TDI Pin=R69-2
Added Pin To Net: NetName=NetP3_4 Pin=R70-1
Added Pin To Net: NetName=TDO Pin=R70-2
Added Pin To Net: NetName=NetP3_5 Pin=R71-1
Added Pin To Net: NetName=TMS Pin=R71-2
Added Pin To Net: NetName=NetR72_1 Pin=R72-1
Added Pin To Net: NetName=M0 Pin=R72-2
Added Pin To Net: NetName=M0 Pin=R73-1
Added Pin To Net: NetName=M1 Pin=R73-2
Added Pin To Net: NetName=GND Pin=R74-1
Added Pin To Net: NetName=M1 Pin=R74-2
Added Pin To Net: NetName=M0 Pin=R75-1
Added Pin To Net: NetName=C\S\O\ Pin=R75-2
Added Pin To Net: NetName=VDD Pin=S1-1
Added Pin To Net: NetName=PWE_EN Pin=S1-2
Added Pin To Net: NetName=GND Pin=S1-3
Added Pin To Net: NetName=GND Pin=S2-1
Added Pin To Net: NetName=PROGRAM_B Pin=S2-2
Added Pin To Net: NetName=VDD Pin=TP2-1
Added Pin To Net: NetName=VCC_BAT Pin=TP3-1
Added Pin To Net: NetName=NetC26_1 Pin=TP4-1
Added Pin To Net: NetName=GND Pin=TP5-1
Added Pin To Net: NetName=NetR5_4 Pin=U1-2
Added Pin To Net: NetName=NetR5_1 Pin=U1-3
Added Pin To Net: NetName=NetR5_2 Pin=U1-4
Added Pin To Net: NetName=EMDINTR Pin=U1-7
Added Pin To Net: NetName=TX_P Pin=U1-13
Added Pin To Net: NetName=TX_N Pin=U1-14
Added Pin To Net: NetName=GND Pin=U1-15
Added Pin To Net: NetName=RX_P Pin=U1-16
Added Pin To Net: NetName=RX_N Pin=U1-17
Added Pin To Net: NetName=NetC6_1 Pin=U1-18
Added Pin To Net: NetName=GND Pin=U1-19
Added Pin To Net: NetName=NetR17_2 Pin=U1-20
Added Pin To Net: NetName=NetR16_2 Pin=U1-21
Added Pin To Net: NetName=VCC_3V3 Pin=U1-22
Added Pin To Net: NetName=NetC6_1 Pin=U1-23
Added Pin To Net: NetName=NetR18_2 Pin=U1-24
Added Pin To Net: NetName=NetR15_2 Pin=U1-25
Added Pin To Net: NetName=NetR6_1 Pin=U1-26
Added Pin To Net: NetName=NetR8_1 Pin=U1-28
Added Pin To Net: NetName=NRST Pin=U1-29
Added Pin To Net: NetName=EMDIO Pin=U1-30
Added Pin To Net: NetName=EMDC Pin=U1-31
Added Pin To Net: NetName=VCC_3V3 Pin=U1-32
Added Pin To Net: NetName=OSC_50 Pin=U1-34
Added Pin To Net: NetName=GND Pin=U1-35
Added Pin To Net: NetName=GND Pin=U1-36
Added Pin To Net: NetName=NetC6_1 Pin=U1-37
Added Pin To Net: NetName=NetR13_1 Pin=U1-39
Added Pin To Net: NetName=NetR7_8 Pin=U1-40
Added Pin To Net: NetName=NetR7_7 Pin=U1-41
Added Pin To Net: NetName=NetR7_6 Pin=U1-43
Added Pin To Net: NetName=NetR7_5 Pin=U1-44
Added Pin To Net: NetName=GND Pin=U1-47
Added Pin To Net: NetName=VCC_3V3 Pin=U1-48
Added Pin To Net: NetName=VCC_3V3 Pin=U2-1
Added Pin To Net: NetName=GND Pin=U2-2
Added Pin To Net: NetName=OSC_50 Pin=U2-3
Added Pin To Net: NetName=VCC_3V3 Pin=U2-4
Added Pin To Net: NetName=VCC_BAT Pin=U4-1
Added Pin To Net: NetName=GND Pin=U4-2
Added Pin To Net: NetName=NetR26_2 Pin=U4-3
Added Pin To Net: NetName=PWRSTAT Pin=U4-4
Added Pin To Net: NetName=NetQ2_1 Pin=U4-5
Added Pin To Net: NetName=VDD Pin=U4-6
Added Pin To Net: NetName=GND Pin=U5-1
Added Pin To Net: NetName=VDD Pin=U5-2
Added Pin To Net: NetName=VDD Pin=U5-3
Added Pin To Net: NetName=PWE_EN Pin=U5-4
Added Pin To Net: NetName=SYNC Pin=U5-5
Added Pin To Net: NetName=REG_LBO Pin=U5-6
Added Pin To Net: NetName=LBI Pin=U5-7
Added Pin To Net: NetName=VDD Pin=U5-8
Added Pin To Net: NetName=GND Pin=U5-9
Added Pin To Net: NetName=NetC26_2 Pin=U5-10
Added Pin To Net: NetName=GND Pin=U5-11
Added Pin To Net: NetName=GND Pin=U5-12
Added Pin To Net: NetName=REG_PG Pin=U5-13
Added Pin To Net: NetName=NetL1_1 Pin=U5-14
Added Pin To Net: NetName=NetL1_1 Pin=U5-15
Added Pin To Net: NetName=GND Pin=U5-16
Added Pin To Net: NetName=GND Pin=U5-17
Added Pin To Net: NetName=NetC31_1 Pin=U6-1
Added Pin To Net: NetName=GND Pin=U6-2
Added Pin To Net: NetName=NetR40_1 Pin=U6-3
Added Pin To Net: NetName=NetC32_2 Pin=U6-4
Added Pin To Net: NetName=VCC_1V8 Pin=U6-5
Added Pin To Net: NetName=VCC_BAT Pin=U7-1
Added Pin To Net: NetName=GND Pin=U7-2
Added Pin To Net: NetName=NetR42_1 Pin=U7-3
Added Pin To Net: NetName=NetR44_1 Pin=U7-4
Added Pin To Net: NetName=VCC_BACKUP Pin=U7-5
Added Pin To Net: NetName=VCC_BAT Pin=U8-1
Added Pin To Net: NetName=GND Pin=U8-2
Added Pin To Net: NetName=NetR46_1 Pin=U8-3
Added Pin To Net: NetName=NetC37_2 Pin=U8-4
Added Pin To Net: NetName=VCC_3V3_BAT Pin=U8-5
Added Pin To Net: NetName=GND Pin=U9-8
Added Pin To Net: NetName=5V0 Pin=U9-15
Added Pin To Net: NetName=GND Pin=U9-18
Added Pin To Net: NetName=GND Pin=U9-32
Added Pin To Net: NetName=GND Pin=U9-41
Added Pin To Net: NetName=BUS_EN Pin=U9-47
Added Pin To Net: NetName=BUS_EN Pin=U9-48
Added Pin To Net: NetName=GND Pin=U10-8
Added Pin To Net: NetName=5V0 Pin=U10-15
Added Pin To Net: NetName=GND Pin=U10-18
Added Pin To Net: NetName=GND Pin=U10-32
Added Pin To Net: NetName=GND Pin=U10-41
Added Pin To Net: NetName=BUS_EN Pin=U10-47
Added Pin To Net: NetName=BUS_EN Pin=U10-48
Added Pin To Net: NetName=GND Pin=U11-8
Added Pin To Net: NetName=5V0 Pin=U11-15
Added Pin To Net: NetName=GND Pin=U11-18
Added Pin To Net: NetName=GND Pin=U11-32
Added Pin To Net: NetName=GND Pin=U11-41
Added Pin To Net: NetName=BUS_EN Pin=U11-47
Added Pin To Net: NetName=BUS_EN Pin=U11-48
Added Pin To Net: NetName=USB_P Pin=U12-1
Added Pin To Net: NetName=NetC41_1 Pin=U12-2
Added Pin To Net: NetName=USB_N Pin=U12-3
Added Pin To Net: NetName=NetP2_2 Pin=U12-4
Added Pin To Net: NetName=NetC41_2 Pin=U12-5
Added Pin To Net: NetName=NetP2_3 Pin=U12-6
Added Pin To Net: NetName=EECS Pin=U13-1
Added Pin To Net: NetName=EECLK Pin=U13-2
Added Pin To Net: NetName=EEDATA Pin=U13-3
Added Pin To Net: NetName=NetR58_2 Pin=U13-4
Added Pin To Net: NetName=GND Pin=U13-5
Added Pin To Net: NetName=VCC_3V3 Pin=U13-6
Added Pin To Net: NetName=GND Pin=U13-7
Added Pin To Net: NetName=VCC_3V3 Pin=U13-8
Added Pin To Net: NetName=GND Pin=U14-1
Added Pin To Net: NetName=NetC58_2 Pin=U14-2
Added Pin To Net: NetName=NetC59_2 Pin=U14-3
Added Pin To Net: NetName=FT_VPHY Pin=U14-4
Added Pin To Net: NetName=GND Pin=U14-5
Added Pin To Net: NetName=NetR55_1 Pin=U14-6
Added Pin To Net: NetName=USB_N Pin=U14-7
Added Pin To Net: NetName=USB_P Pin=U14-8
Added Pin To Net: NetName=FT_VPLL Pin=U14-9
Added Pin To Net: NetName=GND Pin=U14-10
Added Pin To Net: NetName=GND Pin=U14-11
Added Pin To Net: NetName=FT_VCORE Pin=U14-12
Added Pin To Net: NetName=GND Pin=U14-13
Added Pin To Net: NetName=NetR54_1 Pin=U14-14
Added Pin To Net: NetName=GND Pin=U14-15
Added Pin To Net: NetName=NetR49_2 Pin=U14-16
Added Pin To Net: NetName=NetR50_2 Pin=U14-17
Added Pin To Net: NetName=NetR51_2 Pin=U14-18
Added Pin To Net: NetName=NetR52_2 Pin=U14-19
Added Pin To Net: NetName=VCC_3V3 Pin=U14-20
Added Pin To Net: NetName=GND Pin=U14-25
Added Pin To Net: NetName=VCC_3V3 Pin=U14-31
Added Pin To Net: NetName=GND Pin=U14-35
Added Pin To Net: NetName=FT_VCORE Pin=U14-37
Added Pin To Net: NetName=VCC_3V3 Pin=U14-42
Added Pin To Net: NetName=GND Pin=U14-47
Added Pin To Net: NetName=FT_VCORE Pin=U14-49
Added Pin To Net: NetName=VCC_3V3 Pin=U14-50
Added Pin To Net: NetName=GND Pin=U14-51
Added Pin To Net: NetName=VCC_3V3 Pin=U14-56
Added Pin To Net: NetName=EEDATA Pin=U14-61
Added Pin To Net: NetName=EECLK Pin=U14-62
Added Pin To Net: NetName=EECS Pin=U14-63
Added Pin To Net: NetName=FT_VCORE Pin=U14-64
Added Pin To Net: NetName=GND Pin=U15-3
Added Pin To Net: NetName=VCC-B3 Pin=U15-4
Added Pin To Net: NetName=GND Pin=U15-13
Added Pin To Net: NetName=VCC-B3 Pin=U15-18
Added Pin To Net: NetName=VCCINT Pin=U15-19
Added Pin To Net: NetName=M0 Pin=U15-20
Added Pin To Net: NetName=GND Pin=U15-25
Added Pin To Net: NetName=VCCINT Pin=U15-28
Added Pin To Net: NetName=VCC-B3 Pin=U15-31
Added Pin To Net: NetName=M0 Pin=U15-36
Added Pin To Net: NetName=PROGRAM_B Pin=U15-37
Added Pin To Net: NetName=C\S\O\ Pin=U15-38
Added Pin To Net: NetName=NetR72_1 Pin=U15-39
Added Pin To Net: NetName=M0 Pin=U15-42
Added Pin To Net: NetName=GND Pin=U15-49
Added Pin To Net: NetName=VCCINT Pin=U15-52
Added Pin To Net: NetName=M0 Pin=U15-53
Added Pin To Net: NetName=GND Pin=U15-54
Added Pin To Net: NetName=CLK_50MHZ Pin=U15-56
Added Pin To Net: NetName=M1 Pin=U15-60
Added Pin To Net: NetName=M0 Pin=U15-63
Added Pin To Net: NetName=MOSI Pin=U15-64
Added Pin To Net: NetName=MISO Pin=U15-65
Added Pin To Net: NetName=GND Pin=U15-68
Added Pin To Net: NetName=M0 Pin=U15-69
Added Pin To Net: NetName=CCLK Pin=U15-70
Added Pin To Net: NetName=DONE Pin=U15-71
Added Pin To Net: NetName=NetR60_2 Pin=U15-73
Added Pin To Net: NetName=VCC-B1 Pin=U15-76
Added Pin To Net: NetName=GND Pin=U15-77
Added Pin To Net: NetName=VCC-B1 Pin=U15-86
Added Pin To Net: NetName=VCCINT Pin=U15-89
Added Pin To Net: NetName=M0 Pin=U15-90
Added Pin To Net: NetName=GND Pin=U15-91
Added Pin To Net: NetName=GND Pin=U15-96
Added Pin To Net: NetName=VCC-B1 Pin=U15-103
Added Pin To Net: NetName=TDO Pin=U15-106
Added Pin To Net: NetName=TMS Pin=U15-107
Added Pin To Net: NetName=GND Pin=U15-108
Added Pin To Net: NetName=TCK Pin=U15-109
Added Pin To Net: NetName=TDI Pin=U15-110
Added Pin To Net: NetName=GND Pin=U15-113
Added Pin To Net: NetName=VCC-B0 Pin=U15-122
Added Pin To Net: NetName=VCC-B0 Pin=U15-125
Added Pin To Net: NetName=VCCINT Pin=U15-128
Added Pin To Net: NetName=M0 Pin=U15-129
Added Pin To Net: NetName=GND Pin=U15-130
Added Pin To Net: NetName=VCC-B0 Pin=U15-135
Added Pin To Net: NetName=GND Pin=U15-136
Added Pin To Net: NetName=VCC_3V3 Pin=U16-1
Added Pin To Net: NetName=GND Pin=U16-2
Added Pin To Net: NetName=CLK_50MHZ Pin=U16-3
Added Pin To Net: NetName=VCC_3V3 Pin=U16-4
Added Pin To Net: NetName=C\S\O\ Pin=U17-1
Added Pin To Net: NetName=MISO Pin=U17-2
Added Pin To Net: NetName=GND Pin=U17-4
Added Pin To Net: NetName=MOSI Pin=U17-5
Added Pin To Net: NetName=CCLK Pin=U17-6
Added Pin To Net: NetName=M0 Pin=U17-8
Added Pin To Net: NetName=NetC59_2 Pin=Y1-1
Added Pin To Net: NetName=NetC58_2 Pin=Y1-2
Added Pin To Net: NetName=5V0_PCI Pin=J1-A5
Added Pin To Net: NetName=5V0_PCI Pin=J1-A8
Added Pin To Net: NetName=5V0_PCI Pin=J1-A61
Added Pin To Net: NetName=5V0_PCI Pin=J1-A62
Added Pin To Net: NetName=5V0_PCI Pin=J1-B5
Added Pin To Net: NetName=5V0_PCI Pin=J1-B6
Added Pin To Net: NetName=5V0_PCI Pin=J1-B61
Added Pin To Net: NetName=5V0_PCI Pin=J1-B62
Added Net: Name=5V0_PCI
Added Pin To Net: NetName=AD0 Pin=J1-A58
Added Net: Name=AD0
Added Pin To Net: NetName=AD1 Pin=J1-B58
Added Net: Name=AD1
Added Pin To Net: NetName=AD2 Pin=J1-A57
Added Net: Name=AD2
Added Pin To Net: NetName=AD3 Pin=J1-B56
Added Net: Name=AD3
Added Pin To Net: NetName=AD4 Pin=J1-A55
Added Net: Name=AD4
Added Pin To Net: NetName=AD5 Pin=J1-B55
Added Net: Name=AD5
Added Pin To Net: NetName=AD6 Pin=J1-A54
Added Net: Name=AD6
Added Pin To Net: NetName=AD7 Pin=J1-B53
Added Net: Name=AD7
Added Pin To Net: NetName=AD8 Pin=J1-B52
Added Pin To Net: NetName=AD8 Pin=U10-7
Added Net: Name=AD8
Added Pin To Net: NetName=AD9 Pin=J1-A49
Added Net: Name=AD9
Added Pin To Net: NetName=AD10 Pin=J1-B48
Added Net: Name=AD10
Added Pin To Net: NetName=AD11 Pin=J1-A47
Added Net: Name=AD11
Added Pin To Net: NetName=AD12 Pin=J1-B47
Added Net: Name=AD12
Added Pin To Net: NetName=AD13 Pin=J1-A46
Added Net: Name=AD13
Added Pin To Net: NetName=AD14 Pin=J1-B45
Added Net: Name=AD14
Added Pin To Net: NetName=AD15 Pin=J1-A44
Added Net: Name=AD15
Added Pin To Net: NetName=AD16 Pin=J1-A32
Added Net: Name=AD16
Added Pin To Net: NetName=AD17 Pin=J1-B32
Added Net: Name=AD17
Added Pin To Net: NetName=AD18 Pin=J1-A31
Added Net: Name=AD18
Added Pin To Net: NetName=AD19 Pin=J1-B30
Added Net: Name=AD19
Added Pin To Net: NetName=AD20 Pin=J1-A29
Added Net: Name=AD20
Added Pin To Net: NetName=AD21 Pin=J1-B29
Added Net: Name=AD21
Added Pin To Net: NetName=AD22 Pin=J1-A28
Added Net: Name=AD22
Added Pin To Net: NetName=AD23 Pin=J1-B27
Added Net: Name=AD23
Added Pin To Net: NetName=AD24 Pin=J1-A25
Added Net: Name=AD24
Added Pin To Net: NetName=AD25 Pin=J1-B24
Added Net: Name=AD25
Added Pin To Net: NetName=AD26 Pin=J1-A23
Added Net: Name=AD26
Added Pin To Net: NetName=AD27 Pin=J1-B23
Added Net: Name=AD27
Added Pin To Net: NetName=AD28 Pin=J1-A22
Added Net: Name=AD28
Added Pin To Net: NetName=AD29 Pin=J1-B21
Added Net: Name=AD29
Added Pin To Net: NetName=AD30 Pin=J1-A20
Added Net: Name=AD30
Added Pin To Net: NetName=AD31 Pin=J1-B20
Added Net: Name=AD31
Added Pin To Net: NetName=C/BE0 Pin=J1-A52
Added Net: Name=C/BE0
Added Pin To Net: NetName=C/BE1 Pin=J1-B44
Added Net: Name=C/BE1
Added Pin To Net: NetName=C/BE2 Pin=J1-B33
Added Net: Name=C/BE2
Added Pin To Net: NetName=C/BE3 Pin=J1-B26
Added Net: Name=C/BE3
Added Pin To Net: NetName=DEVSEL Pin=J1-B37
Added Net: Name=DEVSEL
Added Pin To Net: NetName=FRAME Pin=J1-A34
Added Net: Name=FRAME
Added Pin To Net: NetName=GNT Pin=J1-A17
Added Net: Name=GNT
Added Pin To Net: NetName=IDSEL Pin=J1-A26
Added Net: Name=IDSEL
Added Pin To Net: NetName=INTA Pin=J1-A6
Added Net: Name=INTA
Added Pin To Net: NetName=IRDY Pin=J1-B35
Added Net: Name=IRDY
Added Pin To Net: NetName=PAR Pin=J1-A43
Added Net: Name=PAR
Added Pin To Net: NetName=PCI_CLK Pin=J1-B16
Added Pin To Net: NetName=PCI_CLK Pin=U10-2
Added Net: Name=PCI_CLK
Added Pin To Net: NetName=PCI_RSTN Pin=J1-A15
Added Pin To Net: NetName=PCI_RSTN Pin=U10-3
Added Net: Name=PCI_RSTN
Added Pin To Net: NetName=PCI_VIO Pin=J1-A59
Added Net: Name=PCI_VIO
Added Pin To Net: NetName=PERR Pin=J1-B40
Added Net: Name=PERR
Added Pin To Net: NetName=REQ Pin=J1-B18
Added Net: Name=REQ
Added Pin To Net: NetName=SERR Pin=J1-B42
Added Net: Name=SERR
Added Pin To Net: NetName=STOP Pin=J1-A38
Added Net: Name=STOP
Added Pin To Net: NetName=TRDY Pin=J1-A36
Added Net: Name=TRDY
Added Class: Name=AD[31..0]
Added Member To Class: ClassName=Network Member=Component C1 Cap
Added Member To Class: ClassName=Network Member=Component C2 Cap
Added Member To Class: ClassName=Network Member=Component C3 Cap
Added Member To Class: ClassName=Network Member=Component C4 Cap
Added Member To Class: ClassName=Network Member=Component C5 Cap
Added Member To Class: ClassName=Network Member=Component C6 Cap Pol3
Added Member To Class: ClassName=Network Member=Component C7 Cap
Added Member To Class: ClassName=Network Member=Component C8 Cap
Added Member To Class: ClassName=Network Member=Component C9 Cap
Added Member To Class: ClassName=Network Member=Component C10 Cap Pol3
Added Member To Class: ClassName=Network Member=Component C11 Cap Pol3
Added Member To Class: ClassName=Network Member=Component C12 Cap
Added Member To Class: ClassName=Network Member=Component C13 Cap
Added Member To Class: ClassName=Network Member=Component C14 Cap
Added Member To Class: ClassName=Network Member=Component C15 Cap
Added Member To Class: ClassName=Network Member=Component C16 Cap
Added Member To Class: ClassName=Network Member=Component C17 Cap
Added Member To Class: ClassName=Power Member=Component C20 Cap Semi
Added Member To Class: ClassName=Power Member=Component C21 Cap
Added Member To Class: ClassName=Power Member=Component C22 Cap
Added Member To Class: ClassName=Power Member=Component C23 Cap
Added Member To Class: ClassName=Regulator Member=Component C24 Cap Semi
Added Member To Class: ClassName=Regulator Member=Component C25 Cap Semi
Added Member To Class: ClassName=Regulator Member=Component C26 Cap Semi
Added Member To Class: ClassName=Regulator Member=Component C27 Cap Semi
Added Member To Class: ClassName=Regulator Member=Component C28 Cap Semi
Added Member To Class: ClassName=Regulator Member=Component C29 Cap Semi
Added Member To Class: ClassName=Regulator Member=Component C30 Cap Semi
Added Member To Class: ClassName=Regulator Member=Component C31 Cap Semi
Added Member To Class: ClassName=Regulator Member=Component C32 Cap Semi
Added Member To Class: ClassName=Regulator Member=Component C33 Cap Semi
Added Member To Class: ClassName=Regulator Member=Component C34 Cap Semi
Added Member To Class: ClassName=Regulator Member=Component C35 Cap Semi
Added Member To Class: ClassName=Regulator Member=Component C36 Cap Semi
Added Member To Class: ClassName=Regulator Member=Component C37 Cap Semi
Added Member To Class: ClassName=Bus-switch Member=Component C38 Cap Semi
Added Member To Class: ClassName=Bus-switch Member=Component C39 Cap Semi
Added Member To Class: ClassName=Bus-switch Member=Component C40 Cap Semi
Added Member To Class: ClassName=Programmer-JTAG Member=Component C41 Cap
Added Member To Class: ClassName=Programmer-JTAG Member=Component C42 Cap
Added Member To Class: ClassName=Programmer-JTAG Member=Component C43 Cap
Added Member To Class: ClassName=Programmer-JTAG Member=Component C44 Cap
Added Member To Class: ClassName=Programmer-JTAG Member=Component C45 Cap
Added Member To Class: ClassName=Programmer-JTAG Member=Component C46 Cap Semi
Added Member To Class: ClassName=Programmer-JTAG Member=Component C47 Cap Semi
Added Member To Class: ClassName=Programmer-JTAG Member=Component C48 Cap Semi
Added Member To Class: ClassName=Programmer-JTAG Member=Component C49 Cap Semi
Added Member To Class: ClassName=Programmer-JTAG Member=Component C50 Cap Semi
Added Member To Class: ClassName=Programmer-JTAG Member=Component C51 Cap Semi
Added Member To Class: ClassName=Programmer-JTAG Member=Component C52 Cap Semi
Added Member To Class: ClassName=Programmer-JTAG Member=Component C53 Cap Semi
Added Member To Class: ClassName=Programmer-JTAG Member=Component C54 Cap Semi
Added Member To Class: ClassName=Programmer-JTAG Member=Component C55 Cap Semi
Added Member To Class: ClassName=Programmer-JTAG Member=Component C56 Cap Semi
Added Member To Class: ClassName=Programmer-JTAG Member=Component C57 Cap Semi
Added Member To Class: ClassName=Programmer-JTAG Member=Component C58 Cap
Added Member To Class: ClassName=Programmer-JTAG Member=Component C59 Cap
Added Member To Class: ClassName=Programmer-JTAG Member=Component C60 Cap Semi
Added Member To Class: ClassName=Spartan6-Power Member=Component C61 Cap Semi
Added Member To Class: ClassName=Spartan6-Power Member=Component C62 Cap Semi
Added Member To Class: ClassName=Spartan6-Power Member=Component C63 Cap Semi
Added Member To Class: ClassName=Spartan6-Power Member=Component C64 Cap Semi
Added Member To Class: ClassName=Spartan6-Power Member=Component C65 Cap Semi
Added Member To Class: ClassName=Spartan6-Power Member=Component C66 Cap Semi
Added Member To Class: ClassName=Spartan6-Power Member=Component C67 Cap Semi
Added Member To Class: ClassName=Spartan6-Power Member=Component C68 Cap Semi
Added Member To Class: ClassName=Spartan6-Power Member=Component C69 Cap Semi
Added Member To Class: ClassName=Spartan6-Power Member=Component C70 Cap Semi
Added Member To Class: ClassName=Spartan6-Power Member=Component C71 Cap Semi
Added Member To Class: ClassName=Spartan6-Power Member=Component C72 Cap Semi
Added Member To Class: ClassName=Spartan6-Power Member=Component C73 Cap Semi
Added Member To Class: ClassName=Spartan6-Power Member=Component C74 Cap Semi
Added Member To Class: ClassName=Spartan6-Power Member=Component C75 Cap Semi
Added Member To Class: ClassName=Spartan6-Power Member=Component C76 Cap Semi
Added Member To Class: ClassName=Spartan6-Power Member=Component C77 Cap Semi
Added Member To Class: ClassName=Spartan6-Power Member=Component C78 Cap Semi
Added Member To Class: ClassName=Spartan6-Power Member=Component C79 Cap Semi
Added Member To Class: ClassName=Spartan6-Power Member=Component C80 Cap Semi
Added Member To Class: ClassName=Spartan6-Power Member=Component C81 Cap Semi
Added Member To Class: ClassName=Spartan6-Power Member=Component C82 Cap Semi
Added Member To Class: ClassName=Spartan6-Power Member=Component C83 Cap Semi
Added Member To Class: ClassName=Spartan6-Power Member=Component C84 Cap Semi
Added Member To Class: ClassName=Spartan6-Power Member=Component C85 Cap Semi
Added Member To Class: ClassName=Spartan6-Power Member=Component C86 Cap Semi
Added Member To Class: ClassName=Spartan6-Power Member=Component C87 Cap Semi
Added Member To Class: ClassName=Spartan6-Power Member=Component C88 Cap Semi
Added Member To Class: ClassName=Spartan6-Power Member=Component C89 Cap
Added Member To Class: ClassName=Spartan6-IO23 Member=Component C90 Cap
Added Member To Class: ClassName=Spartan6-IO23 Member=Component C91 Cap
Added Member To Class: ClassName=Spartan6-IO23 Member=Component C92 Cap Semi
Added Member To Class: ClassName=Programmer-JTAG Member=Component D1 LED0
Added Member To Class: ClassName=Spartan6-Power Member=Component D2 LED0
Added Member To Class: ClassName=PCI-connector Member=Component J1 PCI-32bit-5/3.3V-V2.2
Added Member To Class: ClassName=Regulator Member=Component L1 TMPC0603H-100MG-D
Added Member To Class: ClassName=Programmer-JTAG Member=Component L2 Ferrite Bead
Added Member To Class: ClassName=Programmer-JTAG Member=Component L3 Ferrite Bead
Added Member To Class: ClassName=Programmer-JTAG Member=Component L4 Ferrite Bead
Added Member To Class: ClassName=Programmer-JTAG Member=Component L5 Ferrite Bead
Added Member To Class: ClassName=Network Member=Component LAN1 Ethernet RJ45
Added Member To Class: ClassName=Programmer-JTAG Member=Component P2 USB Serial
Added Member To Class: ClassName=Spartan6-Power Member=Component P3 JATG Header
Added Member To Class: ClassName=Bus-switch Member=Component P? Header 2
Added Member To Class: ClassName=Power Member=Component Q1 IRLML6401
Added Member To Class: ClassName=Power Member=Component Q2 IRLML6401
Added Member To Class: ClassName=Network Member=Component R1 Res Semi
Added Member To Class: ClassName=Network Member=Component R2 Res Semi
Added Member To Class: ClassName=Network Member=Component R3 Res Semi
Added Member To Class: ClassName=Network Member=Component R4 Res Semi
Added Member To Class: ClassName=Network Member=Component R5 ChipArray_4x
Added Member To Class: ClassName=Network Member=Component R6 Res Semi
Added Member To Class: ClassName=Network Member=Component R7 ChipArray_4x
Added Member To Class: ClassName=Network Member=Component R8 Res Semi
Added Member To Class: ClassName=Network Member=Component R9 Res Semi
Added Member To Class: ClassName=Network Member=Component R10 Res Semi
Added Member To Class: ClassName=Network Member=Component R11 Res Semi
Added Member To Class: ClassName=Network Member=Component R12 Res Semi
Added Member To Class: ClassName=Network Member=Component R13 Res Semi
Added Member To Class: ClassName=Network Member=Component R14 Res Semi
Added Member To Class: ClassName=Network Member=Component R15 Res Semi
Added Member To Class: ClassName=Network Member=Component R16 Res Semi
Added Member To Class: ClassName=Network Member=Component R17 Res Semi
Added Member To Class: ClassName=Network Member=Component R18 Res Semi
Added Member To Class: ClassName=Power Member=Component R21 Res Semi
Added Member To Class: ClassName=Power Member=Component R22 Res Semi
Added Member To Class: ClassName=Power Member=Component R23 Res Semi
Added Member To Class: ClassName=Power Member=Component R24 Res Semi
Added Member To Class: ClassName=Power Member=Component R25 Res Semi
Added Member To Class: ClassName=Power Member=Component R26 Res Semi
Added Member To Class: ClassName=Regulator Member=Component R27 Res1
Added Member To Class: ClassName=Regulator Member=Component R28 Res1
Added Member To Class: ClassName=Regulator Member=Component R29 Res1
Added Member To Class: ClassName=Regulator Member=Component R30 Res1
Added Member To Class: ClassName=Regulator Member=Component R31 Res1
Added Member To Class: ClassName=Regulator Member=Component R32 Res1
Added Member To Class: ClassName=Regulator Member=Component R33 Res1
Added Member To Class: ClassName=Regulator Member=Component R34 Res1
Added Member To Class: ClassName=Regulator Member=Component R35 Res1
Added Member To Class: ClassName=Regulator Member=Component R36 Res1
Added Member To Class: ClassName=Regulator Member=Component R37 Res1
Added Member To Class: ClassName=Regulator Member=Component R38 Res1
Added Member To Class: ClassName=Regulator Member=Component R39 Res1
Added Member To Class: ClassName=Regulator Member=Component R40 Res1
Added Member To Class: ClassName=Regulator Member=Component R41 Res1
Added Member To Class: ClassName=Regulator Member=Component R42 Res1
Added Member To Class: ClassName=Regulator Member=Component R43 Res1
Added Member To Class: ClassName=Regulator Member=Component R44 Res1
Added Member To Class: ClassName=Regulator Member=Component R45 Res1
Added Member To Class: ClassName=Regulator Member=Component R46 Res1
Added Member To Class: ClassName=Regulator Member=Component R47 Res1
Added Member To Class: ClassName=Regulator Member=Component R48 Res1
Added Member To Class: ClassName=Programmer-JTAG Member=Component R49 Res Semi
Added Member To Class: ClassName=Programmer-JTAG Member=Component R50 Res Semi
Added Member To Class: ClassName=Programmer-JTAG Member=Component R51 Res Semi
Added Member To Class: ClassName=Programmer-JTAG Member=Component R52 Res Semi
Added Member To Class: ClassName=Programmer-JTAG Member=Component R53 Res Semi
Added Member To Class: ClassName=Programmer-JTAG Member=Component R54 Res Semi
Added Member To Class: ClassName=Programmer-JTAG Member=Component R55 Res Semi
Added Member To Class: ClassName=Programmer-JTAG Member=Component R56 Res Semi
Added Member To Class: ClassName=Programmer-JTAG Member=Component R57 Res Semi
Added Member To Class: ClassName=Programmer-JTAG Member=Component R58 Res Semi
Added Member To Class: ClassName=Programmer-JTAG Member=Component R59 Res Semi
Added Member To Class: ClassName=Spartan6-Power Member=Component R60 Res1
Added Member To Class: ClassName=Bus-switch Member=Component R61 Res1
Added Member To Class: ClassName=Spartan6-Power Member=Component R61 Res1
Added Member To Class: ClassName=Spartan6-Power Member=Component R62 Res1
Added Member To Class: ClassName=Spartan6-Power Member=Component R63 Res Semi
Added Member To Class: ClassName=Spartan6-Power Member=Component R64 Res Semi
Added Member To Class: ClassName=Spartan6-Power Member=Component R65 Res Semi
Added Member To Class: ClassName=Spartan6-Power Member=Component R66 Res Semi
Added Member To Class: ClassName=Spartan6-Power Member=Component R67 Res1
Added Member To Class: ClassName=Spartan6-Power Member=Component R68 Res Semi
Added Member To Class: ClassName=Spartan6-Power Member=Component R69 Res Semi
Added Member To Class: ClassName=Spartan6-Power Member=Component R70 Res Semi
Added Member To Class: ClassName=Spartan6-Power Member=Component R71 Res Semi
Added Member To Class: ClassName=Spartan6-IO23 Member=Component R72 Res1
Added Member To Class: ClassName=Spartan6-IO23 Member=Component R73 Res1
Added Member To Class: ClassName=Spartan6-IO23 Member=Component R74 Res1
Added Member To Class: ClassName=Spartan6-IO23 Member=Component R75 Res1
Added Member To Class: ClassName=Regulator Member=Component S1 SW-SPDT
Added Member To Class: ClassName=Spartan6-Power Member=Component S2 SW-PB
Added Member To Class: ClassName=Power Member=Component TP2 TP
Added Member To Class: ClassName=Power Member=Component TP3 TP
Added Member To Class: ClassName=Regulator Member=Component TP4 TP
Added Member To Class: ClassName=Regulator Member=Component TP5 TP
Added Member To Class: ClassName=Network Member=Component U1 DP83848C
Added Member To Class: ClassName=Network Member=Component U2 Oscillator
Added Member To Class: ClassName=Power Member=Component U4 LTC4412
Added Member To Class: ClassName=Regulator Member=Component U5 Buck converter
Added Member To Class: ClassName=Regulator Member=Component U6 TPS73601
Added Member To Class: ClassName=Regulator Member=Component U7 TPS76301
Added Member To Class: ClassName=Regulator Member=Component U8 TPS73601
Added Member To Class: ClassName=Bus-switch Member=Component U9 SN74CBTD16210
Added Member To Class: ClassName=Bus-switch Member=Component U10 SN74CBTD16210
Added Member To Class: ClassName=Bus-switch Member=Component U11 SN74CBTD16210
Added Member To Class: ClassName=Programmer-JTAG Member=Component U12 PRTR5V0U2D
Added Member To Class: ClassName=Programmer-JTAG Member=Component U13 AT93C46DN-SP25-B
Added Member To Class: ClassName=Programmer-JTAG Member=Component U14 FT2232HL-Reel
Added Member To Class: ClassName=Spartan6-IO01 Member=Component U15 XC6SLX9-2TQG144
Added Member To Class: ClassName=Spartan6-IO23 Member=Component U16 Oscillator
Added Member To Class: ClassName=Spartan6-IO23 Member=Component U17 W25Q32FVSSIG
Added Member To Class: ClassName=Programmer-JTAG Member=Component Y1 XTAL
Added Room: Name=Bus-switch
Added Room: Name=Network
Added Room: Name=PCI-connector
Added Room: Name=Power
Added Room: Name=Programmer-JTAG
Added Room: Name=Regulator
Added Room: Name=Spartan6-IO01
Added Room: Name=Spartan6-IO23
Added Room: Name=Spartan6-Power
