Removed Pin From Net: NetName=B_AD6 Pin=U15-1
Removed Pin From Net: NetName=B_AD5 Pin=U15-2
Removed Pin From Net: NetName=B_AD4 Pin=U15-5
Removed Pin From Net: NetName=B_AD3 Pin=U15-6
Removed Pin From Net: NetName=B_AD2 Pin=U15-7
Removed Pin From Net: NetName=B_AD1 Pin=U15-8
Removed Pin From Net: NetName=B_AD0 Pin=U15-9
Removed Pin From Net: NetName=B_INTA Pin=U15-83
Removed Pin From Net: NetName=B_PCI_RSTN Pin=U15-84
Removed Pin From Net: NetName=B_PCI_CLK Pin=U15-85
Removed Pin From Net: NetName=B_GNT Pin=U15-87
Removed Pin From Net: NetName=B_REQ Pin=U15-88
Removed Pin From Net: NetName=B_AD31 Pin=U15-92
Removed Pin From Net: NetName=B_AD30 Pin=U15-93
Removed Pin From Net: NetName=B_AD29 Pin=U15-94
Removed Pin From Net: NetName=B_AD28 Pin=U15-95
Removed Pin From Net: NetName=B_AD27 Pin=U15-97
Removed Pin From Net: NetName=B_AD26 Pin=U15-98
Removed Pin From Net: NetName=B_AD25 Pin=U15-99
Removed Pin From Net: NetName=B_AD24 Pin=U15-100
Removed Pin From Net: NetName=B_C/BE3 Pin=U15-101
Removed Pin From Net: NetName=B_IDSEL Pin=U15-102
Removed Pin From Net: NetName=B_AD23 Pin=U15-104
Removed Pin From Net: NetName=B_AD22 Pin=U15-105
Removed Pin From Net: NetName=B_AD21 Pin=U15-111
Removed Pin From Net: NetName=B_AD20 Pin=U15-112
Removed Pin From Net: NetName=B_AD19 Pin=U15-114
Removed Pin From Net: NetName=B_AD18 Pin=U15-115
Removed Pin From Net: NetName=B_AD17 Pin=U15-116
Removed Pin From Net: NetName=B_AD16 Pin=U15-117
Removed Pin From Net: NetName=B_C/BE2 Pin=U15-118
Removed Pin From Net: NetName=B_FRAME Pin=U15-119
Removed Pin From Net: NetName=B_IRDY Pin=U15-120
Removed Pin From Net: NetName=B_TRDY Pin=U15-121
Removed Pin From Net: NetName=B_DEVSEL Pin=U15-123
Removed Pin From Net: NetName=B_STOP Pin=U15-124
Removed Pin From Net: NetName=B_PERR Pin=U15-126
Removed Pin From Net: NetName=B_SERR Pin=U15-127
Removed Pin From Net: NetName=B_PAR Pin=U15-131
Removed Pin From Net: NetName=B_C/BE1 Pin=U15-132
Removed Pin From Net: NetName=B_AD15 Pin=U15-133
Removed Pin From Net: NetName=B_AD14 Pin=U15-134
Removed Pin From Net: NetName=B_AD13 Pin=U15-137
Removed Pin From Net: NetName=B_AD12 Pin=U15-138
Removed Pin From Net: NetName=B_AD11 Pin=U15-139
Removed Pin From Net: NetName=B_AD10 Pin=U15-140
Removed Pin From Net: NetName=B_AD9 Pin=U15-141
Removed Pin From Net: NetName=B_AD8 Pin=U15-142
Removed Pin From Net: NetName=B_C/BE0 Pin=U15-143
Removed Pin From Net: NetName=B_AD7 Pin=U15-144
Added Pin To Net: NetName=C/BE3 Pin=U10-18
Added Pin To Net: NetName=AD15 Pin=U11-18
Added Pin To Net: NetName=B_TRDY Pin=U15-1
Added Pin To Net: NetName=B_DEVSEL Pin=U15-2
Added Pin To Net: NetName=B_STOP Pin=U15-5
Added Pin To Net: NetName=B_PERR Pin=U15-6
Added Pin To Net: NetName=B_SERR Pin=U15-7
Added Pin To Net: NetName=B_PAR Pin=U15-8
Added Pin To Net: NetName=B_C/BE1 Pin=U15-9
Added Pin To Net: NetName=B_AD15 Pin=U15-10
Added Pin To Net: NetName=B_AD14 Pin=U15-11
Added Pin To Net: NetName=B_AD13 Pin=U15-12
Added Pin To Net: NetName=B_AD12 Pin=U15-14
Added Pin To Net: NetName=B_AD11 Pin=U15-15
Added Pin To Net: NetName=B_AD10 Pin=U15-16
Added Pin To Net: NetName=B_AD9 Pin=U15-17
Added Pin To Net: NetName=B_AD8 Pin=U15-21
Added Pin To Net: NetName=B_C/BE0 Pin=U15-22
Added Pin To Net: NetName=B_AD7 Pin=U15-23
Added Pin To Net: NetName=B_AD6 Pin=U15-24
Added Pin To Net: NetName=B_AD5 Pin=U15-26
Added Pin To Net: NetName=B_AD4 Pin=U15-27
Added Pin To Net: NetName=B_AD3 Pin=U15-29
Added Pin To Net: NetName=B_AD2 Pin=U15-30
Added Pin To Net: NetName=B_AD1 Pin=U15-32
Added Pin To Net: NetName=B_AD0 Pin=U15-33
Added Pin To Net: NetName=B_INTA Pin=U15-111
Added Pin To Net: NetName=B_PCI_RSTN Pin=U15-112
Added Pin To Net: NetName=B_GNT Pin=U15-114
Added Pin To Net: NetName=B_REQ Pin=U15-115
Added Pin To Net: NetName=B_AD31 Pin=U15-116
Added Pin To Net: NetName=B_AD30 Pin=U15-117
Added Pin To Net: NetName=B_AD29 Pin=U15-118
Added Pin To Net: NetName=B_AD28 Pin=U15-119
Added Pin To Net: NetName=B_AD27 Pin=U15-120
Added Pin To Net: NetName=B_AD26 Pin=U15-121
Added Pin To Net: NetName=B_PCI_CLK Pin=U15-123
Added Pin To Net: NetName=B_AD25 Pin=U15-124
Added Pin To Net: NetName=B_AD24 Pin=U15-126
Added Pin To Net: NetName=B_C/BE3 Pin=U15-127
Added Pin To Net: NetName=B_IDSEL Pin=U15-131
Added Pin To Net: NetName=B_AD23 Pin=U15-132
Added Pin To Net: NetName=B_AD22 Pin=U15-133
Added Pin To Net: NetName=B_AD21 Pin=U15-134
Added Pin To Net: NetName=B_AD20 Pin=U15-137
Added Pin To Net: NetName=B_AD19 Pin=U15-138
Added Pin To Net: NetName=B_AD18 Pin=U15-139
Added Pin To Net: NetName=B_AD17 Pin=U15-140
Added Pin To Net: NetName=B_AD16 Pin=U15-141
Added Pin To Net: NetName=B_C/BE2 Pin=U15-142
Added Pin To Net: NetName=B_FRAME Pin=U15-143
Added Pin To Net: NetName=B_IRDY Pin=U15-144
