Added Component: Designator=C1(0603PKG)
Added Component: Designator=C2(0603PKG)
Added Component: Designator=C3(0603PKG)
Added Component: Designator=C4(0603PKG)
Added Component: Designator=C5(C0805)
Added Component: Designator=C6(C0805)
Added Component: Designator=C7(C0805)
Added Component: Designator=C8(3216X18N)
Added Component: Designator=C9(3216X18N)
Added Component: Designator=C10(0603PKG)
Added Component: Designator=C11(0603PKG)
Added Component: Designator=C12(0603PKG)
Added Component: Designator=C13(0603PKG)
Added Component: Designator=C14(3216X18N)
Added Component: Designator=C15(0603PKG)
Added Component: Designator=C16(0603PKG)
Added Component: Designator=C17(0603PKG)
Added Component: Designator=C18(0603PKG)
Added Component: Designator=C19(0603PKG)
Added Component: Designator=C20(0603PKG)
Added Component: Designator=C21(C0805)
Added Component: Designator=C22(C0805)
Added Component: Designator=C23(C0805)
Added Component: Designator=C24(C1206)
Added Component: Designator=C25(C0805)
Added Component: Designator=C26(Capacitor)
Added Component: Designator=C27(Capacitor)
Added Component: Designator=C28(C1206)
Added Component: Designator=C29(C0805)
Added Component: Designator=C30(0603PKG)
Added Component: Designator=C31(0603PKG)
Added Component: Designator=C32(0603PKG)
Added Component: Designator=C33(C0805)
Added Component: Designator=C34(C0805)
Added Component: Designator=C35(C0805)
Added Component: Designator=C36(C0805)
Added Component: Designator=C37(C0805)
Added Component: Designator=C38(0603PKG)
Added Component: Designator=C39(0603PKG)
Added Component: Designator=C40(0603PKG)
Added Component: Designator=C41(0603PKG)
Added Component: Designator=C42(0603PKG)
Added Component: Designator=C43(0603PKG)
Added Component: Designator=C44(0603PKG)
Added Component: Designator=C45(0603PKG)
Added Component: Designator=C46(0603PKG)
Added Component: Designator=C47(0603PKG)
Added Component: Designator=C48(0603PKG)
Added Component: Designator=C49(0603PKG)
Added Component: Designator=C50(0603PKG)
Added Component: Designator=C51(0603PKG)
Added Component: Designator=C52(0603PKG)
Added Component: Designator=C53(0402)
Added Component: Designator=C54(C0805)
Added Component: Designator=C55(C0805)
Added Component: Designator=C56(C0805)
Added Component: Designator=C57(C0805)
Added Component: Designator=C58(C0805)
Added Component: Designator=C59(C0805)
Added Component: Designator=C60(C0805)
Added Component: Designator=C61(0402)
Added Component: Designator=C62(C0805)
Added Component: Designator=C63(C0805)
Added Component: Designator=C64(C0805)
Added Component: Designator=C65(0402)
Added Component: Designator=C66(0402)
Added Component: Designator=C67(C0805)
Added Component: Designator=C68(C0805)
Added Component: Designator=C69(0402)
Added Component: Designator=C70(0402)
Added Component: Designator=C71(C0805)
Added Component: Designator=C72(C0805)
Added Component: Designator=C73(0402)
Added Component: Designator=C74(0402)
Added Component: Designator=C75(C0805)
Added Component: Designator=C76(C0805)
Added Component: Designator=C77(C0805)
Added Component: Designator=C78(0402)
Added Component: Designator=C79(0402)
Added Component: Designator=C80(C0805)
Added Component: Designator=C81(C0805)
Added Component: Designator=C82(0603PKG)
Added Component: Designator=C83(0603PKG)
Added Component: Designator=C84(0603PKG)
Added Component: Designator=C85(C0805)
Added Component: Designator=C86(C0805)
Added Component: Designator=D1(C0805)
Added Component: Designator=D2(C0805)
Added Component: Designator=D3(C0805)
Added Component: Designator=D4(C0805)
Added Component: Designator=D5(C0805)
Added Component: Designator=D6(C0805)
Added Component: Designator=D7(C0805)
Added Component: Designator=D8(C0805)
Added Component: Designator=J1(PCI-32bit-5/3.3V-V2.2)
Added Component: Designator=J2(PIN1)
Added Component: Designator=L1(C0805)
Added Component: Designator=L2(C0805)
Added Component: Designator=L3(C0805)
Added Component: Designator=L4(C0805)
Added Component: Designator=LAN1(RJ45)
Added Component: Designator=P1(HDR1X2)
Added Component: Designator=P2(Mini USB)
Added Component: Designator=P3(HDR1X6)
Added Component: Designator=P4(HDR1X6)
Added Component: Designator=Q1(SOT23)
Added Component: Designator=Q2(SOT23)
Added Component: Designator=Q3(SOT23)
Added Component: Designator=Q4(SOT23)
Added Component: Designator=R1(C0805)
Added Component: Designator=R2(C0805)
Added Component: Designator=R3(C0805)
Added Component: Designator=R4(C0805)
Added Component: Designator=R5(C0805)
Added Component: Designator=R6(C0805)
Added Component: Designator=R7(C0805)
Added Component: Designator=R8(C0805)
Added Component: Designator=R9(C0805)
Added Component: Designator=R10(C0805)
Added Component: Designator=R11(C0805)
Added Component: Designator=R12(C0805)
Added Component: Designator=R13(C1206)
Added Component: Designator=R14(0603PKG)
Added Component: Designator=R15(0603PKG)
Added Component: Designator=R16(0603PKG)
Added Component: Designator=R17(0603PKG)
Added Component: Designator=R18(0603PKG)
Added Component: Designator=R19(0603PKG)
Added Component: Designator=R20(0603PKG)
Added Component: Designator=R21(0603PKG)
Added Component: Designator=R22(0603PKG)
Added Component: Designator=R23(0603PKG)
Added Component: Designator=R24(0603PKG)
Added Component: Designator=R25(0603PKG)
Added Component: Designator=R26(0603PKG)
Added Component: Designator=R27(0603PKG)
Added Component: Designator=R28(0603PKG)
Added Component: Designator=R29(0603PKG)
Added Component: Designator=R30(0603PKG)
Added Component: Designator=R31(0603PKG)
Added Component: Designator=R32(0603PKG)
Added Component: Designator=R33(0603PKG)
Added Component: Designator=R34(0603PKG)
Added Component: Designator=R35(0603PKG)
Added Component: Designator=R36(0603PKG)
Added Component: Designator=R37(0603PKG)
Added Component: Designator=R38(0603PKG)
Added Component: Designator=R39(0603PKG)
Added Component: Designator=R40(0603PKG)
Added Component: Designator=R41(0603PKG)
Added Component: Designator=R42(0603PKG)
Added Component: Designator=R43(0603PKG)
Added Component: Designator=R44(0603PKG)
Added Component: Designator=R45(0603PKG)
Added Component: Designator=R46(0603PKG)
Added Component: Designator=R47(0603PKG)
Added Component: Designator=R48(C0805)
Added Component: Designator=R49(C0805)
Added Component: Designator=R50(0603PKG)
Added Component: Designator=R51(0603PKG)
Added Component: Designator=R52(0603PKG)
Added Component: Designator=R53(C0805)
Added Component: Designator=S1(SMD push button)
Added Component: Designator=TP1(TP_15)
Added Component: Designator=TP2(TP_15)
Added Component: Designator=U1(LQFP48)
Added Component: Designator=U2(SOT23-6)
Added Component: Designator=U3(TO263)
Added Component: Designator=U4(SOT223)
Added Component: Designator=U5(TSSOP-48-DGG)
Added Component: Designator=U6(TSSOP-48-DGG)
Added Component: Designator=U7(TSSOP-48-DGG)
Added Component: Designator=U8(SOT457)
Added Component: Designator=U9(8S1_N)
Added Component: Designator=U10(LQFP-64_N)
Added Component: Designator=U11(TQG144)
Added Component: Designator=U12(SSOP8)
Added Component: Designator=U13(Crystal5x7)
Added Component: Designator=U14(SSOP8)
Added Component: Designator=U15(SSOP8)
Added Component: Designator=Y1(SMD_Crystal)
Added Component: Designator=Y2(SMD_Crystal)
Added Pin To Net: NetName=NetC1_1 Pin=C1-1
Added Pin To Net: NetName=M1 Pin=C1-2
Added Pin To Net: NetName=NetC2_1 Pin=C2-1
Added Pin To Net: NetName=M1 Pin=C2-2
Added Pin To Net: NetName=M0 Pin=C3-1
Added Pin To Net: NetName=M1 Pin=C3-2
Added Pin To Net: NetName=M1 Pin=C4-1
Added Pin To Net: NetName=M0 Pin=C4-2
Added Pin To Net: NetName=M1 Pin=C5-1
Added Pin To Net: NetName=NetC5_2 Pin=C5-2
Added Pin To Net: NetName=NetC6_1 Pin=C6-1
Added Pin To Net: NetName=M1 Pin=C6-2
Added Pin To Net: NetName=M1 Pin=C7-2
Added Pin To Net: NetName=M0 Pin=C8-1
Added Pin To Net: NetName=M1 Pin=C8-2
Added Pin To Net: NetName=M0 Pin=C9-1
Added Pin To Net: NetName=M1 Pin=C9-2
Added Pin To Net: NetName=M1 Pin=C10-1
Added Pin To Net: NetName=M0 Pin=C10-2
Added Pin To Net: NetName=M1 Pin=C11-1
Added Pin To Net: NetName=M0 Pin=C11-2
Added Pin To Net: NetName=M1 Pin=C12-1
Added Pin To Net: NetName=M0 Pin=C12-2
Added Pin To Net: NetName=M1 Pin=C13-1
Added Pin To Net: NetName=M0 Pin=C13-2
Added Pin To Net: NetName=M1 Pin=C14-2
Added Pin To Net: NetName=M1 Pin=C15-1
Added Pin To Net: NetName=M1 Pin=C16-1
Added Pin To Net: NetName=M1 Pin=C17-1
Added Pin To Net: NetName=M1 Pin=C18-1
Added Pin To Net: NetName=5V0 Pin=C18-2
Added Pin To Net: NetName=M1 Pin=C19-1
Added Pin To Net: NetName=5V0 Pin=C19-2
Added Pin To Net: NetName=M1 Pin=C20-1
Added Pin To Net: NetName=5V0_PCI Pin=C20-2
Added Pin To Net: NetName=M1 Pin=C21-1
Added Pin To Net: NetName=VCCINT Pin=C21-2
Added Pin To Net: NetName=M1 Pin=C22-1
Added Pin To Net: NetName=M0 Pin=C22-2
Added Pin To Net: NetName=M1 Pin=C23-1
Added Pin To Net: NetName=M0 Pin=C23-2
Added Pin To Net: NetName=M1 Pin=C24-1
Added Pin To Net: NetName=5V0 Pin=C24-2
Added Pin To Net: NetName=M1 Pin=C25-1
Added Pin To Net: NetName=5V0 Pin=C25-2
Added Pin To Net: NetName=M1 Pin=C26-1
Added Pin To Net: NetName=VCCINT Pin=C26-2
Added Pin To Net: NetName=M1 Pin=C27-1
Added Pin To Net: NetName=M0 Pin=C27-2
Added Pin To Net: NetName=M1 Pin=C28-1
Added Pin To Net: NetName=5V0 Pin=C28-2
Added Pin To Net: NetName=M1 Pin=C29-1
Added Pin To Net: NetName=5V0 Pin=C29-2
Added Pin To Net: NetName=M1 Pin=C30-1
Added Pin To Net: NetName=5V0 Pin=C30-2
Added Pin To Net: NetName=M1 Pin=C31-1
Added Pin To Net: NetName=5V0 Pin=C31-2
Added Pin To Net: NetName=M1 Pin=C32-1
Added Pin To Net: NetName=5V0 Pin=C32-2
Added Pin To Net: NetName=M1 Pin=C34-1
Added Pin To Net: NetName=5V0_USB Pin=C34-2
Added Pin To Net: NetName=M1 Pin=C35-1
Added Pin To Net: NetName=M1 Pin=C36-1
Added Pin To Net: NetName=M0 Pin=C36-2
Added Pin To Net: NetName=M1 Pin=C37-1
Added Pin To Net: NetName=FT_VCORE Pin=C37-2
Added Pin To Net: NetName=M1 Pin=C38-1
Added Pin To Net: NetName=M0 Pin=C38-2
Added Pin To Net: NetName=M1 Pin=C39-1
Added Pin To Net: NetName=M0 Pin=C39-2
Added Pin To Net: NetName=M1 Pin=C40-1
Added Pin To Net: NetName=M0 Pin=C40-2
Added Pin To Net: NetName=M1 Pin=C41-1
Added Pin To Net: NetName=M0 Pin=C41-2
Added Pin To Net: NetName=M1 Pin=C42-1
Added Pin To Net: NetName=M0 Pin=C42-2
Added Pin To Net: NetName=M1 Pin=C43-1
Added Pin To Net: NetName=FT_VCORE Pin=C43-2
Added Pin To Net: NetName=M1 Pin=C44-1
Added Pin To Net: NetName=FT_VCORE Pin=C44-2
Added Pin To Net: NetName=M1 Pin=C45-1
Added Pin To Net: NetName=FT_VCORE Pin=C45-2
Added Pin To Net: NetName=M1 Pin=C46-1
Added Pin To Net: NetName=FT_VPLL Pin=C46-2
Added Pin To Net: NetName=M1 Pin=C47-1
Added Pin To Net: NetName=FT_VPLL Pin=C47-2
Added Pin To Net: NetName=M1 Pin=C48-1
Added Pin To Net: NetName=FT_VPHY Pin=C48-2
Added Pin To Net: NetName=M1 Pin=C49-1
Added Pin To Net: NetName=FT_VPHY Pin=C49-2
Added Pin To Net: NetName=M1 Pin=C50-1
Added Pin To Net: NetName=M1 Pin=C51-1
Added Pin To Net: NetName=M1 Pin=C52-1
Added Pin To Net: NetName=M0 Pin=C52-2
Added Pin To Net: NetName=M0 Pin=C53-1
Added Pin To Net: NetName=M1 Pin=C53-2
Added Pin To Net: NetName=M0 Pin=C54-1
Added Pin To Net: NetName=M1 Pin=C54-2
Added Pin To Net: NetName=M0 Pin=C55-1
Added Pin To Net: NetName=M1 Pin=C55-2
Added Pin To Net: NetName=M0 Pin=C56-1
Added Pin To Net: NetName=M1 Pin=C56-2
Added Pin To Net: NetName=M0 Pin=C57-1
Added Pin To Net: NetName=M1 Pin=C57-2
Added Pin To Net: NetName=M0 Pin=C58-1
Added Pin To Net: NetName=M1 Pin=C58-2
Added Pin To Net: NetName=M0 Pin=C59-1
Added Pin To Net: NetName=M1 Pin=C59-2
Added Pin To Net: NetName=M0 Pin=C60-1
Added Pin To Net: NetName=M1 Pin=C60-2
Added Pin To Net: NetName=VCCINT Pin=C61-1
Added Pin To Net: NetName=M1 Pin=C61-2
Added Pin To Net: NetName=VCCINT Pin=C62-1
Added Pin To Net: NetName=M1 Pin=C62-2
Added Pin To Net: NetName=VCCINT Pin=C63-1
Added Pin To Net: NetName=M1 Pin=C63-2
Added Pin To Net: NetName=VCCINT Pin=C64-1
Added Pin To Net: NetName=M1 Pin=C64-2
Added Pin To Net: NetName=M0 Pin=C65-1
Added Pin To Net: NetName=M1 Pin=C65-2
Added Pin To Net: NetName=M0 Pin=C66-1
Added Pin To Net: NetName=M1 Pin=C66-2
Added Pin To Net: NetName=M0 Pin=C67-1
Added Pin To Net: NetName=M1 Pin=C67-2
Added Pin To Net: NetName=M0 Pin=C68-1
Added Pin To Net: NetName=M1 Pin=C68-2
Added Pin To Net: NetName=M0 Pin=C69-1
Added Pin To Net: NetName=M1 Pin=C69-2
Added Pin To Net: NetName=M0 Pin=C70-1
Added Pin To Net: NetName=M1 Pin=C70-2
Added Pin To Net: NetName=M0 Pin=C71-1
Added Pin To Net: NetName=M1 Pin=C71-2
Added Pin To Net: NetName=M0 Pin=C72-1
Added Pin To Net: NetName=M1 Pin=C72-2
Added Pin To Net: NetName=M0 Pin=C73-1
Added Pin To Net: NetName=M1 Pin=C73-2
Added Pin To Net: NetName=M0 Pin=C74-1
Added Pin To Net: NetName=M1 Pin=C74-2
Added Pin To Net: NetName=M0 Pin=C75-1
Added Pin To Net: NetName=M1 Pin=C75-2
Added Pin To Net: NetName=M0 Pin=C76-1
Added Pin To Net: NetName=M1 Pin=C76-2
Added Pin To Net: NetName=M1 Pin=C77-1
Added Pin To Net: NetName=PROGRAM_B Pin=C77-2
Added Pin To Net: NetName=M0 Pin=C78-1
Added Pin To Net: NetName=M1 Pin=C78-2
Added Pin To Net: NetName=M0 Pin=C79-1
Added Pin To Net: NetName=M1 Pin=C79-2
Added Pin To Net: NetName=M0 Pin=C80-1
Added Pin To Net: NetName=M1 Pin=C80-2
Added Pin To Net: NetName=M0 Pin=C81-1
Added Pin To Net: NetName=M1 Pin=C81-2
Added Pin To Net: NetName=M0 Pin=C82-1
Added Pin To Net: NetName=M1 Pin=C82-2
Added Pin To Net: NetName=M1 Pin=C83-1
Added Pin To Net: NetName=M0 Pin=C83-2
Added Pin To Net: NetName=M1 Pin=C84-1
Added Pin To Net: NetName=M0 Pin=C84-2
Added Pin To Net: NetName=M1 Pin=C85-1
Added Pin To Net: NetName=M0 Pin=C85-2
Added Pin To Net: NetName=M1 Pin=C86-1
Added Pin To Net: NetName=M0 Pin=C86-2
Added Pin To Net: NetName=NetD1_1 Pin=D1-1
Added Pin To Net: NetName=M1 Pin=D1-2
Added Pin To Net: NetName=NetD2_1 Pin=D2-1
Added Pin To Net: NetName=M1 Pin=D2-2
Added Pin To Net: NetName=TXLED# Pin=D3-2
Added Pin To Net: NetName=RXLED# Pin=D4-2
Added Pin To Net: NetName=DONE Pin=D5-1
Added Pin To Net: NetName=M1 Pin=D6-2
Added Pin To Net: NetName=M1 Pin=D7-2
Added Pin To Net: NetName=M1 Pin=D8-2
Added Pin To Net: NetName=5V0_PCI Pin=J1-A5
Added Pin To Net: NetName=INTA Pin=J1-A6
Added Pin To Net: NetName=5V0_PCI Pin=J1-A8
Added Pin To Net: NetName=PCI_RSTN Pin=J1-A15
Added Pin To Net: NetName=GNT Pin=J1-A17
Added Pin To Net: NetName=M1 Pin=J1-A18
Added Pin To Net: NetName=AD30 Pin=J1-A20
Added Pin To Net: NetName=AD28 Pin=J1-A22
Added Pin To Net: NetName=AD26 Pin=J1-A23
Added Pin To Net: NetName=M1 Pin=J1-A24
Added Pin To Net: NetName=AD24 Pin=J1-A25
Added Pin To Net: NetName=IDSEL Pin=J1-A26
Added Pin To Net: NetName=AD22 Pin=J1-A28
Added Pin To Net: NetName=AD20 Pin=J1-A29
Added Pin To Net: NetName=M1 Pin=J1-A30
Added Pin To Net: NetName=AD18 Pin=J1-A31
Added Pin To Net: NetName=AD16 Pin=J1-A32
Added Pin To Net: NetName=FRAME Pin=J1-A34
Added Pin To Net: NetName=M1 Pin=J1-A35
Added Pin To Net: NetName=TRDY Pin=J1-A36
Added Pin To Net: NetName=M1 Pin=J1-A37
Added Pin To Net: NetName=STOP Pin=J1-A38
Added Pin To Net: NetName=M1 Pin=J1-A42
Added Pin To Net: NetName=PAR Pin=J1-A43
Added Pin To Net: NetName=AD15 Pin=J1-A44
Added Pin To Net: NetName=AD13 Pin=J1-A46
Added Pin To Net: NetName=AD11 Pin=J1-A47
Added Pin To Net: NetName=M1 Pin=J1-A48
Added Pin To Net: NetName=AD9 Pin=J1-A49
Added Pin To Net: NetName=C/BE0 Pin=J1-A52
Added Pin To Net: NetName=AD6 Pin=J1-A54
Added Pin To Net: NetName=AD4 Pin=J1-A55
Added Pin To Net: NetName=M1 Pin=J1-A56
Added Pin To Net: NetName=AD2 Pin=J1-A57
Added Pin To Net: NetName=AD0 Pin=J1-A58
Added Pin To Net: NetName=PCI_VIO Pin=J1-A59
Added Pin To Net: NetName=5V0_PCI Pin=J1-A61
Added Pin To Net: NetName=5V0_PCI Pin=J1-A62
Added Pin To Net: NetName=M1 Pin=J1-B3
Added Pin To Net: NetName=5V0_PCI Pin=J1-B5
Added Pin To Net: NetName=5V0_PCI Pin=J1-B6
Added Pin To Net: NetName=M1 Pin=J1-B15
Added Pin To Net: NetName=PCI_CLK Pin=J1-B16
Added Pin To Net: NetName=M1 Pin=J1-B17
Added Pin To Net: NetName=REQ Pin=J1-B18
Added Pin To Net: NetName=AD31 Pin=J1-B20
Added Pin To Net: NetName=AD29 Pin=J1-B21
Added Pin To Net: NetName=M1 Pin=J1-B22
Added Pin To Net: NetName=AD27 Pin=J1-B23
Added Pin To Net: NetName=AD25 Pin=J1-B24
Added Pin To Net: NetName=C/BE3 Pin=J1-B26
Added Pin To Net: NetName=AD23 Pin=J1-B27
Added Pin To Net: NetName=M1 Pin=J1-B28
Added Pin To Net: NetName=AD21 Pin=J1-B29
Added Pin To Net: NetName=AD19 Pin=J1-B30
Added Pin To Net: NetName=AD17 Pin=J1-B32
Added Pin To Net: NetName=C/BE2 Pin=J1-B33
Added Pin To Net: NetName=M1 Pin=J1-B34
Added Pin To Net: NetName=IRDY Pin=J1-B35
Added Pin To Net: NetName=DEVSEL Pin=J1-B37
Added Pin To Net: NetName=M1 Pin=J1-B38
Added Pin To Net: NetName=PERR Pin=J1-B40
Added Pin To Net: NetName=SERR Pin=J1-B42
Added Pin To Net: NetName=C/BE1 Pin=J1-B44
Added Pin To Net: NetName=AD14 Pin=J1-B45
Added Pin To Net: NetName=M1 Pin=J1-B46
Added Pin To Net: NetName=AD12 Pin=J1-B47
Added Pin To Net: NetName=AD10 Pin=J1-B48
Added Pin To Net: NetName=M1 Pin=J1-B49
Added Pin To Net: NetName=AD8 Pin=J1-B52
Added Pin To Net: NetName=AD7 Pin=J1-B53
Added Pin To Net: NetName=AD5 Pin=J1-B55
Added Pin To Net: NetName=AD3 Pin=J1-B56
Added Pin To Net: NetName=M1 Pin=J1-B57
Added Pin To Net: NetName=AD1 Pin=J1-B58
Added Pin To Net: NetName=5V0_PCI Pin=J1-B61
Added Pin To Net: NetName=5V0_PCI Pin=J1-B62
Added Pin To Net: NetName=5V0_USB Pin=L1-2
Added Pin To Net: NetName=M1 Pin=L2-2
Added Pin To Net: NetName=M0 Pin=L3-1
Added Pin To Net: NetName=FT_VPLL Pin=L3-2
Added Pin To Net: NetName=M0 Pin=L4-1
Added Pin To Net: NetName=FT_VPHY Pin=L4-2
Added Pin To Net: NetName=TX_P Pin=LAN1-1
Added Pin To Net: NetName=TX_N Pin=LAN1-2
Added Pin To Net: NetName=RX_P Pin=LAN1-3
Added Pin To Net: NetName=M0 Pin=LAN1-4
Added Pin To Net: NetName=M0 Pin=LAN1-5
Added Pin To Net: NetName=RX_N Pin=LAN1-6
Added Pin To Net: NetName=NetC5_2 Pin=LAN1-8
Added Pin To Net: NetName=NetLAN1_9 Pin=LAN1-9
Added Pin To Net: NetName=LINK_LED Pin=LAN1-10
Added Pin To Net: NetName=ACT_LED Pin=LAN1-11
Added Pin To Net: NetName=NetLAN1_12 Pin=LAN1-12
Added Pin To Net: NetName=BUS_EN Pin=P1-1
Added Pin To Net: NetName=M1 Pin=P1-2
Added Pin To Net: NetName=NetP2_2 Pin=P2-2
Added Pin To Net: NetName=NetP2_3 Pin=P2-3
Added Pin To Net: NetName=M0 Pin=P3-1
Added Pin To Net: NetName=NetP3_2 Pin=P3-2
Added Pin To Net: NetName=NetP3_3 Pin=P3-3
Added Pin To Net: NetName=NetP3_4 Pin=P3-4
Added Pin To Net: NetName=NetP3_5 Pin=P3-5
Added Pin To Net: NetName=M1 Pin=P3-6
Added Pin To Net: NetName=M0 Pin=P4-1
Added Pin To Net: NetName=M1 Pin=P4-6
Added Pin To Net: NetName=M1 Pin=Q1-2
Added Pin To Net: NetName=PWRSTAT Pin=Q2-1
Added Pin To Net: NetName=5V0 Pin=Q2-2
Added Pin To Net: NetName=5V0_USB Pin=Q2-3
Added Pin To Net: NetName=5V0 Pin=Q3-2
Added Pin To Net: NetName=5V0_PCI Pin=Q3-3
Added Pin To Net: NetName=M1 Pin=Q4-2
Added Pin To Net: NetName=BUS_EN Pin=Q4-3
Added Pin To Net: NetName=RX_N Pin=R1-1
Added Pin To Net: NetName=NetC1_1 Pin=R1-2
Added Pin To Net: NetName=RX_P Pin=R2-1
Added Pin To Net: NetName=NetC1_1 Pin=R2-2
Added Pin To Net: NetName=TX_N Pin=R3-1
Added Pin To Net: NetName=NetC2_1 Pin=R3-2
Added Pin To Net: NetName=TX_P Pin=R4-1
Added Pin To Net: NetName=NetC2_1 Pin=R4-2
Added Pin To Net: NetName=ACT_LED Pin=R5-2
Added Pin To Net: NetName=NetR6_1 Pin=R6-1
Added Pin To Net: NetName=LINK_LED Pin=R6-2
Added Pin To Net: NetName=M0 Pin=R7-1
Added Pin To Net: NetName=NetLAN1_9 Pin=R7-2
Added Pin To Net: NetName=M0 Pin=R8-1
Added Pin To Net: NetName=NetLAN1_12 Pin=R8-2
Added Pin To Net: NetName=PHY_MDC Pin=R9-1
Added Pin To Net: NetName=M0 Pin=R9-2
Added Pin To Net: NetName=M0 Pin=R10-1
Added Pin To Net: NetName=PHY_MDIO Pin=R10-2
Added Pin To Net: NetName=M0 Pin=R11-1
Added Pin To Net: NetName=M0 Pin=R12-1
Added Pin To Net: NetName=M1 Pin=R13-1
Added Pin To Net: NetName=M1 Pin=R14-2
Added Pin To Net: NetName=M1 Pin=R15-2
Added Pin To Net: NetName=NetD1_1 Pin=R16-1
Added Pin To Net: NetName=5V0_PCI Pin=R16-2
Added Pin To Net: NetName=PWRSTAT Pin=R17-1
Added Pin To Net: NetName=5V0 Pin=R17-2
Added Pin To Net: NetName=M1 Pin=R18-1
Added Pin To Net: NetName=NetR18_2 Pin=R18-2
Added Pin To Net: NetName=BUS_EN Pin=R19-1
Added Pin To Net: NetName=5V0 Pin=R19-2
Added Pin To Net: NetName=M1 Pin=R20-1
Added Pin To Net: NetName=TCK Pin=R21-1
Added Pin To Net: NetName=TDI Pin=R22-1
Added Pin To Net: NetName=TDO Pin=R23-1
Added Pin To Net: NetName=TMS Pin=R24-1
Added Pin To Net: NetName=NetD2_1 Pin=R25-1
Added Pin To Net: NetName=5V0_USB Pin=R25-2
Added Pin To Net: NetName=M0 Pin=R26-2
Added Pin To Net: NetName=M1 Pin=R27-2
Added Pin To Net: NetName=M0 Pin=R28-1
Added Pin To Net: NetName=EECS Pin=R28-2
Added Pin To Net: NetName=M0 Pin=R29-1
Added Pin To Net: NetName=EECLK Pin=R29-2
Added Pin To Net: NetName=M0 Pin=R30-1
Added Pin To Net: NetName=M0 Pin=R31-2
Added Pin To Net: NetName=M0 Pin=R32-2
Added Pin To Net: NetName=EEDATA Pin=R33-2
Added Pin To Net: NetName=M1 Pin=R34-1
Added Pin To Net: NetName=PROGRAM_B Pin=R35-1
Added Pin To Net: NetName=M0 Pin=R35-2
Added Pin To Net: NetName=DONE Pin=R36-1
Added Pin To Net: NetName=M0 Pin=R36-2
Added Pin To Net: NetName=NetP3_5 Pin=R37-1
Added Pin To Net: NetName=M0 Pin=R37-2
Added Pin To Net: NetName=NetP3_4 Pin=R38-1
Added Pin To Net: NetName=M0 Pin=R38-2
Added Pin To Net: NetName=NetP3_3 Pin=R39-1
Added Pin To Net: NetName=M0 Pin=R39-2
Added Pin To Net: NetName=NetP3_2 Pin=R40-1
Added Pin To Net: NetName=M0 Pin=R40-2
Added Pin To Net: NetName=M1 Pin=R41-1
Added Pin To Net: NetName=NetP3_2 Pin=R42-1
Added Pin To Net: NetName=TCK Pin=R42-2
Added Pin To Net: NetName=NetP3_3 Pin=R43-1
Added Pin To Net: NetName=TDI Pin=R43-2
Added Pin To Net: NetName=NetP3_4 Pin=R44-1
Added Pin To Net: NetName=TDO Pin=R44-2
Added Pin To Net: NetName=NetP3_5 Pin=R45-1
Added Pin To Net: NetName=TMS Pin=R45-2
Added Pin To Net: NetName=NetR46_1 Pin=R46-1
Added Pin To Net: NetName=M0 Pin=R46-2
Added Pin To Net: NetName=M0 Pin=R47-1
Added Pin To Net: NetName=C\S\O\ Pin=R47-2
Added Pin To Net: NetName=M0 Pin=R48-1
Added Pin To Net: NetName=M0 Pin=R49-1
Added Pin To Net: NetName=VCC_3V3 Pin=R53-1
Added Pin To Net: NetName=M1 Pin=S1-1
Added Pin To Net: NetName=PROGRAM_B Pin=S1-2
Added Pin To Net: NetName=5V0_PCI Pin=TP1-1
Added Pin To Net: NetName=5V0 Pin=TP2-1
Added Pin To Net: NetName=PHY_TXCLK Pin=U1-1
Added Pin To Net: NetName=PHY_TX_EN Pin=U1-2
Added Pin To Net: NetName=PHY_TXD0 Pin=U1-3
Added Pin To Net: NetName=PHY_TXD1 Pin=U1-4
Added Pin To Net: NetName=PHY_TXD2 Pin=U1-5
Added Pin To Net: NetName=PHY_TXD3 Pin=U1-6
Added Pin To Net: NetName=PHY_INT Pin=U1-7
Added Pin To Net: NetName=TX_P Pin=U1-13
Added Pin To Net: NetName=TX_N Pin=U1-14
Added Pin To Net: NetName=M1 Pin=U1-15
Added Pin To Net: NetName=RX_P Pin=U1-16
Added Pin To Net: NetName=RX_N Pin=U1-17
Added Pin To Net: NetName=M1 Pin=U1-19
Added Pin To Net: NetName=M0 Pin=U1-22
Added Pin To Net: NetName=NetR6_1 Pin=U1-28
Added Pin To Net: NetName=PHY_RSTN Pin=U1-29
Added Pin To Net: NetName=PHY_MDIO Pin=U1-30
Added Pin To Net: NetName=PHY_MDC Pin=U1-31
Added Pin To Net: NetName=M0 Pin=U1-32
Added Pin To Net: NetName=NetC6_1 Pin=U1-34
Added Pin To Net: NetName=M1 Pin=U1-35
Added Pin To Net: NetName=M1 Pin=U1-36
Added Pin To Net: NetName=PHY_RXCLK Pin=U1-38
Added Pin To Net: NetName=PHY_RX_DV Pin=U1-39
Added Pin To Net: NetName=PHY_CRS Pin=U1-40
Added Pin To Net: NetName=PHY_RX_ER Pin=U1-41
Added Pin To Net: NetName=PHY_COL Pin=U1-42
Added Pin To Net: NetName=PHY_RXD0 Pin=U1-43
Added Pin To Net: NetName=PHY_RXD1 Pin=U1-44
Added Pin To Net: NetName=PHY_RXD2 Pin=U1-45
Added Pin To Net: NetName=PHY_RXD3 Pin=U1-46
Added Pin To Net: NetName=M1 Pin=U1-47
Added Pin To Net: NetName=M0 Pin=U1-48
Added Pin To Net: NetName=5V0_PCI Pin=U2-1
Added Pin To Net: NetName=M1 Pin=U2-2
Added Pin To Net: NetName=NetR18_2 Pin=U2-3
Added Pin To Net: NetName=PWRSTAT Pin=U2-4
Added Pin To Net: NetName=5V0 Pin=U2-6
Added Pin To Net: NetName=M1 Pin=U3-1
Added Pin To Net: NetName=M0 Pin=U3-2
Added Pin To Net: NetName=5V0 Pin=U3-3
Added Pin To Net: NetName=M0 Pin=U3-4
Added Pin To Net: NetName=M1 Pin=U4-1
Added Pin To Net: NetName=VCCINT Pin=U4-2
Added Pin To Net: NetName=5V0 Pin=U4-3
Added Pin To Net: NetName=VCCINT Pin=U4-4
Added Pin To Net: NetName=AD8 Pin=U5-2
Added Pin To Net: NetName=C/BE0 Pin=U5-3
Added Pin To Net: NetName=AD7 Pin=U5-4
Added Pin To Net: NetName=AD6 Pin=U5-5
Added Pin To Net: NetName=AD5 Pin=U5-6
Added Pin To Net: NetName=AD4 Pin=U5-7
Added Pin To Net: NetName=M1 Pin=U5-8
Added Pin To Net: NetName=AD3 Pin=U5-9
Added Pin To Net: NetName=AD2 Pin=U5-10
Added Pin To Net: NetName=AD1 Pin=U5-11
Added Pin To Net: NetName=AD0 Pin=U5-12
Added Pin To Net: NetName=5V0 Pin=U5-15
Added Pin To Net: NetName=M1 Pin=U5-18
Added Pin To Net: NetName=M1 Pin=U5-32
Added Pin To Net: NetName=B_AD0 Pin=U5-36
Added Pin To Net: NetName=B_AD1 Pin=U5-37
Added Pin To Net: NetName=B_AD2 Pin=U5-38
Added Pin To Net: NetName=B_AD3 Pin=U5-39
Added Pin To Net: NetName=B_AD4 Pin=U5-40
Added Pin To Net: NetName=M1 Pin=U5-41
Added Pin To Net: NetName=B_AD5 Pin=U5-42
Added Pin To Net: NetName=B_AD6 Pin=U5-43
Added Pin To Net: NetName=B_AD7 Pin=U5-44
Added Pin To Net: NetName=B_C/BE0 Pin=U5-45
Added Pin To Net: NetName=B_AD8 Pin=U5-46
Added Pin To Net: NetName=BUS_EN Pin=U5-47
Added Pin To Net: NetName=BUS_EN Pin=U5-48
Added Pin To Net: NetName=INTA Pin=U6-2
Added Pin To Net: NetName=PCI_RSTN Pin=U6-3
Added Pin To Net: NetName=PCI_CLK Pin=U6-4
Added Pin To Net: NetName=GNT Pin=U6-5
Added Pin To Net: NetName=REQ Pin=U6-6
Added Pin To Net: NetName=AD31 Pin=U6-7
Added Pin To Net: NetName=M1 Pin=U6-8
Added Pin To Net: NetName=AD30 Pin=U6-9
Added Pin To Net: NetName=AD29 Pin=U6-10
Added Pin To Net: NetName=AD28 Pin=U6-11
Added Pin To Net: NetName=AD27 Pin=U6-12
Added Pin To Net: NetName=AD26 Pin=U6-13
Added Pin To Net: NetName=AD25 Pin=U6-14
Added Pin To Net: NetName=5V0 Pin=U6-15
Added Pin To Net: NetName=AD24 Pin=U6-16
Added Pin To Net: NetName=C/BE3 Pin=U6-18
Added Pin To Net: NetName=M1 Pin=U6-18
Added Pin To Net: NetName=IDSEL Pin=U6-19
Added Pin To Net: NetName=AD23 Pin=U6-20
Added Pin To Net: NetName=AD22 Pin=U6-21
Added Pin To Net: NetName=AD21 Pin=U6-22
Added Pin To Net: NetName=AD20 Pin=U6-23
Added Pin To Net: NetName=AD19 Pin=U6-24
Added Pin To Net: NetName=B_AD19 Pin=U6-25
Added Pin To Net: NetName=B_AD20 Pin=U6-26
Added Pin To Net: NetName=B_AD21 Pin=U6-27
Added Pin To Net: NetName=B_AD22 Pin=U6-28
Added Pin To Net: NetName=B_AD23 Pin=U6-29
Added Pin To Net: NetName=B_IDSEL Pin=U6-30
Added Pin To Net: NetName=B_C/BE3 Pin=U6-31
Added Pin To Net: NetName=M1 Pin=U6-32
Added Pin To Net: NetName=B_AD24 Pin=U6-33
Added Pin To Net: NetName=B_AD25 Pin=U6-34
Added Pin To Net: NetName=B_AD26 Pin=U6-35
Added Pin To Net: NetName=B_AD27 Pin=U6-36
Added Pin To Net: NetName=B_AD28 Pin=U6-37
Added Pin To Net: NetName=B_AD29 Pin=U6-38
Added Pin To Net: NetName=B_AD30 Pin=U6-39
Added Pin To Net: NetName=B_AD31 Pin=U6-40
Added Pin To Net: NetName=M1 Pin=U6-41
Added Pin To Net: NetName=B_REQ Pin=U6-42
Added Pin To Net: NetName=B_GNT Pin=U6-43
Added Pin To Net: NetName=B_PCI_CLK Pin=U6-44
Added Pin To Net: NetName=B_PCI_RSTN Pin=U6-45
Added Pin To Net: NetName=B_INTA Pin=U6-46
Added Pin To Net: NetName=BUS_EN Pin=U6-47
Added Pin To Net: NetName=BUS_EN Pin=U6-48
Added Pin To Net: NetName=AD18 Pin=U7-2
Added Pin To Net: NetName=AD17 Pin=U7-3
Added Pin To Net: NetName=AD16 Pin=U7-4
Added Pin To Net: NetName=C/BE2 Pin=U7-5
Added Pin To Net: NetName=FRAME Pin=U7-6
Added Pin To Net: NetName=IRDY Pin=U7-7
Added Pin To Net: NetName=M1 Pin=U7-8
Added Pin To Net: NetName=TRDY Pin=U7-9
Added Pin To Net: NetName=DEVSEL Pin=U7-10
Added Pin To Net: NetName=STOP Pin=U7-11
Added Pin To Net: NetName=PERR Pin=U7-12
Added Pin To Net: NetName=SERR Pin=U7-13
Added Pin To Net: NetName=PAR Pin=U7-14
Added Pin To Net: NetName=5V0 Pin=U7-15
Added Pin To Net: NetName=C/BE1 Pin=U7-16
Added Pin To Net: NetName=AD15 Pin=U7-18
Added Pin To Net: NetName=M1 Pin=U7-18
Added Pin To Net: NetName=AD14 Pin=U7-19
Added Pin To Net: NetName=AD13 Pin=U7-20
Added Pin To Net: NetName=AD12 Pin=U7-21
Added Pin To Net: NetName=AD11 Pin=U7-22
Added Pin To Net: NetName=AD10 Pin=U7-23
Added Pin To Net: NetName=AD9 Pin=U7-24
Added Pin To Net: NetName=B_AD9 Pin=U7-25
Added Pin To Net: NetName=B_AD10 Pin=U7-26
Added Pin To Net: NetName=B_AD11 Pin=U7-27
Added Pin To Net: NetName=B_AD12 Pin=U7-28
Added Pin To Net: NetName=B_AD13 Pin=U7-29
Added Pin To Net: NetName=B_AD14 Pin=U7-30
Added Pin To Net: NetName=B_AD15 Pin=U7-31
Added Pin To Net: NetName=M1 Pin=U7-32
Added Pin To Net: NetName=B_C/BE1 Pin=U7-33
Added Pin To Net: NetName=B_PAR Pin=U7-34
Added Pin To Net: NetName=B_SERR Pin=U7-35
Added Pin To Net: NetName=B_PERR Pin=U7-36
Added Pin To Net: NetName=B_STOP Pin=U7-37
Added Pin To Net: NetName=B_DEVSEL Pin=U7-38
Added Pin To Net: NetName=B_TRDY Pin=U7-39
Added Pin To Net: NetName=B_IRDY Pin=U7-40
Added Pin To Net: NetName=M1 Pin=U7-41
Added Pin To Net: NetName=B_FRAME Pin=U7-42
Added Pin To Net: NetName=B_C/BE2 Pin=U7-43
Added Pin To Net: NetName=B_AD16 Pin=U7-44
Added Pin To Net: NetName=B_AD17 Pin=U7-45
Added Pin To Net: NetName=B_AD18 Pin=U7-46
Added Pin To Net: NetName=BUS_EN Pin=U7-47
Added Pin To Net: NetName=BUS_EN Pin=U7-48
Added Pin To Net: NetName=USB_P Pin=U8-1
Added Pin To Net: NetName=USB_N Pin=U8-3
Added Pin To Net: NetName=NetP2_2 Pin=U8-4
Added Pin To Net: NetName=NetP2_3 Pin=U8-6
Added Pin To Net: NetName=EECS Pin=U9-1
Added Pin To Net: NetName=EECLK Pin=U9-2
Added Pin To Net: NetName=EEDATA Pin=U9-3
Added Pin To Net: NetName=M1 Pin=U9-5
Added Pin To Net: NetName=M0 Pin=U9-6
Added Pin To Net: NetName=M1 Pin=U9-7
Added Pin To Net: NetName=M0 Pin=U9-8
Added Pin To Net: NetName=M1 Pin=U10-1
Added Pin To Net: NetName=FT_VPHY Pin=U10-4
Added Pin To Net: NetName=M1 Pin=U10-5
Added Pin To Net: NetName=USB_N Pin=U10-7
Added Pin To Net: NetName=USB_P Pin=U10-8
Added Pin To Net: NetName=FT_VPLL Pin=U10-9
Added Pin To Net: NetName=M1 Pin=U10-10
Added Pin To Net: NetName=M1 Pin=U10-11
Added Pin To Net: NetName=FT_VCORE Pin=U10-12
Added Pin To Net: NetName=M1 Pin=U10-13
Added Pin To Net: NetName=M1 Pin=U10-15
Added Pin To Net: NetName=M0 Pin=U10-20
Added Pin To Net: NetName=M1 Pin=U10-25
Added Pin To Net: NetName=M0 Pin=U10-31
Added Pin To Net: NetName=M1 Pin=U10-35
Added Pin To Net: NetName=FT_VCORE Pin=U10-37
Added Pin To Net: NetName=FT_TXD Pin=U10-38
Added Pin To Net: NetName=FT_RXD Pin=U10-39
Added Pin To Net: NetName=M0 Pin=U10-42
Added Pin To Net: NetName=M1 Pin=U10-47
Added Pin To Net: NetName=FT_VCORE Pin=U10-49
Added Pin To Net: NetName=M0 Pin=U10-50
Added Pin To Net: NetName=M1 Pin=U10-51
Added Pin To Net: NetName=RXLED# Pin=U10-54
Added Pin To Net: NetName=TXLED# Pin=U10-55
Added Pin To Net: NetName=M0 Pin=U10-56
Added Pin To Net: NetName=EEDATA Pin=U10-61
Added Pin To Net: NetName=EECLK Pin=U10-62
Added Pin To Net: NetName=EECS Pin=U10-63
Added Pin To Net: NetName=FT_VCORE Pin=U10-64
Added Pin To Net: NetName=B_TRDY Pin=U11-1
Added Pin To Net: NetName=B_DEVSEL Pin=U11-2
Added Pin To Net: NetName=M1 Pin=U11-3
Added Pin To Net: NetName=M0 Pin=U11-4
Added Pin To Net: NetName=B_STOP Pin=U11-5
Added Pin To Net: NetName=B_PERR Pin=U11-6
Added Pin To Net: NetName=B_SERR Pin=U11-7
Added Pin To Net: NetName=B_PAR Pin=U11-8
Added Pin To Net: NetName=B_C/BE1 Pin=U11-9
Added Pin To Net: NetName=B_AD15 Pin=U11-10
Added Pin To Net: NetName=B_AD14 Pin=U11-11
Added Pin To Net: NetName=B_AD13 Pin=U11-12
Added Pin To Net: NetName=M1 Pin=U11-13
Added Pin To Net: NetName=B_AD12 Pin=U11-14
Added Pin To Net: NetName=B_AD11 Pin=U11-15
Added Pin To Net: NetName=B_AD10 Pin=U11-16
Added Pin To Net: NetName=B_AD9 Pin=U11-17
Added Pin To Net: NetName=M0 Pin=U11-18
Added Pin To Net: NetName=VCCINT Pin=U11-19
Added Pin To Net: NetName=M0 Pin=U11-20
Added Pin To Net: NetName=B_AD8 Pin=U11-21
Added Pin To Net: NetName=B_C/BE0 Pin=U11-22
Added Pin To Net: NetName=B_AD7 Pin=U11-23
Added Pin To Net: NetName=B_AD6 Pin=U11-24
Added Pin To Net: NetName=M1 Pin=U11-25
Added Pin To Net: NetName=B_AD5 Pin=U11-26
Added Pin To Net: NetName=B_AD4 Pin=U11-27
Added Pin To Net: NetName=VCCINT Pin=U11-28
Added Pin To Net: NetName=B_AD3 Pin=U11-29
Added Pin To Net: NetName=B_AD2 Pin=U11-30
Added Pin To Net: NetName=M0 Pin=U11-31
Added Pin To Net: NetName=B_AD1 Pin=U11-32
Added Pin To Net: NetName=B_AD0 Pin=U11-33
Added Pin To Net: NetName=M0 Pin=U11-36
Added Pin To Net: NetName=PROGRAM_B Pin=U11-37
Added Pin To Net: NetName=C\S\O\ Pin=U11-38
Added Pin To Net: NetName=NetR46_1 Pin=U11-39
Added Pin To Net: NetName=M0 Pin=U11-42
Added Pin To Net: NetName=M1 Pin=U11-49
Added Pin To Net: NetName=VCCINT Pin=U11-52
Added Pin To Net: NetName=M0 Pin=U11-53
Added Pin To Net: NetName=M1 Pin=U11-54
Added Pin To Net: NetName=CLK_50MHZ Pin=U11-56
Added Pin To Net: NetName=M1 Pin=U11-60
Added Pin To Net: NetName=M0 Pin=U11-63
Added Pin To Net: NetName=MOSI Pin=U11-64
Added Pin To Net: NetName=MISO Pin=U11-65
Added Pin To Net: NetName=M1 Pin=U11-68
Added Pin To Net: NetName=M0 Pin=U11-69
Added Pin To Net: NetName=CCLK Pin=U11-70
Added Pin To Net: NetName=DONE Pin=U11-71
Added Pin To Net: NetName=PHY_INT Pin=U11-75
Added Pin To Net: NetName=M0 Pin=U11-76
Added Pin To Net: NetName=M1 Pin=U11-77
Added Pin To Net: NetName=PHY_TXD3 Pin=U11-78
Added Pin To Net: NetName=PHY_TXD2 Pin=U11-79
Added Pin To Net: NetName=PHY_TXD1 Pin=U11-80
Added Pin To Net: NetName=PHY_TXD0 Pin=U11-81
Added Pin To Net: NetName=PHY_TX_EN Pin=U11-82
Added Pin To Net: NetName=PHY_TXCLK Pin=U11-83
Added Pin To Net: NetName=PHY_RXD3 Pin=U11-84
Added Pin To Net: NetName=PHY_RXD2 Pin=U11-85
Added Pin To Net: NetName=M0 Pin=U11-86
Added Pin To Net: NetName=PHY_RXD1 Pin=U11-87
Added Pin To Net: NetName=PHY_RXD0 Pin=U11-88
Added Pin To Net: NetName=VCCINT Pin=U11-89
Added Pin To Net: NetName=M0 Pin=U11-90
Added Pin To Net: NetName=M1 Pin=U11-91
Added Pin To Net: NetName=PHY_COL Pin=U11-92
Added Pin To Net: NetName=PHY_RXCLK Pin=U11-93
Added Pin To Net: NetName=PHY_RX_ER Pin=U11-94
Added Pin To Net: NetName=PHY_CRS Pin=U11-95
Added Pin To Net: NetName=M1 Pin=U11-96
Added Pin To Net: NetName=PHY_RX_DV Pin=U11-97
Added Pin To Net: NetName=PHY_MDC Pin=U11-98
Added Pin To Net: NetName=PHY_MDIO Pin=U11-99
Added Pin To Net: NetName=PHY_RSTN Pin=U11-100
Added Pin To Net: NetName=FT_TXD Pin=U11-101
Added Pin To Net: NetName=FT_RXD Pin=U11-102
Added Pin To Net: NetName=M0 Pin=U11-103
Added Pin To Net: NetName=TDO Pin=U11-106
Added Pin To Net: NetName=TMS Pin=U11-107
Added Pin To Net: NetName=M1 Pin=U11-108
Added Pin To Net: NetName=TCK Pin=U11-109
Added Pin To Net: NetName=TDI Pin=U11-110
Added Pin To Net: NetName=B_INTA Pin=U11-111
Added Pin To Net: NetName=B_PCI_RSTN Pin=U11-112
Added Pin To Net: NetName=M1 Pin=U11-113
Added Pin To Net: NetName=B_GNT Pin=U11-114
Added Pin To Net: NetName=B_REQ Pin=U11-115
Added Pin To Net: NetName=B_AD31 Pin=U11-116
Added Pin To Net: NetName=B_AD30 Pin=U11-117
Added Pin To Net: NetName=B_AD29 Pin=U11-118
Added Pin To Net: NetName=B_AD28 Pin=U11-119
Added Pin To Net: NetName=B_AD27 Pin=U11-120
Added Pin To Net: NetName=B_AD26 Pin=U11-121
Added Pin To Net: NetName=M0 Pin=U11-122
Added Pin To Net: NetName=B_PCI_CLK Pin=U11-123
Added Pin To Net: NetName=B_AD25 Pin=U11-124
Added Pin To Net: NetName=M0 Pin=U11-125
Added Pin To Net: NetName=B_AD24 Pin=U11-126
Added Pin To Net: NetName=B_C/BE3 Pin=U11-127
Added Pin To Net: NetName=VCCINT Pin=U11-128
Added Pin To Net: NetName=M0 Pin=U11-129
Added Pin To Net: NetName=M1 Pin=U11-130
Added Pin To Net: NetName=B_IDSEL Pin=U11-131
Added Pin To Net: NetName=B_AD23 Pin=U11-132
Added Pin To Net: NetName=B_AD22 Pin=U11-133
Added Pin To Net: NetName=B_AD21 Pin=U11-134
Added Pin To Net: NetName=M0 Pin=U11-135
Added Pin To Net: NetName=M1 Pin=U11-136
Added Pin To Net: NetName=B_AD20 Pin=U11-137
Added Pin To Net: NetName=B_AD19 Pin=U11-138
Added Pin To Net: NetName=B_AD18 Pin=U11-139
Added Pin To Net: NetName=B_AD17 Pin=U11-140
Added Pin To Net: NetName=B_AD16 Pin=U11-141
Added Pin To Net: NetName=B_C/BE2 Pin=U11-142
Added Pin To Net: NetName=B_FRAME Pin=U11-143
Added Pin To Net: NetName=B_IRDY Pin=U11-144
Added Pin To Net: NetName=C\S\O\ Pin=U12-1
Added Pin To Net: NetName=MISO Pin=U12-2
Added Pin To Net: NetName=M1 Pin=U12-4
Added Pin To Net: NetName=MOSI Pin=U12-5
Added Pin To Net: NetName=CCLK Pin=U12-6
Added Pin To Net: NetName=M0 Pin=U12-8
Added Pin To Net: NetName=M0 Pin=U13-1
Added Pin To Net: NetName=M1 Pin=U13-2
Added Pin To Net: NetName=CLK_50MHZ Pin=U13-3
Added Pin To Net: NetName=M0 Pin=U13-4
Added Pin To Net: NetName=M1 Pin=U14-4
Added Pin To Net: NetName=M1 Pin=U14-5
Added Pin To Net: NetName=M1 Pin=U14-6
Added Pin To Net: NetName=M1 Pin=U14-7
Added Pin To Net: NetName=M0 Pin=U14-8
Added Pin To Net: NetName=M1 Pin=U15-1
Added Pin To Net: NetName=M1 Pin=U15-2
Added Pin To Net: NetName=M1 Pin=U15-4
Added Pin To Net: NetName=M0 Pin=U15-8
Added Pin To Net: NetName=NetC6_1 Pin=Y1-2
Added Pin To Net: NetName=EP_WP Pin=U15-7
Added Net: Name=EP_WP
Added Pin To Net: NetName=GP_SCL Pin=R48-2
Added Pin To Net: NetName=GP_SCL Pin=U11-61
Added Pin To Net: NetName=GP_SCL Pin=U14-2
Added Pin To Net: NetName=GP_SCL Pin=U15-6
Added Net: Name=GP_SCL
Added Pin To Net: NetName=GP_SDA Pin=R49-2
Added Pin To Net: NetName=GP_SDA Pin=U11-62
Added Pin To Net: NetName=GP_SDA Pin=U14-1
Added Pin To Net: NetName=GP_SDA Pin=U15-5
Added Net: Name=GP_SDA
Added Pin To Net: NetName=GPIO0 Pin=P4-2
Added Pin To Net: NetName=GPIO0 Pin=U11-45
Added Net: Name=GPIO0
Added Pin To Net: NetName=GPIO1 Pin=P4-3
Added Pin To Net: NetName=GPIO1 Pin=U11-44
Added Net: Name=GPIO1
Added Pin To Net: NetName=GPIO2 Pin=P4-4
Added Pin To Net: NetName=GPIO2 Pin=U11-43
Added Net: Name=GPIO2
Added Pin To Net: NetName=GPIO3 Pin=P4-5
Added Pin To Net: NetName=GPIO3 Pin=U11-41
Added Net: Name=GPIO3
Added Pin To Net: NetName=LED0 Pin=R50-2
Added Pin To Net: NetName=LED0 Pin=U11-50
Added Net: Name=LED0
Added Pin To Net: NetName=LED1 Pin=R51-2
Added Pin To Net: NetName=LED1 Pin=U11-48
Added Net: Name=LED1
Added Pin To Net: NetName=LED2 Pin=R52-2
Added Pin To Net: NetName=LED2 Pin=U11-47
Added Net: Name=LED2
Added Pin To Net: NetName=NetC7_1 Pin=C7-1
Added Pin To Net: NetName=NetC7_1 Pin=U1-33
Added Pin To Net: NetName=NetC7_1 Pin=Y1-1
Added Net: Name=NetC7_1
Added Pin To Net: NetName=NetC14_1 Pin=C14-1
Added Pin To Net: NetName=NetC14_1 Pin=C15-2
Added Pin To Net: NetName=NetC14_1 Pin=C16-2
Added Pin To Net: NetName=NetC14_1 Pin=C17-2
Added Pin To Net: NetName=NetC14_1 Pin=U1-18
Added Pin To Net: NetName=NetC14_1 Pin=U1-23
Added Pin To Net: NetName=NetC14_1 Pin=U1-37
Added Net: Name=NetC14_1
Added Pin To Net: NetName=NetC33_1 Pin=C33-1
Added Pin To Net: NetName=NetC33_1 Pin=L2-1
Added Pin To Net: NetName=NetC33_1 Pin=P2-5
Added Pin To Net: NetName=NetC33_1 Pin=U8-2
Added Net: Name=NetC33_1
Added Pin To Net: NetName=NetC33_2 Pin=C33-2
Added Pin To Net: NetName=NetC33_2 Pin=L1-1
Added Pin To Net: NetName=NetC33_2 Pin=P2-1
Added Pin To Net: NetName=NetC33_2 Pin=U8-5
Added Net: Name=NetC33_2
Added Pin To Net: NetName=NetC35_2 Pin=C35-2
Added Pin To Net: NetName=NetC35_2 Pin=P2-6
Added Pin To Net: NetName=NetC35_2 Pin=P2-7
Added Pin To Net: NetName=NetC35_2 Pin=P2-8
Added Pin To Net: NetName=NetC35_2 Pin=P2-9
Added Net: Name=NetC35_2
Added Pin To Net: NetName=NetC50_2 Pin=C50-2
Added Pin To Net: NetName=NetC50_2 Pin=U10-2
Added Pin To Net: NetName=NetC50_2 Pin=Y2-2
Added Net: Name=NetC50_2
Added Pin To Net: NetName=NetC51_2 Pin=C51-2
Added Pin To Net: NetName=NetC51_2 Pin=U10-3
Added Pin To Net: NetName=NetC51_2 Pin=Y2-1
Added Net: Name=NetC51_2
Added Pin To Net: NetName=NetD3_1 Pin=D3-1
Added Pin To Net: NetName=NetD3_1 Pin=R31-1
Added Net: Name=NetD3_1
Added Pin To Net: NetName=NetD4_1 Pin=D4-1
Added Pin To Net: NetName=NetD4_1 Pin=R32-1
Added Net: Name=NetD4_1
Added Pin To Net: NetName=NetD5_2 Pin=D5-2
Added Pin To Net: NetName=NetD5_2 Pin=R41-2
Added Net: Name=NetD5_2
Added Pin To Net: NetName=NetD6_1 Pin=D6-1
Added Pin To Net: NetName=NetD6_1 Pin=R50-1
Added Net: Name=NetD6_1
Added Pin To Net: NetName=NetD7_1 Pin=D7-1
Added Pin To Net: NetName=NetD7_1 Pin=R51-1
Added Net: Name=NetD7_1
Added Pin To Net: NetName=NetD8_1 Pin=D8-1
Added Pin To Net: NetName=NetD8_1 Pin=R52-1
Added Net: Name=NetD8_1
Added Pin To Net: NetName=NetJ1_B9 Pin=J1-B9
Added Pin To Net: NetName=NetJ1_B9 Pin=J1-B11
Added Pin To Net: NetName=NetJ1_B9 Pin=Q1-3
Added Pin To Net: NetName=NetJ1_B9 Pin=R14-1
Added Net: Name=NetJ1_B9
Added Pin To Net: NetName=NetJ2_1 Pin=J2-1
Added Pin To Net: NetName=NetJ2_1 Pin=R53-2
Added Pin To Net: NetName=NetJ2_1 Pin=U14-3
Added Net: Name=NetJ2_1
Added Pin To Net: NetName=NetQ3_1 Pin=Q3-1
Added Pin To Net: NetName=NetQ3_1 Pin=U2-5
Added Net: Name=NetQ3_1
Added Pin To Net: NetName=NetR5_1 Pin=R5-1
Added Pin To Net: NetName=NetR5_1 Pin=U1-26
Added Net: Name=NetR5_1
Added Pin To Net: NetName=NetR11_2 Pin=R11-2
Added Pin To Net: NetName=NetR11_2 Pin=U1-21
Added Net: Name=NetR11_2
Added Pin To Net: NetName=NetR12_2 Pin=R12-2
Added Pin To Net: NetName=NetR12_2 Pin=U1-20
Added Net: Name=NetR12_2
Added Pin To Net: NetName=NetR13_2 Pin=R13-2
Added Pin To Net: NetName=NetR13_2 Pin=U1-24
Added Net: Name=NetR13_2
Added Pin To Net: NetName=NetR21_2 Pin=R21-2
Added Pin To Net: NetName=NetR21_2 Pin=U10-16
Added Net: Name=NetR21_2
Added Pin To Net: NetName=NetR22_2 Pin=R22-2
Added Pin To Net: NetName=NetR22_2 Pin=U10-17
Added Net: Name=NetR22_2
Added Pin To Net: NetName=NetR23_2 Pin=R23-2
Added Pin To Net: NetName=NetR23_2 Pin=U10-18
Added Net: Name=NetR23_2
Added Pin To Net: NetName=NetR24_2 Pin=R24-2
Added Pin To Net: NetName=NetR24_2 Pin=U10-19
Added Net: Name=NetR24_2
Added Pin To Net: NetName=NetR26_1 Pin=R26-1
Added Pin To Net: NetName=NetR26_1 Pin=U10-14
Added Net: Name=NetR26_1
Added Pin To Net: NetName=NetR27_1 Pin=R27-1
Added Pin To Net: NetName=NetR27_1 Pin=U10-6
Added Net: Name=NetR27_1
Added Pin To Net: NetName=NetR30_2 Pin=R30-2
Added Pin To Net: NetName=NetR30_2 Pin=R33-1
Added Pin To Net: NetName=NetR30_2 Pin=U9-4
Added Net: Name=NetR30_2
Added Pin To Net: NetName=NetR34_2 Pin=R34-2
Added Pin To Net: NetName=NetR34_2 Pin=U11-73
Added Net: Name=NetR34_2
Added Pin To Net: NetName=PCI_BUS_EN Pin=Q4-1
Added Pin To Net: NetName=PCI_BUS_EN Pin=R20-2
Added Pin To Net: NetName=PCI_BUS_EN Pin=U11-105
Added Net: Name=PCI_BUS_EN
Added Pin To Net: NetName=PCI_PRS Pin=Q1-1
Added Pin To Net: NetName=PCI_PRS Pin=R15-1
Added Pin To Net: NetName=PCI_PRS Pin=U11-104
Added Net: Name=PCI_PRS
Added Class: Name=Peripherals
Added Class: Name=GPIO[3..0]
Added Class: Name=LED[2..0]
Added Member To Class: ClassName=Network Member=Component C1 Cap
Added Member To Class: ClassName=Network Member=Component C2 Cap
Added Member To Class: ClassName=Network Member=Component C3 Cap
Added Member To Class: ClassName=Network Member=Component C4 Cap
Added Member To Class: ClassName=Network Member=Component C5 Cap
Added Member To Class: ClassName=Network Member=Component C6 Cap
Added Member To Class: ClassName=Network Member=Component C7 Cap
Added Member To Class: ClassName=Network Member=Component C8 Cap Pol3
Added Member To Class: ClassName=Network Member=Component C9 Cap Pol3
Added Member To Class: ClassName=Network Member=Component C10 Cap
Added Member To Class: ClassName=Network Member=Component C11 Cap
Added Member To Class: ClassName=Network Member=Component C12 Cap
Added Member To Class: ClassName=Network Member=Component C13 Cap
Added Member To Class: ClassName=Network Member=Component C14 Cap Pol3
Added Member To Class: ClassName=Network Member=Component C15 Cap
Added Member To Class: ClassName=Network Member=Component C16 Cap
Added Member To Class: ClassName=Network Member=Component C17 Cap
Added Member To Class: ClassName=Power Member=Component C18 Cap
Added Member To Class: ClassName=Power Member=Component C19 Cap
Added Member To Class: ClassName=Power Member=Component C20 Cap
Added Member To Class: ClassName=Power Member=Component C21 Cap
Added Member To Class: ClassName=Power Member=Component C22 Cap
Added Member To Class: ClassName=Power Member=Component C23 Cap
Added Member To Class: ClassName=Power Member=Component C24 Cap
Added Member To Class: ClassName=Power Member=Component C25 Cap
Added Member To Class: ClassName=Power Member=Component C26 Capacitor
Added Member To Class: ClassName=Power Member=Component C27 Capacitor
Added Member To Class: ClassName=Power Member=Component C28 Cap
Added Member To Class: ClassName=Power Member=Component C29 Cap
Added Member To Class: ClassName=Bus-switch Member=Component C30 Cap Semi
Added Member To Class: ClassName=Bus-switch Member=Component C31 Cap Semi
Added Member To Class: ClassName=Bus-switch Member=Component C32 Cap Semi
Added Member To Class: ClassName=Programmer-JTAG Member=Component C33 Cap
Added Member To Class: ClassName=Programmer-JTAG Member=Component C34 Cap
Added Member To Class: ClassName=Programmer-JTAG Member=Component C35 Cap
Added Member To Class: ClassName=Programmer-JTAG Member=Component C36 Cap
Added Member To Class: ClassName=Programmer-JTAG Member=Component C37 Cap
Added Member To Class: ClassName=Programmer-JTAG Member=Component C38 Cap Semi
Added Member To Class: ClassName=Programmer-JTAG Member=Component C39 Cap Semi
Added Member To Class: ClassName=Programmer-JTAG Member=Component C40 Cap Semi
Added Member To Class: ClassName=Programmer-JTAG Member=Component C41 Cap Semi
Added Member To Class: ClassName=Programmer-JTAG Member=Component C42 Cap Semi
Added Member To Class: ClassName=Programmer-JTAG Member=Component C43 Cap Semi
Added Member To Class: ClassName=Programmer-JTAG Member=Component C44 Cap Semi
Added Member To Class: ClassName=Programmer-JTAG Member=Component C45 Cap Semi
Added Member To Class: ClassName=Programmer-JTAG Member=Component C46 Cap Semi
Added Member To Class: ClassName=Programmer-JTAG Member=Component C47 Cap Semi
Added Member To Class: ClassName=Programmer-JTAG Member=Component C48 Cap Semi
Added Member To Class: ClassName=Programmer-JTAG Member=Component C49 Cap Semi
Added Member To Class: ClassName=Programmer-JTAG Member=Component C50 Cap
Added Member To Class: ClassName=Programmer-JTAG Member=Component C51 Cap
Added Member To Class: ClassName=Programmer-JTAG Member=Component C52 Cap Semi
Added Member To Class: ClassName=Spartan6-Power Member=Component C53 Cap Semi
Added Member To Class: ClassName=Spartan6-Power Member=Component C54 Cap Semi
Added Member To Class: ClassName=Spartan6-Power Member=Component C55 Cap Semi
Added Member To Class: ClassName=Spartan6-Power Member=Component C56 Cap Semi
Added Member To Class: ClassName=Spartan6-Power Member=Component C57 Cap Semi
Added Member To Class: ClassName=Spartan6-Power Member=Component C58 Cap Semi
Added Member To Class: ClassName=Spartan6-Power Member=Component C59 Cap Semi
Added Member To Class: ClassName=Spartan6-Power Member=Component C60 Cap Semi
Added Member To Class: ClassName=Spartan6-Power Member=Component C61 Cap Semi
Added Member To Class: ClassName=Spartan6-Power Member=Component C62 Cap Semi
Added Member To Class: ClassName=Spartan6-Power Member=Component C63 Cap Semi
Added Member To Class: ClassName=Spartan6-Power Member=Component C64 Cap Semi
Added Member To Class: ClassName=Spartan6-Power Member=Component C65 Cap Semi
Added Member To Class: ClassName=Spartan6-Power Member=Component C66 Cap Semi
Added Member To Class: ClassName=Spartan6-Power Member=Component C67 Cap Semi
Added Member To Class: ClassName=Spartan6-Power Member=Component C68 Cap Semi
Added Member To Class: ClassName=Spartan6-Power Member=Component C69 Cap Semi
Added Member To Class: ClassName=Spartan6-Power Member=Component C70 Cap Semi
Added Member To Class: ClassName=Spartan6-Power Member=Component C71 Cap Semi
Added Member To Class: ClassName=Spartan6-Power Member=Component C72 Cap Semi
Added Member To Class: ClassName=Spartan6-Power Member=Component C73 Cap Semi
Added Member To Class: ClassName=Spartan6-Power Member=Component C74 Cap Semi
Added Member To Class: ClassName=Spartan6-Power Member=Component C75 Cap Semi
Added Member To Class: ClassName=Spartan6-Power Member=Component C76 Cap Semi
Added Member To Class: ClassName=Spartan6-Power Member=Component C77 Cap
Added Member To Class: ClassName=Spartan6-Power Member=Component C78 Cap Semi
Added Member To Class: ClassName=Spartan6-Power Member=Component C79 Cap Semi
Added Member To Class: ClassName=Spartan6-Power Member=Component C80 Cap Semi
Added Member To Class: ClassName=Spartan6-Power Member=Component C81 Cap Semi
Added Member To Class: ClassName=Spartan6-IO23 Member=Component C82 Cap Semi
Added Member To Class: ClassName=Spartan6-IO23 Member=Component C83 Cap
Added Member To Class: ClassName=Spartan6-IO23 Member=Component C84 Cap
Added Member To Class: ClassName=PCI-connector Member=Component D1 LED0
Added Member To Class: ClassName=Programmer-JTAG Member=Component D2 LED0
Added Member To Class: ClassName=Programmer-JTAG Member=Component D3 LED0
Added Member To Class: ClassName=Programmer-JTAG Member=Component D4 LED0
Added Member To Class: ClassName=Spartan6-Power Member=Component D5 LED0
Added Member To Class: ClassName=PCI-connector Member=Component J1 PCI-32bit-5/3.3V-V2.2
Added Member To Class: ClassName=Programmer-JTAG Member=Component L1 Ferrite Bead
Added Member To Class: ClassName=Programmer-JTAG Member=Component L2 Ferrite Bead
Added Member To Class: ClassName=Programmer-JTAG Member=Component L3 Ferrite Bead
Added Member To Class: ClassName=Programmer-JTAG Member=Component L4 Ferrite Bead
Added Member To Class: ClassName=Network Member=Component LAN1 Ethernet RJ45
Added Member To Class: ClassName=Bus-switch Member=Component P1 Header 2
Added Member To Class: ClassName=Programmer-JTAG Member=Component P2 USB Serial
Added Member To Class: ClassName=Spartan6-Power Member=Component P3 JATG Header
Added Member To Class: ClassName=PCI-connector Member=Component Q1 IRLML2803TRPBF
Added Member To Class: ClassName=Power Member=Component Q2 IRLML6401
Added Member To Class: ClassName=Power Member=Component Q3 IRLML6401
Added Member To Class: ClassName=Bus-switch Member=Component Q4 IRLML2803TRPBF
Added Member To Class: ClassName=Network Member=Component R1 Res Semi
Added Member To Class: ClassName=Network Member=Component R2 Res Semi
Added Member To Class: ClassName=Network Member=Component R3 Res Semi
Added Member To Class: ClassName=Network Member=Component R4 Res Semi
Added Member To Class: ClassName=Network Member=Component R5 Res Semi
Added Member To Class: ClassName=Network Member=Component R6 Res Semi
Added Member To Class: ClassName=Network Member=Component R7 Res Semi
Added Member To Class: ClassName=Network Member=Component R8 Res Semi
Added Member To Class: ClassName=Network Member=Component R9 Res Semi
Added Member To Class: ClassName=Network Member=Component R10 Res Semi
Added Member To Class: ClassName=Network Member=Component R11 Res Semi
Added Member To Class: ClassName=Network Member=Component R12 Res Semi
Added Member To Class: ClassName=Network Member=Component R13 Res Semi
Added Member To Class: ClassName=PCI-connector Member=Component R14 Res Semi
Added Member To Class: ClassName=PCI-connector Member=Component R15 Res Semi
Added Member To Class: ClassName=PCI-connector Member=Component R16 Res Semi
Added Member To Class: ClassName=Power Member=Component R17 Res Semi
Added Member To Class: ClassName=Power Member=Component R18 Res Semi
Added Member To Class: ClassName=Bus-switch Member=Component R19 Res1
Added Member To Class: ClassName=Bus-switch Member=Component R20 Res1
Added Member To Class: ClassName=Programmer-JTAG Member=Component R21 Res Semi
Added Member To Class: ClassName=Programmer-JTAG Member=Component R22 Res Semi
Added Member To Class: ClassName=Programmer-JTAG Member=Component R23 Res Semi
Added Member To Class: ClassName=Programmer-JTAG Member=Component R24 Res Semi
Added Member To Class: ClassName=Programmer-JTAG Member=Component R25 Res Semi
Added Member To Class: ClassName=Programmer-JTAG Member=Component R26 Res Semi
Added Member To Class: ClassName=Programmer-JTAG Member=Component R27 Res Semi
Added Member To Class: ClassName=Programmer-JTAG Member=Component R28 Res Semi
Added Member To Class: ClassName=Programmer-JTAG Member=Component R29 Res Semi
Added Member To Class: ClassName=Programmer-JTAG Member=Component R30 Res Semi
Added Member To Class: ClassName=Programmer-JTAG Member=Component R31 Res Semi
Added Member To Class: ClassName=Programmer-JTAG Member=Component R32 Res Semi
Added Member To Class: ClassName=Programmer-JTAG Member=Component R33 Res Semi
Added Member To Class: ClassName=Spartan6-Power Member=Component R34 Res1
Added Member To Class: ClassName=Spartan6-Power Member=Component R35 Res1
Added Member To Class: ClassName=Spartan6-Power Member=Component R36 Res1
Added Member To Class: ClassName=Spartan6-Power Member=Component R37 Res Semi
Added Member To Class: ClassName=Spartan6-Power Member=Component R38 Res Semi
Added Member To Class: ClassName=Spartan6-Power Member=Component R39 Res Semi
Added Member To Class: ClassName=Spartan6-Power Member=Component R40 Res Semi
Added Member To Class: ClassName=Spartan6-Power Member=Component R41 Res1
Added Member To Class: ClassName=Spartan6-Power Member=Component R42 Res Semi
Added Member To Class: ClassName=Spartan6-Power Member=Component R43 Res Semi
Added Member To Class: ClassName=Spartan6-Power Member=Component R44 Res Semi
Added Member To Class: ClassName=Spartan6-Power Member=Component R45 Res Semi
Added Member To Class: ClassName=Spartan6-IO23 Member=Component R46 Res1
Added Member To Class: ClassName=Spartan6-IO23 Member=Component R47 Res1
Added Member To Class: ClassName=Spartan6-Power Member=Component S1 SW-PB
Added Member To Class: ClassName=Power Member=Component TP1 TP
Added Member To Class: ClassName=Power Member=Component TP2 TP
Added Member To Class: ClassName=Network Member=Component U1 DP83848C
Added Member To Class: ClassName=Power Member=Component U2 LTC4412
Added Member To Class: ClassName=Power Member=Component U3 FAN1086M33
Added Member To Class: ClassName=Power Member=Component U4 AMS1117-1.2
Added Member To Class: ClassName=Bus-switch Member=Component U5 SN74CBTD16210
Added Member To Class: ClassName=Bus-switch Member=Component U6 SN74CBTD16210
Added Member To Class: ClassName=Bus-switch Member=Component U7 SN74CBTD16210
Added Member To Class: ClassName=Programmer-JTAG Member=Component U8 PRTR5V0U2D
Added Member To Class: ClassName=Programmer-JTAG Member=Component U9 AT93C46DN-SP25-B
Added Member To Class: ClassName=Programmer-JTAG Member=Component U10 FT2232HL-Reel
Added Member To Class: ClassName=Spartan6-IO01 Member=Component U11 XC6SLX9-2TQG144
Added Member To Class: ClassName=Spartan6-IO23 Member=Component U12 W25Q32FVSSIG
Added Member To Class: ClassName=Spartan6-IO23 Member=Component U13 Oscillator
Added Member To Class: ClassName=Network Member=Component Y1 XTAL
Added Member To Class: ClassName=Programmer-JTAG Member=Component Y2 XTAL
Added Room: Name=Bus-switch
Added Room: Name=Network
Added Room: Name=PCI-connector
Added Room: Name=Peripherals
Added Room: Name=Power
Added Room: Name=Programmer-JTAG
Added Room: Name=Spartan6-IO01
Added Room: Name=Spartan6-IO23
Added Room: Name=Spartan6-Power
