Removed Pin From Net: NetName=GND Pin=C16-1
Removed Pin From Net: NetName=VCC_3V3 Pin=C16-2
Removed Pin From Net: NetName=GND Pin=C17-1
Removed Pin From Net: NetName=VCC_3V3 Pin=C17-2
Removed Pin From Net: NetName=VCC_BAT Pin=C20-1
Removed Pin From Net: NetName=VDD Pin=C21-2
Removed Pin From Net: NetName=VDD Pin=C22-2
Removed Pin From Net: NetName=VCC_BAT Pin=C23-2
Removed Pin From Net: NetName=GND Pin=C38-1
Removed Pin From Net: NetName=5V0 Pin=C38-2
Removed Pin From Net: NetName=VDD Pin=Q1-2
Removed Pin From Net: NetName=5V0 Pin=Q1-3
Removed Pin From Net: NetName=VDD Pin=Q2-2
Removed Pin From Net: NetName=VCC_BAT Pin=Q2-3
Removed Pin From Net: NetName=VCC_3V3 Pin=R13-2
Removed Pin From Net: NetName=5V0 Pin=R21-2
Removed Pin From Net: NetName=VCC_BAT Pin=R22-2
Removed Pin From Net: NetName=GND Pin=R23-1
Removed Pin From Net: NetName=GND Pin=R24-1
Removed Pin From Net: NetName=VDD Pin=R25-2
Removed Pin From Net: NetName=VCC_3V3 Pin=R27-1
Removed Pin From Net: NetName=VCC_3V3 Pin=R39-2
Removed Pin From Net: NetName=VDD Pin=TP2-1
Removed Pin From Net: NetName=VCC_BAT Pin=TP3-1
Removed Pin From Net: NetName=VCC_3V3 Pin=U2-1
Removed Pin From Net: NetName=GND Pin=U2-2
Removed Pin From Net: NetName=VCC_3V3 Pin=U2-4
Removed Pin From Net: NetName=VCC_BAT Pin=U4-1
Removed Pin From Net: NetName=VDD Pin=U4-6
Removed Member From Class: ClassName=Network Member=C16
Removed Member From Class: ClassName=Network Member=C17
Removed Member From Class: ClassName=Power Member=C20
Removed Member From Class: ClassName=Network Member=R5
Removed Member From Class: ClassName=Network Member=R7
Removed Member From Class: ClassName=Network Member=R13
Removed Member From Class: ClassName=Network Member=R14
Removed Member From Class: ClassName=Network Member=R15
Removed Member From Class: ClassName=Power Member=R21
Removed Member From Class: ClassName=Power Member=R22
Removed Member From Class: ClassName=Power Member=R23
Removed Member From Class: ClassName=Power Member=R24
Removed Member From Class: ClassName=Network Member=U2
Change Component DesignItemId : Designator=C38 Old DesignItemId=Cap Semi New DesignItemId=Cap
Change Component Footprint: Designator=C38 Old Footprint=0603PKG New Footprint=C0805
Change Component Footprint: Designator=R18 Old Footprint=C0805 New Footprint=C1206
Change Component Comment : Designator=C38 Old Comment=Cap Semi New Comment=Cap
Added Component: Designator=C38(0603PKG)
Added Component: Designator=C41(C0805)
Added Component: Designator=C69(C0805)
Added Component: Designator=C70(C0805)
Added Component: Designator=C74(Capacitor)
Added Component: Designator=C75(C1206)
Added Component: Designator=C76(C0805)
Added Component: Designator=C79(C0805)
Added Component: Designator=C80(C1206)
Added Component: Designator=C81(C0805)
Added Component: Designator=C82(Capacitor)
Added Component: Designator=D1(C0805)
Added Component: Designator=D1(C0805)
Added Component: Designator=D2(C0805)
Added Component: Designator=Q?(TO-220AB)
Added Component: Designator=R53(0603PKG)
Added Component: Designator=R53(0603PKG)
Added Component: Designator=R54(0603PKG)
Added Component: Designator=U12(TO263)
Added Component: Designator=U13(LF33-TO-252)
Added Component: Designator=Y3(SMD_Crystal)
Added Pin To Net: NetName=5V0 Pin=C21-2
Added Pin To Net: NetName=5V0 Pin=C22-2
Added Pin To Net: NetName=5V0_PCI Pin=C23-2
Added Pin To Net: NetName=GND Pin=C38-1
Added Pin To Net: NetName=5V0 Pin=C38-2
Added Pin To Net: NetName=GND Pin=C38-2
Added Pin To Net: NetName=GND Pin=C41-2
Added Pin To Net: NetName=VCC_3V3 Pin=C61-1
Added Pin To Net: NetName=VCC_3V3 Pin=C62-1
Added Pin To Net: NetName=VCC_3V3 Pin=C63-1
Added Pin To Net: NetName=VCC_3V3 Pin=C64-1
Added Pin To Net: NetName=VCC_3V3 Pin=C65-1
Added Pin To Net: NetName=VCC_3V3 Pin=C66-1
Added Pin To Net: NetName=VCC_3V3 Pin=C67-1
Added Pin To Net: NetName=VCC_3V3 Pin=C68-1
Added Pin To Net: NetName=GND Pin=C69-1
Added Pin To Net: NetName=VCC_3V3 Pin=C69-2
Added Pin To Net: NetName=GND Pin=C70-1
Added Pin To Net: NetName=VCC_3V3 Pin=C70-2
Added Pin To Net: NetName=VCC_3V3 Pin=C73-1
Added Pin To Net: NetName=GND Pin=C74-1
Added Pin To Net: NetName=VCC_3V3 Pin=C74-1
Added Pin To Net: NetName=VCC_3V3 Pin=C74-2
Added Pin To Net: NetName=GND Pin=C75-1
Added Pin To Net: NetName=VCC_3V3 Pin=C75-1
Added Pin To Net: NetName=5V0 Pin=C75-2
Added Pin To Net: NetName=GND Pin=C76-1
Added Pin To Net: NetName=VCC_3V3 Pin=C76-1
Added Pin To Net: NetName=5V0 Pin=C76-2
Added Pin To Net: NetName=VCC_3V3 Pin=C77-1
Added Pin To Net: NetName=VCC_3V3 Pin=C78-1
Added Pin To Net: NetName=GND Pin=C79-1
Added Pin To Net: NetName=VCC_3V3 Pin=C79-1
Added Pin To Net: NetName=VCC_1V8 Pin=C79-2
Added Pin To Net: NetName=GND Pin=C80-1
Added Pin To Net: NetName=VCC_3V3 Pin=C80-1
Added Pin To Net: NetName=5V0 Pin=C80-2
Added Pin To Net: NetName=GND Pin=C81-1
Added Pin To Net: NetName=VCC_3V3 Pin=C81-1
Added Pin To Net: NetName=5V0 Pin=C81-2
Added Pin To Net: NetName=GND Pin=C82-1
Added Pin To Net: NetName=VCC_3V3 Pin=C82-1
Added Pin To Net: NetName=VCC_1V8 Pin=C82-2
Added Pin To Net: NetName=VCC_3V3 Pin=C83-1
Added Pin To Net: NetName=VCC_3V3 Pin=C84-1
Added Pin To Net: NetName=VCC_3V3 Pin=C85-1
Added Pin To Net: NetName=VCC_3V3 Pin=C86-1
Added Pin To Net: NetName=VCC_3V3 Pin=C87-1
Added Pin To Net: NetName=VCC_3V3 Pin=C88-1
Added Pin To Net: NetName=VCC_3V3 Pin=C92-1
Added Pin To Net: NetName=GND Pin=D1-2
Added Pin To Net: NetName=VCC_3V3 Pin=P3-1
Added Pin To Net: NetName=5V0 Pin=Q1-2
Added Pin To Net: NetName=5V0_USB Pin=Q1-3
Added Pin To Net: NetName=5V0 Pin=Q2-2
Added Pin To Net: NetName=5V0_PCI Pin=Q2-3
Added Pin To Net: NetName=5V0 Pin=R25-2
Added Pin To Net: NetName=5V0_PCI Pin=R53-2
Added Pin To Net: NetName=VCC_3V3 Pin=R53-2
Added Pin To Net: NetName=VCC_3V3 Pin=R54-2
Added Pin To Net: NetName=VCC_3V3 Pin=R61-2
Added Pin To Net: NetName=VCC_3V3 Pin=R62-2
Added Pin To Net: NetName=VCC_3V3 Pin=R63-2
Added Pin To Net: NetName=VCC_3V3 Pin=R64-2
Added Pin To Net: NetName=VCC_3V3 Pin=R65-2
Added Pin To Net: NetName=VCC_3V3 Pin=R66-2
Added Pin To Net: NetName=VCC_3V3 Pin=R72-2
Added Pin To Net: NetName=VCC_3V3 Pin=R73-1
Added Pin To Net: NetName=VCC_3V3 Pin=R75-1
Added Pin To Net: NetName=5V0 Pin=TP2-1
Added Pin To Net: NetName=5V0_PCI Pin=TP3-1
Added Pin To Net: NetName=5V0_PCI Pin=U4-1
Added Pin To Net: NetName=5V0 Pin=U4-6
Added Pin To Net: NetName=GND Pin=U10-18
Added Pin To Net: NetName=GND Pin=U11-18
Added Pin To Net: NetName=GND Pin=U12-1
Added Pin To Net: NetName=VCC_3V3 Pin=U12-2
Added Pin To Net: NetName=5V0 Pin=U12-3
Added Pin To Net: NetName=VCC_3V3 Pin=U12-4
Added Pin To Net: NetName=GND Pin=U13-1
Added Pin To Net: NetName=5V0 Pin=U13-3
Added Pin To Net: NetName=VCC_1V8 Pin=U13-4
Added Pin To Net: NetName=VCC_3V3 Pin=U15-4
Added Pin To Net: NetName=VCC_3V3 Pin=U15-18
Added Pin To Net: NetName=VCC_3V3 Pin=U15-20
Added Pin To Net: NetName=VCC_3V3 Pin=U15-31
Added Pin To Net: NetName=VCC_3V3 Pin=U15-36
Added Pin To Net: NetName=VCC_3V3 Pin=U15-42
Added Pin To Net: NetName=VCC_3V3 Pin=U15-53
Added Pin To Net: NetName=VCC_3V3 Pin=U15-63
Added Pin To Net: NetName=VCC_3V3 Pin=U15-69
Added Pin To Net: NetName=VCC_3V3 Pin=U15-76
Added Pin To Net: NetName=VCC_3V3 Pin=U15-86
Added Pin To Net: NetName=VCC_3V3 Pin=U15-90
Added Pin To Net: NetName=VCC_3V3 Pin=U15-103
Added Pin To Net: NetName=VCC_3V3 Pin=U15-122
Added Pin To Net: NetName=VCC_3V3 Pin=U15-125
Added Pin To Net: NetName=VCC_3V3 Pin=U15-129
Added Pin To Net: NetName=VCC_3V3 Pin=U15-135
Added Pin To Net: NetName=VCC_3V3 Pin=U17-8
Change Net Name : Old Net Name=EMDC New Net Name=PHY_MDC
Change Net Name : Old Net Name=EMDINTR New Net Name=PHY_INT
Change Net Name : Old Net Name=EMDIO New Net Name=PHY_MDIO
Change Net Name : Old Net Name=NRST New Net Name=PHY_RSTN
Change Net Name : Old Net Name=VCC_3V3 New Net Name=M0
Added Pin To Net: NetName=FT_RXD Pin=U14-39
Added Net: Name=FT_RXD
Added Pin To Net: NetName=FT_TXD Pin=U14-38
Added Net: Name=FT_TXD
Added Pin To Net: NetName=NetC38_1 Pin=C38-1
Added Pin To Net: NetName=NetC38_1 Pin=U1-34
Added Pin To Net: NetName=NetC38_1 Pin=Y3-2
Added Net: Name=NetC38_1
Added Pin To Net: NetName=NetD2_1 Pin=D2-1
Added Pin To Net: NetName=NetD2_1 Pin=R54-1
Added Net: Name=NetD2_1
Added Pin To Net: NetName=PHY_COL Pin=U1-42
Added Net: Name=PHY_COL
Added Pin To Net: NetName=PHY_CRS Pin=U1-40
Added Net: Name=PHY_CRS
Added Pin To Net: NetName=PHY_RX_DV Pin=U1-39
Added Net: Name=PHY_RX_DV
Added Pin To Net: NetName=PHY_RX_ER Pin=U1-41
Added Net: Name=PHY_RX_ER
Added Pin To Net: NetName=PHY_RXCLK Pin=U1-38
Added Net: Name=PHY_RXCLK
Added Pin To Net: NetName=PHY_RXD0 Pin=U1-43
Added Net: Name=PHY_RXD0
Added Pin To Net: NetName=PHY_RXD1 Pin=U1-44
Added Net: Name=PHY_RXD1
Added Pin To Net: NetName=PHY_RXD2 Pin=U1-45
Added Net: Name=PHY_RXD2
Added Pin To Net: NetName=PHY_RXD3 Pin=U1-46
Added Net: Name=PHY_RXD3
Added Pin To Net: NetName=PHY_TX_EN Pin=U1-2
Added Net: Name=PHY_TX_EN
Added Pin To Net: NetName=PHY_TXCLK Pin=U1-1
Added Net: Name=PHY_TXCLK
Added Pin To Net: NetName=PHY_TXD0 Pin=U1-3
Added Net: Name=PHY_TXD0
Added Pin To Net: NetName=PHY_TXD1 Pin=U1-4
Added Net: Name=PHY_TXD1
Added Pin To Net: NetName=PHY_TXD2 Pin=U1-5
Added Net: Name=PHY_TXD2
Added Pin To Net: NetName=PHY_TXD3 Pin=U1-6
Added Net: Name=PHY_TXD3
Added Pin To Net: NetName=RXLED# Pin=D2-2
Added Pin To Net: NetName=RXLED# Pin=U14-54
Added Net: Name=RXLED#
Added Pin To Net: NetName=TXLED# Pin=D1-2
Added Pin To Net: NetName=TXLED# Pin=U14-55
Added Net: Name=TXLED#
Added Pin To Net: NetName=VCC_3V3 Pin=R27-1
Added Pin To Net: NetName=VCC_3V3 Pin=R39-2
Added Net: Name=VCC_3V3
Added Member To Class: ClassName=Network Member=Component C38 Cap
Added Member To Class: ClassName=Network Member=Component C41 Cap
Added Member To Class: ClassName=Power Member=Component C69 Cap
Added Member To Class: ClassName=Power Member=Component C70 Cap
Added Member To Class: ClassName=Power Member=Component C74 Capacitor
Added Member To Class: ClassName=Power Member=Component C75 Cap
Added Member To Class: ClassName=Power Member=Component C76 Cap
Added Member To Class: ClassName=Power Member=Component C79 Cap
Added Member To Class: ClassName=Power Member=Component C80 Cap
Added Member To Class: ClassName=Power Member=Component C81 Cap
Added Member To Class: ClassName=Power Member=Component C82 Capacitor
Added Member To Class: ClassName=PCI-connector Member=Component D1 LED0
Added Member To Class: ClassName=Programmer-JTAG Member=Component D2 LED0
Added Member To Class: ClassName=Bus-switch Member=Component Q? NMOS-2
Added Member To Class: ClassName=PCI-connector Member=Component R53 Res Semi
Added Member To Class: ClassName=Power Member=Component U12 FAN1086M33
Added Member To Class: ClassName=Power Member=Component U13 AMS1117-1v8
Added Member To Class: ClassName=Network Member=Component Y3 XTAL
