Added Component: Designator=C1(0603PKG)
Added Component: Designator=C2(0603PKG)
Added Component: Designator=C3(0603PKG)
Added Component: Designator=C4(0603PKG)
Added Component: Designator=C5(C0805)
Added Component: Designator=C6(3216X18N)
Added Component: Designator=C7(0603PKG)
Added Component: Designator=C8(0603PKG)
Added Component: Designator=C9(0603PKG)
Added Component: Designator=C10(3216X18N)
Added Component: Designator=C11(3216X18N)
Added Component: Designator=C12(0603PKG)
Added Component: Designator=C13(0603PKG)
Added Component: Designator=C14(0603PKG)
Added Component: Designator=C15(0603PKG)
Added Component: Designator=C16(0603PKG)
Added Component: Designator=C17(0603PKG)
Added Component: Designator=C18(0603PKG)
Added Component: Designator=C19(C0805)
Added Component: Designator=C20(C0805)
Added Component: Designator=C21(0603PKG)
Added Component: Designator=C22(C0805)
Added Component: Designator=C23(0603PKG)
Added Component: Designator=C24(0603PKG)
Added Component: Designator=C25(0603PKG)
Added Component: Designator=C26(0603PKG)
Added Component: Designator=C27(C1206)
Added Component: Designator=C28(C1206)
Added Component: Designator=C29(0603PKG)
Added Component: Designator=C30(C1206)
Added Component: Designator=C31(C1206)
Added Component: Designator=C32(0603PKG)
Added Component: Designator=C33(0603PKG)
Added Component: Designator=C34(0603PKG)
Added Component: Designator=C35(0603PKG)
Added Component: Designator=C36(C0805)
Added Component: Designator=C37(C0805)
Added Component: Designator=C38(0603PKG)
Added Component: Designator=C39(0603PKG)
Added Component: Designator=C40(0603PKG)
Added Component: Designator=D1(C0805)
Added Component: Designator=J1(PCI-32bit-5/3.3V-V2.2)
Added Component: Designator=L1(C0805)
Added Component: Designator=L2(C0805)
Added Component: Designator=L3(CAPM3216X18N)
Added Component: Designator=LAN1(RJ45)
Added Component: Designator=P1(XH_2Pin_RA)
Added Component: Designator=P2(Mini USB)
Added Component: Designator=Q1(SOT23)
Added Component: Designator=Q2(SOT23)
Added Component: Designator=R1(C0805)
Added Component: Designator=R2(C0805)
Added Component: Designator=R3(C0805)
Added Component: Designator=R4(C0805)
Added Component: Designator=R5(CAC-50P205X105-8M)
Added Component: Designator=R6(C0805)
Added Component: Designator=R7(CAC-50P205X105-8M)
Added Component: Designator=R8(C0805)
Added Component: Designator=R9(C0805)
Added Component: Designator=R10(C0805)
Added Component: Designator=R11(C0805)
Added Component: Designator=R12(C0805)
Added Component: Designator=R13(C0805)
Added Component: Designator=R14(C0805)
Added Component: Designator=R15(C0805)
Added Component: Designator=R16(C0805)
Added Component: Designator=R17(C0805)
Added Component: Designator=R18(C0805)
Added Component: Designator=R19(0603PKG)
Added Component: Designator=R20(0603PKG)
Added Component: Designator=R21(0603PKG)
Added Component: Designator=R22(0603PKG)
Added Component: Designator=R23(0603PKG)
Added Component: Designator=R24(0603PKG)
Added Component: Designator=R25(0603PKG)
Added Component: Designator=R26(0603PKG)
Added Component: Designator=R27(0603PKG)
Added Component: Designator=R28(C0805)
Added Component: Designator=R29(0603PKG)
Added Component: Designator=R30(0603PKG)
Added Component: Designator=R31(0603PKG)
Added Component: Designator=R32(0603PKG)
Added Component: Designator=R33(0603PKG)
Added Component: Designator=R34(0603PKG)
Added Component: Designator=R35(0603PKG)
Added Component: Designator=R36(0603PKG)
Added Component: Designator=R37(0603PKG)
Added Component: Designator=R38(0603PKG)
Added Component: Designator=R39(0603PKG)
Added Component: Designator=R40(0603PKG)
Added Component: Designator=R41(0603PKG)
Added Component: Designator=R42(0603PKG)
Added Component: Designator=R43(0603PKG)
Added Component: Designator=R44(0603PKG)
Added Component: Designator=R45(0603PKG)
Added Component: Designator=R46(0603PKG)
Added Component: Designator=R47(0603PKG)
Added Component: Designator=R48(0603PKG)
Added Component: Designator=R49(0603PKG)
Added Component: Designator=S1(Slide switch)
Added Component: Designator=TP1(TP_15)
Added Component: Designator=TP2(TP_15)
Added Component: Designator=TP3(TP_15)
Added Component: Designator=TP4(TP_15)
Added Component: Designator=TP5(TP_15)
Added Component: Designator=U1(LQFP48)
Added Component: Designator=U2(Crystal5x7)
Added Component: Designator=U3(SOT23-5)
Added Component: Designator=U4(SOT457)
Added Component: Designator=U5(SOT23-6)
Added Component: Designator=U6(QFN16-4*4*0.65)
Added Component: Designator=U7(SOT23-5)
Added Component: Designator=U8(SOT23-5)
Added Component: Designator=U9(SOT23-5)
Added Component: Designator=U10(TQG144)
Added Component: Designator=U11(LQFP-64_N)
Added Pin To Net: NetName=NetC1_1 Pin=C1-1
Added Pin To Net: NetName=GND Pin=C1-2
Added Pin To Net: NetName=NetC2_1 Pin=C2-1
Added Pin To Net: NetName=GND Pin=C2-2
Added Pin To Net: NetName=VCC_3V3 Pin=C3-1
Added Pin To Net: NetName=GND Pin=C3-2
Added Pin To Net: NetName=GND Pin=C4-1
Added Pin To Net: NetName=VCC_3V3 Pin=C4-2
Added Pin To Net: NetName=GND Pin=C5-1
Added Pin To Net: NetName=NetC5_2 Pin=C5-2
Added Pin To Net: NetName=NetC6_1 Pin=C6-1
Added Pin To Net: NetName=GND Pin=C6-2
Added Pin To Net: NetName=GND Pin=C7-1
Added Pin To Net: NetName=NetC6_1 Pin=C7-2
Added Pin To Net: NetName=GND Pin=C8-1
Added Pin To Net: NetName=NetC6_1 Pin=C8-2
Added Pin To Net: NetName=GND Pin=C9-1
Added Pin To Net: NetName=NetC6_1 Pin=C9-2
Added Pin To Net: NetName=VCC_3V3 Pin=C10-1
Added Pin To Net: NetName=GND Pin=C10-2
Added Pin To Net: NetName=VCC_3V3 Pin=C11-1
Added Pin To Net: NetName=GND Pin=C11-2
Added Pin To Net: NetName=GND Pin=C12-1
Added Pin To Net: NetName=VCC_3V3 Pin=C12-2
Added Pin To Net: NetName=GND Pin=C13-1
Added Pin To Net: NetName=VCC_3V3 Pin=C13-2
Added Pin To Net: NetName=GND Pin=C14-1
Added Pin To Net: NetName=VCC_3V3 Pin=C14-2
Added Pin To Net: NetName=GND Pin=C15-1
Added Pin To Net: NetName=VCC_3V3 Pin=C15-2
Added Pin To Net: NetName=GND Pin=C16-1
Added Pin To Net: NetName=VCC_3V3 Pin=C16-2
Added Pin To Net: NetName=GND Pin=C17-1
Added Pin To Net: NetName=VCC_3V3 Pin=C17-2
Added Pin To Net: NetName=GND Pin=C18-1
Added Pin To Net: NetName=VCC_BAT Pin=C18-2
Added Pin To Net: NetName=NetC19_1 Pin=C19-1
Added Pin To Net: NetName=NetC19_2 Pin=C19-2
Added Pin To Net: NetName=GND Pin=C20-1
Added Pin To Net: NetName=5V0 Pin=C20-2
Added Pin To Net: NetName=GND Pin=C21-1
Added Pin To Net: NetName=5V0 Pin=C21-2
Added Pin To Net: NetName=GND Pin=C22-1
Added Pin To Net: NetName=NetC22_2 Pin=C22-2
Added Pin To Net: NetName=VCC_BAT Pin=C23-1
Added Pin To Net: NetName=ADC_BAT Pin=C23-2
Added Pin To Net: NetName=GND Pin=C24-1
Added Pin To Net: NetName=VDD Pin=C24-2
Added Pin To Net: NetName=GND Pin=C25-1
Added Pin To Net: NetName=VDD Pin=C25-2
Added Pin To Net: NetName=GND Pin=C26-1
Added Pin To Net: NetName=VCC_BAT Pin=C26-2
Added Pin To Net: NetName=VDD Pin=C27-1
Added Pin To Net: NetName=GND Pin=C27-2
Added Pin To Net: NetName=VDD Pin=C28-1
Added Pin To Net: NetName=GND Pin=C28-2
Added Pin To Net: NetName=NetC29_1 Pin=C29-1
Added Pin To Net: NetName=NetC29_2 Pin=C29-2
Added Pin To Net: NetName=NetC29_1 Pin=C30-1
Added Pin To Net: NetName=GND Pin=C30-2
Added Pin To Net: NetName=NetC29_1 Pin=C31-1
Added Pin To Net: NetName=GND Pin=C31-2
Added Pin To Net: NetName=VDD Pin=C32-1
Added Pin To Net: NetName=GND Pin=C32-2
Added Pin To Net: NetName=VCC_1V8 Pin=C33-1
Added Pin To Net: NetName=GND Pin=C33-2
Added Pin To Net: NetName=NetC34_1 Pin=C34-1
Added Pin To Net: NetName=GND Pin=C34-2
Added Pin To Net: NetName=VCC_1V8 Pin=C35-1
Added Pin To Net: NetName=NetC35_2 Pin=C35-2
Added Pin To Net: NetName=VCC_BACKUP Pin=C36-1
Added Pin To Net: NetName=GND Pin=C36-2
Added Pin To Net: NetName=VCC_BAT Pin=C37-1
Added Pin To Net: NetName=GND Pin=C37-2
Added Pin To Net: NetName=VCC_3V3_BAT Pin=C38-1
Added Pin To Net: NetName=GND Pin=C38-2
Added Pin To Net: NetName=VCC_BAT Pin=C39-1
Added Pin To Net: NetName=GND Pin=C39-2
Added Pin To Net: NetName=VCC_3V3_BAT Pin=C40-1
Added Pin To Net: NetName=NetC40_2 Pin=C40-2
Added Pin To Net: NetName=NetD1_1 Pin=D1-1
Added Pin To Net: NetName=GND Pin=D1-2
Added Pin To Net: NetName=NetC19_2 Pin=L1-1
Added Pin To Net: NetName=5V0 Pin=L1-2
Added Pin To Net: NetName=NetC19_1 Pin=L2-1
Added Pin To Net: NetName=GND Pin=L2-2
Added Pin To Net: NetName=NetL3_1 Pin=L3-1
Added Pin To Net: NetName=NetC29_1 Pin=L3-2
Added Pin To Net: NetName=TX_P Pin=LAN1-1
Added Pin To Net: NetName=TX_N Pin=LAN1-2
Added Pin To Net: NetName=RX_P Pin=LAN1-3
Added Pin To Net: NetName=VCC_3V3 Pin=LAN1-4
Added Pin To Net: NetName=VCC_3V3 Pin=LAN1-5
Added Pin To Net: NetName=RX_N Pin=LAN1-6
Added Pin To Net: NetName=NetC5_2 Pin=LAN1-8
Added Pin To Net: NetName=NetLAN1_9 Pin=LAN1-9
Added Pin To Net: NetName=LINK_LED Pin=LAN1-10
Added Pin To Net: NetName=ACT_LED Pin=LAN1-11
Added Pin To Net: NetName=NetLAN1_12 Pin=LAN1-12
Added Pin To Net: NetName=VCC_BAT Pin=P1-1
Added Pin To Net: NetName=GND Pin=P1-2
Added Pin To Net: NetName=NetC19_2 Pin=P2-1
Added Pin To Net: NetName=NetP2_2 Pin=P2-2
Added Pin To Net: NetName=NetP2_3 Pin=P2-3
Added Pin To Net: NetName=NetC19_1 Pin=P2-5
Added Pin To Net: NetName=NetC22_2 Pin=P2-6
Added Pin To Net: NetName=NetC22_2 Pin=P2-7
Added Pin To Net: NetName=NetC22_2 Pin=P2-8
Added Pin To Net: NetName=NetC22_2 Pin=P2-9
Added Pin To Net: NetName=PWRSTAT Pin=Q1-1
Added Pin To Net: NetName=VDD Pin=Q1-2
Added Pin To Net: NetName=5V0 Pin=Q1-3
Added Pin To Net: NetName=NetQ2_1 Pin=Q2-1
Added Pin To Net: NetName=VDD Pin=Q2-2
Added Pin To Net: NetName=VCC_BAT Pin=Q2-3
Added Pin To Net: NetName=RX_N Pin=R1-1
Added Pin To Net: NetName=NetC1_1 Pin=R1-2
Added Pin To Net: NetName=RX_P Pin=R2-1
Added Pin To Net: NetName=NetC1_1 Pin=R2-2
Added Pin To Net: NetName=TX_N Pin=R3-1
Added Pin To Net: NetName=NetC2_1 Pin=R3-2
Added Pin To Net: NetName=TX_P Pin=R4-1
Added Pin To Net: NetName=NetC2_1 Pin=R4-2
Added Pin To Net: NetName=NetR5_1 Pin=R5-1
Added Pin To Net: NetName=NetR5_2 Pin=R5-2
Added Pin To Net: NetName=NetR5_4 Pin=R5-4
Added Pin To Net: NetName=ETXEN Pin=R5-5
Added Pin To Net: NetName=ETX1 Pin=R5-7
Added Pin To Net: NetName=ETX0 Pin=R5-8
Added Pin To Net: NetName=NetR6_1 Pin=R6-1
Added Pin To Net: NetName=ACT_LED Pin=R6-2
Added Pin To Net: NetName=ERXDV Pin=R7-1
Added Pin To Net: NetName=ERXER Pin=R7-2
Added Pin To Net: NetName=ERX0 Pin=R7-3
Added Pin To Net: NetName=ERX1 Pin=R7-4
Added Pin To Net: NetName=NetR7_5 Pin=R7-5
Added Pin To Net: NetName=NetR7_6 Pin=R7-6
Added Pin To Net: NetName=NetR7_7 Pin=R7-7
Added Pin To Net: NetName=NetR7_8 Pin=R7-8
Added Pin To Net: NetName=NetR8_1 Pin=R8-1
Added Pin To Net: NetName=LINK_LED Pin=R8-2
Added Pin To Net: NetName=EMDC Pin=R9-1
Added Pin To Net: NetName=VCC_3V3 Pin=R9-2
Added Pin To Net: NetName=VCC_3V3 Pin=R10-1
Added Pin To Net: NetName=NetLAN1_9 Pin=R10-2
Added Pin To Net: NetName=VCC_3V3 Pin=R11-1
Added Pin To Net: NetName=EMDIO Pin=R11-2
Added Pin To Net: NetName=VCC_3V3 Pin=R12-1
Added Pin To Net: NetName=NetLAN1_12 Pin=R12-2
Added Pin To Net: NetName=NetR13_1 Pin=R13-1
Added Pin To Net: NetName=VCC_3V3 Pin=R13-2
Added Pin To Net: NetName=ETXCK Pin=R14-1
Added Pin To Net: NetName=OSC_50 Pin=R14-2
Added Pin To Net: NetName=ETXCK Pin=R15-1
Added Pin To Net: NetName=NetR15_2 Pin=R15-2
Added Pin To Net: NetName=VCC_3V3 Pin=R16-1
Added Pin To Net: NetName=NetR16_2 Pin=R16-2
Added Pin To Net: NetName=VCC_3V3 Pin=R17-1
Added Pin To Net: NetName=NetR17_2 Pin=R17-2
Added Pin To Net: NetName=GND Pin=R18-1
Added Pin To Net: NetName=NetR18_2 Pin=R18-2
Added Pin To Net: NetName=5V0 Pin=R19-1
Added Pin To Net: NetName=NetR19_2 Pin=R19-2
Added Pin To Net: NetName=5V0 Pin=R20-1
Added Pin To Net: NetName=NetR20_2 Pin=R20-2
Added Pin To Net: NetName=NetD1_1 Pin=R21-1
Added Pin To Net: NetName=5V0 Pin=R21-2
Added Pin To Net: NetName=VBUS Pin=R22-1
Added Pin To Net: NetName=5V0 Pin=R22-2
Added Pin To Net: NetName=ADC_BAT Pin=R23-1
Added Pin To Net: NetName=VCC_BAT Pin=R23-2
Added Pin To Net: NetName=GND Pin=R24-1
Added Pin To Net: NetName=VBUS Pin=R24-2
Added Pin To Net: NetName=GND Pin=R25-1
Added Pin To Net: NetName=ADC_BAT Pin=R25-2
Added Pin To Net: NetName=PWRSTAT Pin=R26-1
Added Pin To Net: NetName=VDD Pin=R26-2
Added Pin To Net: NetName=GND Pin=R27-1
Added Pin To Net: NetName=NetR27_2 Pin=R27-2
Added Pin To Net: NetName=VCC_3V3 Pin=R28-1
Added Pin To Net: NetName=NetC29_1 Pin=R28-2
Added Pin To Net: NetName=LBI Pin=R29-1
Added Pin To Net: NetName=VCC_BAT Pin=R29-2
Added Pin To Net: NetName=LBI Pin=R30-1
Added Pin To Net: NetName=GND Pin=R30-2
Added Pin To Net: NetName=REG_LBO Pin=R31-1
Added Pin To Net: NetName=NetC29_1 Pin=R31-2
Added Pin To Net: NetName=NetC29_1 Pin=R32-1
Added Pin To Net: NetName=REG_PG Pin=R32-2
Added Pin To Net: NetName=NetC29_2 Pin=R33-1
Added Pin To Net: NetName=NetC29_1 Pin=R33-2
Added Pin To Net: NetName=SYNC Pin=R34-1
Added Pin To Net: NetName=VDD Pin=R34-2
Added Pin To Net: NetName=SYNC Pin=R35-1
Added Pin To Net: NetName=GND Pin=R35-2
Added Pin To Net: NetName=GND Pin=R36-1
Added Pin To Net: NetName=NetC29_2 Pin=R36-2
Added Pin To Net: NetName=SYNC Pin=R37-1
Added Pin To Net: NetName=REG_SYNC Pin=R37-2
Added Pin To Net: NetName=REG_LBO Pin=R38-1
Added Pin To Net: NetName=LBI Pin=R38-2
Added Pin To Net: NetName=NetC34_1 Pin=R39-1
Added Pin To Net: NetName=VCC_BAT Pin=R39-2
Added Pin To Net: NetName=NetC34_1 Pin=R40-1
Added Pin To Net: NetName=VCC_3V3 Pin=R40-2
Added Pin To Net: NetName=NetR41_1 Pin=R41-1
Added Pin To Net: NetName=NetC34_1 Pin=R41-2
Added Pin To Net: NetName=NetC35_2 Pin=R42-1
Added Pin To Net: NetName=VCC_1V8 Pin=R42-2
Added Pin To Net: NetName=NetR43_1 Pin=R43-1
Added Pin To Net: NetName=VCC_BAT Pin=R43-2
Added Pin To Net: NetName=GND Pin=R44-1
Added Pin To Net: NetName=NetC35_2 Pin=R44-2
Added Pin To Net: NetName=NetR45_1 Pin=R45-1
Added Pin To Net: NetName=VCC_BACKUP Pin=R45-2
Added Pin To Net: NetName=GND Pin=R46-1
Added Pin To Net: NetName=NetR45_1 Pin=R46-2
Added Pin To Net: NetName=NetR47_1 Pin=R47-1
Added Pin To Net: NetName=VCC_BAT Pin=R47-2
Added Pin To Net: NetName=NetC40_2 Pin=R48-1
Added Pin To Net: NetName=VCC_3V3_BAT Pin=R48-2
Added Pin To Net: NetName=GND Pin=R49-1
Added Pin To Net: NetName=NetC40_2 Pin=R49-2
Added Pin To Net: NetName=VDD Pin=S1-1
Added Pin To Net: NetName=PWE_EN Pin=S1-2
Added Pin To Net: NetName=GND Pin=S1-3
Added Pin To Net: NetName=GND Pin=TP1-1
Added Pin To Net: NetName=VDD Pin=TP2-1
Added Pin To Net: NetName=VCC_BAT Pin=TP3-1
Added Pin To Net: NetName=NetC29_1 Pin=TP4-1
Added Pin To Net: NetName=GND Pin=TP5-1
Added Pin To Net: NetName=NetR5_4 Pin=U1-2
Added Pin To Net: NetName=NetR5_1 Pin=U1-3
Added Pin To Net: NetName=NetR5_2 Pin=U1-4
Added Pin To Net: NetName=EMDINTR Pin=U1-7
Added Pin To Net: NetName=TX_P Pin=U1-13
Added Pin To Net: NetName=TX_N Pin=U1-14
Added Pin To Net: NetName=GND Pin=U1-15
Added Pin To Net: NetName=RX_P Pin=U1-16
Added Pin To Net: NetName=RX_N Pin=U1-17
Added Pin To Net: NetName=NetC6_1 Pin=U1-18
Added Pin To Net: NetName=GND Pin=U1-19
Added Pin To Net: NetName=NetR17_2 Pin=U1-20
Added Pin To Net: NetName=NetR16_2 Pin=U1-21
Added Pin To Net: NetName=VCC_3V3 Pin=U1-22
Added Pin To Net: NetName=NetC6_1 Pin=U1-23
Added Pin To Net: NetName=NetR18_2 Pin=U1-24
Added Pin To Net: NetName=NetR15_2 Pin=U1-25
Added Pin To Net: NetName=NetR6_1 Pin=U1-26
Added Pin To Net: NetName=NetR8_1 Pin=U1-28
Added Pin To Net: NetName=NRST Pin=U1-29
Added Pin To Net: NetName=EMDIO Pin=U1-30
Added Pin To Net: NetName=EMDC Pin=U1-31
Added Pin To Net: NetName=VCC_3V3 Pin=U1-32
Added Pin To Net: NetName=OSC_50 Pin=U1-34
Added Pin To Net: NetName=GND Pin=U1-35
Added Pin To Net: NetName=GND Pin=U1-36
Added Pin To Net: NetName=NetC6_1 Pin=U1-37
Added Pin To Net: NetName=NetR13_1 Pin=U1-39
Added Pin To Net: NetName=NetR7_8 Pin=U1-40
Added Pin To Net: NetName=NetR7_7 Pin=U1-41
Added Pin To Net: NetName=NetR7_6 Pin=U1-43
Added Pin To Net: NetName=NetR7_5 Pin=U1-44
Added Pin To Net: NetName=GND Pin=U1-47
Added Pin To Net: NetName=VCC_3V3 Pin=U1-48
Added Pin To Net: NetName=VCC_3V3 Pin=U2-1
Added Pin To Net: NetName=GND Pin=U2-2
Added Pin To Net: NetName=OSC_50 Pin=U2-3
Added Pin To Net: NetName=VCC_3V3 Pin=U2-4
Added Pin To Net: NetName=NetR19_2 Pin=U3-1
Added Pin To Net: NetName=GND Pin=U3-2
Added Pin To Net: NetName=C\H\G\ Pin=U3-3
Added Pin To Net: NetName=NetR20_2 Pin=U3-4
Added Pin To Net: NetName=VCC_BAT Pin=U3-5
Added Pin To Net: NetName=USB_P Pin=U4-1
Added Pin To Net: NetName=NetC19_1 Pin=U4-2
Added Pin To Net: NetName=USB_N Pin=U4-3
Added Pin To Net: NetName=NetP2_2 Pin=U4-4
Added Pin To Net: NetName=NetC19_2 Pin=U4-5
Added Pin To Net: NetName=NetP2_3 Pin=U4-6
Added Pin To Net: NetName=VCC_BAT Pin=U5-1
Added Pin To Net: NetName=GND Pin=U5-2
Added Pin To Net: NetName=NetR27_2 Pin=U5-3
Added Pin To Net: NetName=PWRSTAT Pin=U5-4
Added Pin To Net: NetName=NetQ2_1 Pin=U5-5
Added Pin To Net: NetName=VDD Pin=U5-6
Added Pin To Net: NetName=GND Pin=U6-1
Added Pin To Net: NetName=VDD Pin=U6-2
Added Pin To Net: NetName=VDD Pin=U6-3
Added Pin To Net: NetName=PWE_EN Pin=U6-4
Added Pin To Net: NetName=SYNC Pin=U6-5
Added Pin To Net: NetName=REG_LBO Pin=U6-6
Added Pin To Net: NetName=LBI Pin=U6-7
Added Pin To Net: NetName=VDD Pin=U6-8
Added Pin To Net: NetName=GND Pin=U6-9
Added Pin To Net: NetName=NetC29_2 Pin=U6-10
Added Pin To Net: NetName=GND Pin=U6-11
Added Pin To Net: NetName=GND Pin=U6-12
Added Pin To Net: NetName=REG_PG Pin=U6-13
Added Pin To Net: NetName=NetL3_1 Pin=U6-14
Added Pin To Net: NetName=NetL3_1 Pin=U6-15
Added Pin To Net: NetName=GND Pin=U6-16
Added Pin To Net: NetName=GND Pin=U6-17
Added Pin To Net: NetName=NetC34_1 Pin=U7-1
Added Pin To Net: NetName=GND Pin=U7-2
Added Pin To Net: NetName=NetR41_1 Pin=U7-3
Added Pin To Net: NetName=NetC35_2 Pin=U7-4
Added Pin To Net: NetName=VCC_1V8 Pin=U7-5
Added Pin To Net: NetName=VCC_BAT Pin=U8-1
Added Pin To Net: NetName=GND Pin=U8-2
Added Pin To Net: NetName=NetR43_1 Pin=U8-3
Added Pin To Net: NetName=NetR45_1 Pin=U8-4
Added Pin To Net: NetName=VCC_BACKUP Pin=U8-5
Added Pin To Net: NetName=VCC_BAT Pin=U9-1
Added Pin To Net: NetName=GND Pin=U9-2
Added Pin To Net: NetName=NetR47_1 Pin=U9-3
Added Pin To Net: NetName=NetC40_2 Pin=U9-4
Added Pin To Net: NetName=VCC_3V3_BAT Pin=U9-5
Added Pin To Net: NetName=AD0 Pin=U10-67
Added Class: Name=Programmer-JTAG
Added Member To Class: ClassName=Network Member=Component C1 Cap
Added Member To Class: ClassName=Network Member=Component C2 Cap
Added Member To Class: ClassName=Network Member=Component C3 Cap
Added Member To Class: ClassName=Network Member=Component C4 Cap
Added Member To Class: ClassName=Network Member=Component C5 Cap
Added Member To Class: ClassName=Network Member=Component C6 Cap Pol3
Added Member To Class: ClassName=Network Member=Component C7 Cap
Added Member To Class: ClassName=Network Member=Component C8 Cap
Added Member To Class: ClassName=Network Member=Component C9 Cap
Added Member To Class: ClassName=Network Member=Component C10 Cap Pol3
Added Member To Class: ClassName=Network Member=Component C11 Cap Pol3
Added Member To Class: ClassName=Network Member=Component C12 Cap
Added Member To Class: ClassName=Network Member=Component C13 Cap
Added Member To Class: ClassName=Network Member=Component C14 Cap
Added Member To Class: ClassName=Network Member=Component C15 Cap
Added Member To Class: ClassName=Network Member=Component C16 Cap
Added Member To Class: ClassName=Network Member=Component C17 Cap
Added Member To Class: ClassName=Power Member=Component C18 Cap
Added Member To Class: ClassName=Power Member=Component C19 Cap
Added Member To Class: ClassName=Power Member=Component C20 Cap
Added Member To Class: ClassName=Power Member=Component C21 Cap
Added Member To Class: ClassName=Power Member=Component C22 Cap
Added Member To Class: ClassName=Power Member=Component C23 Cap Semi
Added Member To Class: ClassName=Power Member=Component C24 Cap
Added Member To Class: ClassName=Power Member=Component C25 Cap
Added Member To Class: ClassName=Power Member=Component C26 Cap
Added Member To Class: ClassName=Regulator Member=Component C27 Cap Semi
Added Member To Class: ClassName=Regulator Member=Component C28 Cap Semi
Added Member To Class: ClassName=Regulator Member=Component C29 Cap Semi
Added Member To Class: ClassName=Regulator Member=Component C30 Cap Semi
Added Member To Class: ClassName=Regulator Member=Component C31 Cap Semi
Added Member To Class: ClassName=Regulator Member=Component C32 Cap Semi
Added Member To Class: ClassName=Regulator Member=Component C33 Cap Semi
Added Member To Class: ClassName=Regulator Member=Component C34 Cap Semi
Added Member To Class: ClassName=Regulator Member=Component C35 Cap Semi
Added Member To Class: ClassName=Regulator Member=Component C36 Cap Semi
Added Member To Class: ClassName=Regulator Member=Component C37 Cap Semi
Added Member To Class: ClassName=Regulator Member=Component C38 Cap Semi
Added Member To Class: ClassName=Regulator Member=Component C39 Cap Semi
Added Member To Class: ClassName=Regulator Member=Component C40 Cap Semi
Added Member To Class: ClassName=Power Member=Component D1 LED0
Added Member To Class: ClassName=PCI-connector Member=Component J1 PCI-32bit-5/3.3V-V2.2
Added Member To Class: ClassName=Power Member=Component L1 Ferrite Bead
Added Member To Class: ClassName=Power Member=Component L2 Ferrite Bead
Added Member To Class: ClassName=Regulator Member=Component L3 TMPC0603H-100MG-D
Added Member To Class: ClassName=Network Member=Component LAN1 Ethernet RJ45
Added Member To Class: ClassName=Power Member=Component P1 Header 2
Added Member To Class: ClassName=Power Member=Component P2 USB Serial
Added Member To Class: ClassName=Power Member=Component Q1 IRLML6401
Added Member To Class: ClassName=Power Member=Component Q2 IRLML6401
Added Member To Class: ClassName=Network Member=Component R1 Res Semi
Added Member To Class: ClassName=Network Member=Component R2 Res Semi
Added Member To Class: ClassName=Network Member=Component R3 Res Semi
Added Member To Class: ClassName=Network Member=Component R4 Res Semi
Added Member To Class: ClassName=Network Member=Component R5 ChipArray_4x
Added Member To Class: ClassName=Network Member=Component R6 Res Semi
Added Member To Class: ClassName=Network Member=Component R7 ChipArray_4x
Added Member To Class: ClassName=Network Member=Component R8 Res Semi
Added Member To Class: ClassName=Network Member=Component R9 Res Semi
Added Member To Class: ClassName=Network Member=Component R10 Res Semi
Added Member To Class: ClassName=Network Member=Component R11 Res Semi
Added Member To Class: ClassName=Network Member=Component R12 Res Semi
Added Member To Class: ClassName=Network Member=Component R13 Res Semi
Added Member To Class: ClassName=Network Member=Component R14 Res Semi
Added Member To Class: ClassName=Network Member=Component R15 Res Semi
Added Member To Class: ClassName=Network Member=Component R16 Res Semi
Added Member To Class: ClassName=Network Member=Component R17 Res Semi
Added Member To Class: ClassName=Network Member=Component R18 Res Semi
Added Member To Class: ClassName=Power Member=Component R19 Res Semi
Added Member To Class: ClassName=Power Member=Component R20 Res Semi
Added Member To Class: ClassName=Power Member=Component R21 Res Semi
Added Member To Class: ClassName=Power Member=Component R22 Res Semi
Added Member To Class: ClassName=Power Member=Component R23 Res Semi
Added Member To Class: ClassName=Power Member=Component R24 Res Semi
Added Member To Class: ClassName=Power Member=Component R25 Res Semi
Added Member To Class: ClassName=Power Member=Component R26 Res Semi
Added Member To Class: ClassName=Power Member=Component R27 Res Semi
Added Member To Class: ClassName=Regulator Member=Component R28 Res1
Added Member To Class: ClassName=Regulator Member=Component R29 Res1
Added Member To Class: ClassName=Regulator Member=Component R30 Res1
Added Member To Class: ClassName=Regulator Member=Component R31 Res1
Added Member To Class: ClassName=Regulator Member=Component R32 Res1
Added Member To Class: ClassName=Regulator Member=Component R33 Res1
Added Member To Class: ClassName=Regulator Member=Component R34 Res1
Added Member To Class: ClassName=Regulator Member=Component R35 Res1
Added Member To Class: ClassName=Regulator Member=Component R36 Res1
Added Member To Class: ClassName=Regulator Member=Component R37 Res1
Added Member To Class: ClassName=Regulator Member=Component R38 Res1
Added Member To Class: ClassName=Regulator Member=Component R39 Res1
Added Member To Class: ClassName=Regulator Member=Component R40 Res1
Added Member To Class: ClassName=Regulator Member=Component R41 Res1
Added Member To Class: ClassName=Regulator Member=Component R42 Res1
Added Member To Class: ClassName=Regulator Member=Component R43 Res1
Added Member To Class: ClassName=Regulator Member=Component R44 Res1
Added Member To Class: ClassName=Regulator Member=Component R45 Res1
Added Member To Class: ClassName=Regulator Member=Component R46 Res1
Added Member To Class: ClassName=Regulator Member=Component R47 Res1
Added Member To Class: ClassName=Regulator Member=Component R48 Res1
Added Member To Class: ClassName=Regulator Member=Component R49 Res1
Added Member To Class: ClassName=Regulator Member=Component S1 SW-SPDT
Added Member To Class: ClassName=Power Member=Component TP1 TP
Added Member To Class: ClassName=Power Member=Component TP2 TP
Added Member To Class: ClassName=Power Member=Component TP3 TP
Added Member To Class: ClassName=Regulator Member=Component TP4 TP
Added Member To Class: ClassName=Regulator Member=Component TP5 TP
Added Member To Class: ClassName=Network Member=Component U1 DP83848C
Added Member To Class: ClassName=Network Member=Component U2 Oscillator
Added Member To Class: ClassName=Power Member=Component U3 MAX1555
Added Member To Class: ClassName=Power Member=Component U4 PRTR5V0U2D
Added Member To Class: ClassName=Power Member=Component U5 LTC4412
Added Member To Class: ClassName=Regulator Member=Component U6 Buck converter
Added Member To Class: ClassName=Regulator Member=Component U7 TPS73601
Added Member To Class: ClassName=Regulator Member=Component U8 TPS76301
Added Member To Class: ClassName=Regulator Member=Component U9 TPS73601
Added Member To Class: ClassName=Spartan6-IO Member=Component U10 XC6SLX9-2TQG144
Added Room: Name=Network
Added Room: Name=PCI-connector
Added Room: Name=Power
Added Room: Name=Programmer-JTAG
Added Room: Name=Regulator
Added Room: Name=Spartan6-IO
