Removed Pin From Net: NetName=AD8 Pin=U5-2
Removed Pin From Net: NetName=C/BE0 Pin=U5-3
Removed Pin From Net: NetName=AD7 Pin=U5-4
Removed Pin From Net: NetName=AD6 Pin=U5-5
Removed Pin From Net: NetName=AD5 Pin=U5-6
Removed Pin From Net: NetName=AD4 Pin=U5-7
Removed Pin From Net: NetName=AD3 Pin=U5-9
Removed Pin From Net: NetName=AD2 Pin=U5-10
Removed Pin From Net: NetName=AD1 Pin=U5-11
Removed Pin From Net: NetName=AD0 Pin=U5-12
Removed Pin From Net: NetName=B_AD0 Pin=U5-36
Removed Pin From Net: NetName=B_AD1 Pin=U5-37
Removed Pin From Net: NetName=B_AD2 Pin=U5-38
Removed Pin From Net: NetName=B_AD3 Pin=U5-39
Removed Pin From Net: NetName=B_AD4 Pin=U5-40
Removed Pin From Net: NetName=B_AD5 Pin=U5-42
Removed Pin From Net: NetName=B_AD6 Pin=U5-43
Removed Pin From Net: NetName=B_AD7 Pin=U5-44
Removed Pin From Net: NetName=B_C/BE0 Pin=U5-45
Removed Pin From Net: NetName=B_AD8 Pin=U5-46
Added Pin To Net: NetName=AD8 Pin=U5-13
Added Pin To Net: NetName=C/BE0 Pin=U5-14
Added Pin To Net: NetName=AD7 Pin=U5-16
Added Pin To Net: NetName=AD6 Pin=U5-18
Added Pin To Net: NetName=AD5 Pin=U5-19
Added Pin To Net: NetName=AD4 Pin=U5-20
Added Pin To Net: NetName=AD3 Pin=U5-21
Added Pin To Net: NetName=AD2 Pin=U5-22
Added Pin To Net: NetName=AD1 Pin=U5-23
Added Pin To Net: NetName=AD0 Pin=U5-24
Added Pin To Net: NetName=B_AD0 Pin=U5-25
Added Pin To Net: NetName=B_AD1 Pin=U5-26
Added Pin To Net: NetName=B_AD2 Pin=U5-27
Added Pin To Net: NetName=B_AD3 Pin=U5-28
Added Pin To Net: NetName=B_AD4 Pin=U5-29
Added Pin To Net: NetName=B_AD5 Pin=U5-30
Added Pin To Net: NetName=B_AD6 Pin=U5-31
Added Pin To Net: NetName=B_AD7 Pin=U5-33
Added Pin To Net: NetName=B_C/BE0 Pin=U5-34
Added Pin To Net: NetName=B_AD8 Pin=U5-35
Added Pin To Net: NetName=C/BE3 Pin=U6-18
Added Pin To Net: NetName=AD15 Pin=U7-18
